   Compiling mach v0.0.1 (file:///Users/bryan/Code/Rust/mach)
     Running target/debug/lib-aeeb6db73ca1aa08

running 104 tests
test integration_tests::cube_systems_test::colliding_two_cubes ... [RENDERABLE]
[NEW] RigidBody[1]: Pos=[0, 3, 0], Rot=[1, 0, 0, 0], Vel=[0, -1, 0], AngVel=[0, 0, 0], Shape=Cube{ w=1, h=1, d=1 }
[NEW] RigidBody[2]: Pos=[0, -3, 0], Rot=[0.87758255, 0.33900505, 0.33900505, 0], Vel=[0, 1, 0], AngVel=[0, 0, 0], Shape=Cube{ w=1, h=1, d=1 }
[FRAME] NEW step=0.1
[FRAME] RigidBody[1]: Pos=[0, 2.9, 0], Rot=[1, 0, 0, 0], Vel=[0, -1, 0], AngVel=[0, 0, 0]
[FRAME] RigidBody[2]: Pos=[0, -2.9, 0], Rot=[0.87758255, 0.33900505, 0.33900505, 0], Vel=[0, 1, 0], AngVel=[0, 0, 0]
[FRAME] NEW step=0.1
[FRAME] RigidBody[1]: Pos=[0, 2.8000002, 0], Rot=[1, 0, 0, 0], Vel=[0, -1, 0], AngVel=[0, 0, 0]
[FRAME] RigidBody[2]: Pos=[0, -2.8000002, 0], Rot=[0.87758255, 0.33900505, 0.33900505, 0], Vel=[0, 1, 0], AngVel=[0, 0, 0]
[FRAME] NEW step=0.1
[FRAME] RigidBody[1]: Pos=[0, 2.7000003, 0], Rot=[1, 0, 0, 0], Vel=[0, -1, 0], AngVel=[0, 0, 0]
[FRAME] RigidBody[2]: Pos=[0, -2.7000003, 0], Rot=[0.87758255, 0.33900505, 0.33900505, 0], Vel=[0, 1, 0], AngVel=[0, 0, 0]
[FRAME] NEW step=0.1
[FRAME] RigidBody[1]: Pos=[0, 2.6000004, 0], Rot=[1, 0, 0, 0], Vel=[0, -1, 0], AngVel=[0, 0, 0]
[FRAME] RigidBody[2]: Pos=[0, -2.6000004, 0], Rot=[0.87758255, 0.33900505, 0.33900505, 0], Vel=[0, 1, 0], AngVel=[0, 0, 0]
[FRAME] NEW step=0.1
[FRAME] RigidBody[1]: Pos=[0, 2.5000005, 0], Rot=[1, 0, 0, 0], Vel=[0, -1, 0], AngVel=[0, 0, 0]
[FRAME] RigidBody[2]: Pos=[0, -2.5000005, 0], Rot=[0.87758255, 0.33900505, 0.33900505, 0], Vel=[0, 1, 0], AngVel=[0, 0, 0]
[FRAME] NEW step=0.1
[FRAME] RigidBody[1]: Pos=[0, 2.4000006, 0], Rot=[1, 0, 0, 0], Vel=[0, -1, 0], AngVel=[0, 0, 0]
[FRAME] RigidBody[2]: Pos=[0, -2.4000006, 0], Rot=[0.87758255, 0.33900505, 0.33900505, 0], Vel=[0, 1, 0], AngVel=[0, 0, 0]
[FRAME] NEW step=0.1
[FRAME] RigidBody[1]: Pos=[0, 2.3000007, 0], Rot=[1, 0, 0, 0], Vel=[0, -1, 0], AngVel=[0, 0, 0]
[FRAME] RigidBody[2]: Pos=[0, -2.3000007, 0], Rot=[0.87758255, 0.33900505, 0.33900505, 0], Vel=[0, 1, 0], AngVel=[0, 0, 0]
[FRAME] NEW step=0.1
[FRAME] RigidBody[1]: Pos=[0, 2.2000008, 0], Rot=[1, 0, 0, 0], Vel=[0, -1, 0], AngVel=[0, 0, 0]
[FRAME] RigidBody[2]: Pos=[0, -2.2000008, 0], Rot=[0.87758255, 0.33900505, 0.33900505, 0], Vel=[0, 1, 0], AngVel=[0, 0, 0]
[FRAME] NEW step=0.1
[FRAME] RigidBody[1]: Pos=[0, 2.1000009, 0], Rot=[1, 0, 0, 0], Vel=[0, -1, 0], AngVel=[0, 0, 0]
[FRAME] RigidBody[2]: Pos=[0, -2.1000009, 0], Rot=[0.87758255, 0.33900505, 0.33900505, 0], Vel=[0, 1, 0], AngVel=[0, 0, 0]
[FRAME] NEW step=0.1
[FRAME] RigidBody[1]: Pos=[0, 2.000001, 0], Rot=[1, 0, 0, 0], Vel=[0, -1, 0], AngVel=[0, 0, 0]
[FRAME] RigidBody[2]: Pos=[0, -2.000001, 0], Rot=[0.87758255, 0.33900505, 0.33900505, 0], Vel=[0, 1, 0], AngVel=[0, 0, 0]
[FRAME] NEW step=0.1
[FRAME] RigidBody[1]: Pos=[0, 1.9000009, 0], Rot=[1, 0, 0, 0], Vel=[0, -1, 0], AngVel=[0, 0, 0]
[FRAME] RigidBody[2]: Pos=[0, -1.9000009, 0], Rot=[0.87758255, 0.33900505, 0.33900505, 0], Vel=[0, 1, 0], AngVel=[0, 0, 0]
[FRAME] NEW step=0.1
[FRAME] RigidBody[1]: Pos=[0, 1.8000009, 0], Rot=[1, 0, 0, 0], Vel=[0, -1, 0], AngVel=[0, 0, 0]
[FRAME] RigidBody[2]: Pos=[0, -1.8000009, 0], Rot=[0.87758255, 0.33900505, 0.33900505, 0], Vel=[0, 1, 0], AngVel=[0, 0, 0]
[FRAME] NEW step=0.1
[FRAME] RigidBody[1]: Pos=[0, 1.7000009, 0], Rot=[1, 0, 0, 0], Vel=[0, -1, 0], AngVel=[0, 0, 0]
[FRAME] RigidBody[2]: Pos=[0, -1.7000009, 0], Rot=[0.87758255, 0.33900505, 0.33900505, 0], Vel=[0, 1, 0], AngVel=[0, 0, 0]
[FRAME] NEW step=0.1
[FRAME] RigidBody[1]: Pos=[0, 1.6000009, 0], Rot=[1, 0, 0, 0], Vel=[0, -1, 0], AngVel=[0, 0, 0]
[FRAME] RigidBody[2]: Pos=[0, -1.6000009, 0], Rot=[0.87758255, 0.33900505, 0.33900505, 0], Vel=[0, 1, 0], AngVel=[0, 0, 0]
[FRAME] NEW step=0.1
[FRAME] RigidBody[1]: Pos=[0, 1.5000008, 0], Rot=[1, 0, 0, 0], Vel=[0, -1, 0], AngVel=[0, 0, 0]
[FRAME] RigidBody[2]: Pos=[0, -1.5000008, 0], Rot=[0.87758255, 0.33900505, 0.33900505, 0], Vel=[0, 1, 0], AngVel=[0, 0, 0]
[FRAME] NEW step=0.1
[FRAME] RigidBody[1]: Pos=[0, 1.4000008, 0], Rot=[1, 0, 0, 0], Vel=[0, -1, 0], AngVel=[0, 0, 0]
[FRAME] RigidBody[2]: Pos=[0, -1.4000008, 0], Rot=[0.87758255, 0.33900505, 0.33900505, 0], Vel=[0, 1, 0], AngVel=[0, 0, 0]
[FRAME] NEW step=0.1
[FRAME] RigidBody[1]: Pos=[0, 1.3000008, 0], Rot=[1, 0, 0, 0], Vel=[0, -1, 0], AngVel=[0, 0, 0]
[FRAME] RigidBody[2]: Pos=[0, -1.3000008, 0], Rot=[0.87758255, 0.33900505, 0.33900505, 0], Vel=[0, 1, 0], AngVel=[0, 0, 0]
[FRAME] NEW step=0.1
[FRAME] RigidBody[1]: Pos=[0, 1.2000008, 0], Rot=[1, 0, 0, 0], Vel=[0, -1, 0], AngVel=[0, 0, 0]
[FRAME] RigidBody[2]: Pos=[0, -1.2000008, 0], Rot=[0.87758255, 0.33900505, 0.33900505, 0], Vel=[0, 1, 0], AngVel=[0, 0, 0]
[FRAME] NEW step=0.1
[FRAME] RigidBody[1]: Pos=[0, 1.1000007, 0], Rot=[1, 0, 0, 0], Vel=[0, -1, 0], AngVel=[0, 0, 0]
[FRAME] RigidBody[2]: Pos=[0, -1.1000007, 0], Rot=[0.87758255, 0.33900505, 0.33900505, 0], Vel=[0, 1, 0], AngVel=[0, 0, 0]
[FRAME] NEW step=0.1
[FRAME] RigidBody[1]: Pos=[0, 1.0000007, 0], Rot=[1, 0, 0, 0], Vel=[0, -1, 0], AngVel=[0, 0, 0]
[FRAME] RigidBody[2]: Pos=[0, -1.0000007, 0], Rot=[0.87758255, 0.33900505, 0.33900505, 0], Vel=[0, 1, 0], AngVel=[0, 0, 0]
[FRAME] NEW step=0.1
[FRAME] RigidBody[1]: Pos=[0, 0.9000007, 0], Rot=[1, 0, 0, 0], Vel=[0, -1, 0], AngVel=[0, 0, 0]
[FRAME] RigidBody[2]: Pos=[0, -0.9000007, 0], Rot=[0.87758255, 0.33900505, 0.33900505, 0], Vel=[0, 1, 0], AngVel=[0, 0, 0]
[FRAME] NEW step=0.1
[FRAME] RigidBody[1]: Pos=[0, 0.80000067, 0], Rot=[1, 0, 0, 0], Vel=[0, -1, 0], AngVel=[0, 0, 0]
[FRAME] RigidBody[2]: Pos=[0, -0.80000067, 0], Rot=[0.87758255, 0.33900505, 0.33900505, 0], Vel=[0, 1, 0], AngVel=[0, 0, 0]
[FRAME] NEW step=0.1
[FRAME] RigidBody[1]: Pos=[0, 0.70000064, 0], Rot=[1, 0, 0, 0], Vel=[0, -1, 0], AngVel=[0, 0, 0]
[FRAME] RigidBody[2]: Pos=[0, -0.70000064, 0], Rot=[0.87758255, 0.33900505, 0.33900505, 0], Vel=[0, 1, 0], AngVel=[0, 0, 0]
[FRAME] NEW step=0.1
CONTACTS FOUND (1)
[FRAME] RigidBody[1]: Pos=[0, 0.67788, 0], Rot=[0.99638927, 0.06793671, 0, 0.05092278], Vel=[0, 0.5836109, 0], AngVel=[2.5668857, 0, 1.9240403]
[FRAME] RigidBody[2]: Pos=[0, -0.67788, 0], Rot=[0.88833386, 0.3174618, 0.3300428, -0.03395182], Vel=[0, -0.5836109, 0], AngVel=[-1.2834429, 0, -0.96202016]
[FRAME] NEW step=0.1
[FRAME] RigidBody[1]: Pos=[0, 0.7362411, 0], Rot=[0.97036797, 0.19334626, 0.00000000045978438, 0.14492503], Vel=[0, 0.5836109, 0], AngVel=[2.5668857, 0, 1.9240403]
[FRAME] RigidBody[2]: Pos=[0, -0.7362411, 0], Rot=[0.90416986, 0.27544647, 0.31159335, -0.09754792], Vel=[0, -0.5836109, 0], AngVel=[-1.2834429, 0, -0.96202016]
[FRAME] NEW step=0.1
[FRAME] RigidBody[1]: Pos=[0, 0.7946022, 0], Rot=[0.91985357, 0.31387553, 0.0000000022931193, 0.23526922], Vel=[0, 0.5836109, 0], AngVel=[2.5668857, 0, 1.9240403]
[FRAME] RigidBody[2]: Pos=[0, -0.7946022, 0], Rot=[0.9142185, 0.23166811, 0.29114947, -0.16051964], Vel=[0, -0.5836109, 0], AngVel=[-1.2834429, 0, -0.96202016]
[FRAME] NEW step=0.1
[FRAME] RigidBody[1]: Pos=[0, 0.8529633, 0], Rot=[0.8461211, 0.42648223, 0.00000000042504128, 0.31967494], Vel=[0, 0.5836109, 0], AngVel=[2.5668857, 0, 1.9240403]
[FRAME] RigidBody[2]: Pos=[0, -0.8529633, 0], Rot=[0.9184151, 0.18640684, 0.26884192, -0.22246388], Vel=[0, -0.5836109, 0], AngVel=[-1.2834429, 0, -0.96202016]
[FRAME] NEW step=0.1
[FRAME] RigidBody[1]: Pos=[0, 0.91132444, 0], Rot=[0.7510316, 0.52832407, 0.00000000041967702, 0.3960117], Vel=[0, 0.5836109, 0], AngVel=[2.5668857, 0, 1.9240403]
[FRAME] RigidBody[2]: Pos=[0, -0.91132444, 0], Rot=[0.9167331, 0.13995238, 0.24481355, -0.2829841], Vel=[0, -0.5836109, 0], AngVel=[-1.2834429, 0, -0.96202016]
[FRAME] NEW step=0.1
[FRAME] RigidBody[1]: Pos=[0, 0.96968555, 0], Rot=[0.6369852, 0.6168304, 0.0000000040926555, 0.46235272], Vel=[0, 0.5836109, 0], AngVel=[2.5668857, 0, 1.9240403]
[FRAME] RigidBody[2]: Pos=[0, -0.96968555, 0], Rot=[0.9091832, 0.09260211, 0.21921816, -0.34169304], Vel=[0, -0.5836109, 0], AngVel=[-1.2834429, 0, -0.96202016]
[FRAME] NEW step=0.1
[FRAME] RigidBody[1]: Pos=[0, 1.0280466, 0], Rot=[0.5068607, 0.68976736, 0.000000004041004, 0.51702344], Vel=[0, 0.5836109, 0], AngVel=[2.5668857, 0, 1.9240403]
[FRAME] RigidBody[2]: Pos=[0, -1.0280466, 0], Rot=[0.89581364, 0.044659104, 0.19221956, -0.3982148], Vel=[0, -0.5836109, 0], AngVel=[-1.2834429, 0, -0.96202016]
[FRAME] NEW step=0.1
[FRAME] RigidBody[1]: Pos=[0, 1.0864077, 0], Rot=[0.3639424, 0.7452938, 0.000000011346555, 0.55864394], Vel=[0, 0.5836109, 0], AngVel=[2.5668857, 0, 1.9240403]
[FRAME] RigidBody[2]: Pos=[0, -1.0864077, 0], Rot=[0.8767102, -0.0035697608, 0.16399059, -0.45218766], Vel=[0, -0.5836109, 0], AngVel=[-1.2834429, 0, -0.96202016]
[FRAME] NEW step=0.1
[FRAME] RigidBody[1]: Pos=[0, 1.1447687, 0], Rot=[0.21183787, 0.78200823, 0.000000018559904, 0.5861637], Vel=[0, 0.5836109, 0], AngVel=[2.5668857, 0, 1.9240403]
[FRAME] RigidBody[2]: Pos=[0, -1.1447687, 0], Rot=[0.8519949, -0.051775776, 0.1347119, -0.50326604], Vel=[0, -0.5836109, 0], AngVel=[-1.2834429, 0, -0.96202016]
[FRAME] NEW step=0.1
[FRAME] RigidBody[1]: Pos=[0, 1.2031298, 0], Rot=[0.0543863, 0.79898393, 0.000000025682217, 0.59888804], Vel=[0, 0.5836109, 0], AngVel=[2.5668857, 0, 1.9240403]
[FRAME] RigidBody[2]: Pos=[0, -1.2031298, 0], Rot=[0.8218261, -0.09965039, 0.10457097, -0.55112314], Vel=[0, -0.5836109, 0], AngVel=[-1.2834429, 0, -0.96202016]
[FRAME] NEW step=0.1
[FRAME] RigidBody[1]: Pos=[0, 1.2614908, 0], Rot=[-0.10443803, 0.79579234, 0.00000003271464, 0.59649575], Vel=[0, 0.5836109, 0], AngVel=[2.5668857, 0, 1.9240403]
[FRAME] RigidBody[2]: Pos=[0, -1.2614908, 0], Rot=[0.78639674, -0.14688714, 0.07376067, -0.5954525], Vel=[0, -0.5836109, 0], AngVel=[-1.2834429, 0, -0.96202016]
[FRAME] NEW step=0.1
[FRAME] RigidBody[1]: Pos=[0, 1.3198519, 0], Rot=[-0.26062626, 0.77251416, 0.000000039658314, 0.5790473], Vel=[0, 0.5836109, 0], AngVel=[2.5668857, 0, 1.9240403]
[FRAME] RigidBody[2]: Pos=[0, -1.3198519, 0], Rot=[0.7459338, -0.19318366, 0.042478245, -0.6359704], Vel=[0, -0.5836109, 0], AngVel=[-1.2834429, 0, -0.96202016]
[FRAME] NEW step=0.1
[FRAME] RigidBody[1]: Pos=[0, 1.3782129, 0], Rot=[-0.41023597, 0.72973686, 0.000000046514355, 0.5469831], Vel=[0, 0.5836109, 0], AngVel=[2.5668857, 0, 1.9240403]
[FRAME] RigidBody[2]: Pos=[0, -1.3782129, 0], Rot=[0.70069623, -0.23824365, 0.010923916, -0.67241764], Vel=[0, -0.5836109, 0], AngVel=[-1.2834429, 0, -0.96202016]
[FRAME] NEW step=0.1
[FRAME] RigidBody[1]: Pos=[0, 1.436574, 0], Rot=[-0.54949087, 0.66854024, 0.00000004592732, 0.5011124], Vel=[0, 0.5836109, 0], AngVel=[2.5668857, 0, 1.9240403]
[FRAME] RigidBody[2]: Pos=[0, -1.436574, 0], Rot=[0.6509735, -0.28177863, -0.020700341, -0.7045607], Vel=[0, -0.5836109, 0], AngVel=[-1.2834429, 0, -0.96202016]
[FRAME] NEW step=0.1
[FRAME] RigidBody[1]: Pos=[0, 1.494935, 0], Rot=[-0.6748761, 0.590469, 0.000000052704248, 0.4425932], Vel=[0, 0.5836109, 0], AngVel=[2.5668857, 0, 1.9240403]
[FRAME] RigidBody[2]: Pos=[0, -1.494935, 0], Rot=[0.597084, -0.32351002, -0.052192107, -0.732194], Vel=[0, -0.5836109, 0], AngVel=[-1.2834429, 0, -0.96202016]
[FRAME] NEW step=0.1
[FRAME] RigidBody[1]: Pos=[0, 1.5532961, 0], Rot=[-0.7832266, 0.49749354, 0.000000052039084, 0.3729023], Vel=[0, 0.5836109, 0], AngVel=[2.5668857, 0, 1.9240403]
[FRAME] RigidBody[2]: Pos=[0, -1.5532961, 0], Rot=[0.53937256, -0.3631706, -0.08334979, -0.7551405], Vel=[0, -0.5836109, 0], AngVel=[-1.2834429, 0, -0.96202016]
[FRAME] NEW step=0.1
[FRAME] RigidBody[1]: Pos=[0, 1.6116571, 0], Rot=[-0.8718078, 0.39196092, 0.000000055060603, 0.29379904], Vel=[0, 0.5836109, 0], AngVel=[2.5668857, 0, 1.9240403]
[FRAME] RigidBody[2]: Pos=[0, -1.6116571, 0], Rot=[0.47820875, -0.40050662, -0.11397396, -0.77325344], Vel=[0, -0.5836109, 0], AngVel=[-1.2834429, 0, -0.96202016]
[FRAME] NEW step=0.1
[FRAME] RigidBody[1]: Pos=[0, 1.6700182, 0], Rot=[-0.9383835, 0.27653474, 0.000000058043984, 0.20727995], Vel=[0, 0.5836109, 0], AngVel=[2.5668857, 0, 1.9240403]
[FRAME] RigidBody[2]: Pos=[0, -1.6700182, 0], Rot=[0.4139839, -0.43527898, -0.14386858, -0.78641677], Vel=[0, -0.5836109, 0], AngVel=[-1.2834429, 0, -0.96202016]
[FRAME] NEW step=0.1
[FRAME] RigidBody[1]: Pos=[0, 1.7283792, 0], Rot=[-0.9812734, 0.15412852, 0.000000060989706, 0.1155289], Vel=[0, 0.5836109, 0], AngVel=[2.5668857, 0, 1.9240403]
[FRAME] RigidBody[2]: Pos=[0, -1.7283792, 0], Rot=[0.34710923, -0.46726522, -0.17284234, -0.7945464], Vel=[0, -0.5836109, 0], AngVel=[-1.2834429, 0, -0.96202016]
[FRAME] NEW step=0.1
[FRAME] RigidBody[1]: Pos=[0, 1.7867403, 0], Rot=[-0.9993949, 0.027831947, 0.00000006205912, 0.020861771], Vel=[0, 0.5836109, 0], AngVel=[2.5668857, 0, 1.9240403]
[FRAME] RigidBody[2]: Pos=[0, -1.7867403, 0], Rot=[0.2780127, -0.49626046, -0.20070973, -0.79759014], Vel=[0, -0.5836109, 0], AngVel=[-1.2834429, 0, -0.96202016]
[FRAME] NEW step=0.1
[FRAME] RigidBody[1]: Pos=[0, 1.8451014, 0], Rot=[-0.99229056, -0.09916713, 0.00000006173568, -0.074331924], Vel=[0, 0.5836109, 0], AngVel=[2.5668857, 0, 1.9240403]
[FRAME] RigidBody[2]: Pos=[0, -1.8451014, 0], Rot=[0.20713666, -0.5220793, -0.22729242, -0.79552865], Vel=[0, -0.5836109, 0], AngVel=[-1.2834429, 0, -0.96202016]
[FRAME] NEW step=0.1
[FRAME] RigidBody[1]: Pos=[0, 1.9034624, 0], Rot=[-0.9601398, -0.2236631, 0.000000060036975, -0.16764939], Vel=[0, 0.5836109, 0], AngVel=[2.5668857, 0, 1.9240403]
[FRAME] RigidBody[2]: Pos=[0, -1.9034624, 0], Rot=[0.13493474, -0.54455626, -0.2524202, -0.788375], Vel=[0, -0.5836109, 0], AngVel=[-1.2834429, 0, -0.96202016]
[FRAME] NEW step=0.1
[FRAME] RigidBody[1]: Pos=[0, 1.9618235, 0], Rot=[-0.90375406, -0.34251362, 0.000000059279277, -0.2567352], Vel=[0, 0.5836109, 0], AngVel=[2.5668857, 0, 1.9240403]
[FRAME] RigidBody[2]: Pos=[0, -1.9618235, 0], Rot=[0.061869122, -0.5635476, -0.27593225, -0.77617514], Vel=[0, -0.5836109, 0], AngVel=[-1.2834429, 0, -0.96202016]
[FRAME] NEW step=0.1
[FRAME] RigidBody[1]: Pos=[0, 2.0201845, 0], Rot=[-0.8245566, -0.4527187, 0.000000051174588, -0.33934078], Vel=[0, 0.5836109, 0], AngVel=[2.5668857, 0, 1.9240403]
[FRAME] RigidBody[2]: Pos=[0, -2.0201845, 0], Rot=[-0.011592517, -0.5789317, -0.29767808, -0.759007], Vel=[0, -0.5836109, 0], AngVel=[-1.2834429, 0, -0.96202016]
[FRAME] NEW step=0.1
[FRAME] RigidBody[1]: Pos=[0, 2.0785456, 0], Rot=[-0.7245464, -0.5514967, 0.000000046850463, -0.413381], Vel=[0, 0.5836109, 0], AngVel=[2.5668857, 0, 1.9240403]
[FRAME] RigidBody[2]: Pos=[0, -2.0785456, 0], Rot=[-0.084979944, -0.5906101, -0.3175185, -0.73698044], Vel=[0, -0.5836109, 0], AngVel=[-1.2834429, 0, -0.96202016]
[FRAME] NEW step=0.1
[FRAME] RigidBody[1]: Pos=[0, 2.1369066, 0], Rot=[-0.6062479, -0.6363543, 0.00000004258091, -0.47698703], Vel=[0, 0.5836109, 0], AngVel=[2.5668857, 0, 1.9240403]
[FRAME] RigidBody[2]: Pos=[0, -2.1369066, 0], Rot=[-0.15782341, -0.59850806, -0.33532652, -0.71023655], Vel=[0, -0.5836109, 0], AngVel=[-1.2834429, 0, -0.96202016]
[FRAME] NEW step=0.1
[FRAME] RigidBody[1]: Pos=[0, 2.1952677, 0], Rot=[-0.47264704, -0.70514965, 0.000000031008693, -0.5285534], Vel=[0, 0.5836109, 0], AngVel=[2.5668857, 0, 1.9240403]
[FRAME] RigidBody[2]: Pos=[0, -2.1952677, 0], Rot=[-0.22965667, -0.60257494, -0.35098815, -0.67894655], Vel=[0, -0.5836109, 0], AngVel=[-1.2834429, 0, -0.96202016]
[FRAME] NEW step=0.1
[FRAME] RigidBody[1]: Pos=[0, 2.2536287, 0], Rot=[-0.32711607, -0.75614625, 0.000000023260796, -0.56677854], Vel=[0, 0.5836109, 0], AngVel=[2.5668857, 0, 1.9240403]
[FRAME] RigidBody[2]: Pos=[0, -2.2536287, 0], Rot=[-0.30001992, -0.60278493, -0.36440316, -0.6433107], Vel=[0, -0.5836109, 0], AngVel=[-1.2834429, 0, -0.96202016]
[FRAME] NEW step=0.1
[FRAME] RigidBody[1]: Pos=[0, 2.3119898, 0], Rot=[-0.17332833, -0.7880569, 0.000000008254132, -0.5906975], Vel=[0, 0.5836109, 0], AngVel=[2.5668857, 0, 1.9240403]
[FRAME] RigidBody[2]: Pos=[0, -2.3119898, 0], Rot=[-0.3684628, -0.59913653, -0.37548566, -0.6035571], Vel=[0, -0.5836109, 0], AngVel=[-1.2834429, 0, -0.96202016]
[FRAME] NEW step=0.1
[FRAME] RigidBody[1]: Pos=[0, 2.3703508, 0], Rot=[-0.015165587, -0.8000761, 0.0000000007934097, -0.5997067], Vel=[0, 0.5836109, 0], AngVel=[2.5668857, 0, 1.9240403]
[FRAME] RigidBody[2]: Pos=[0, -2.3703508, 0], Rot=[-0.43454716, -0.59165305, -0.3841647, -0.5599401], Vel=[0, -0.5836109, 0], AngVel=[-1.2834429, 0, -0.96202016]
[FRAME] NEW step=0.1
[FRAME] RigidBody[1]: Pos=[0, 2.428712, 0], Rot=[0.14337996, -0.79190063, -0.0000000065731545, -0.5935787], Vel=[0, 0.5836109, 0], AngVel=[2.5668857, 0, 1.9240403]
[FRAME] RigidBody[2]: Pos=[0, -2.428712, 0], Rot=[-0.49785, -0.58038247, -0.3903847, -0.512739], Vel=[0, -0.5836109, 0], AngVel=[-1.2834429, 0, -0.96202016]
[FRAME] NEW step=0.1
[FRAME] RigidBody[1]: Pos=[0, 2.487073, 0], Rot=[0.29830644, -0.76373667, -0.000000013846748, -0.57246804], Vel=[0, 0.5836109, 0], AngVel=[2.5668857, 0, 1.9240403]
[FRAME] RigidBody[2]: Pos=[0, -2.487073, 0], Rot=[-0.55796623, -0.56539696, -0.39410594, -0.46225595], Vel=[0, -0.5836109, 0], AngVel=[-1.2834429, 0, -0.96202016]
[FRAME] NEW step=0.1
[FRAME] RigidBody[1]: Pos=[0, 2.545434, 0], Rot=[0.44570333, -0.7162952, -0.000000021028544, -0.5369077], Vel=[0, 0.5836109, 0], AngVel=[2.5668857, 0, 1.9240403]
[FRAME] RigidBody[2]: Pos=[0, -2.545434, 0], Rot=[-0.6145109, -0.5467923, -0.39530447, -0.40881398], Vel=[0, -0.5836109, 0], AngVel=[-1.2834429, 0, -0.96202016]
[FRAME] NEW step=0.1
[FRAME] RigidBody[1]: Pos=[0, 2.603795, 0], Rot=[0.5818502, -0.6507735, -0.000000035476248, -0.48779514], Vel=[0, 0.5836109, 0], AngVel=[2.5668857, 0, 1.9240403]
[FRAME] RigidBody[2]: Pos=[0, -2.603795, 0], Rot=[-0.6671222, -0.52468777, -0.39397278, -0.35275528], Vel=[0, -0.5836109, 0], AngVel=[-1.2834429, 0, -0.96202016]
[FRAME] NEW step=0.1
[FRAME] RigidBody[1]: Pos=[0, 2.662156, 0], Rot=[0.7033105, -0.5688258, -0.000000042385068, -0.42637017], Vel=[0, 0.5836109, 0], AngVel=[2.5668857, 0, 1.9240403]
[FRAME] RigidBody[2]: Pos=[0, -2.662156, 0], Rot=[-0.71546316, -0.49922472, -0.39011925, -0.29443857], Vel=[0, -0.5836109, 0], AngVel=[-1.2834429, 0, -0.96202016]
[FRAME] NEW step=0.1
[FRAME] RigidBody[1]: Pos=[0, 2.7205172, 0], Rot=[0.8070185, -0.47252023, -0.00000005288497, -0.35418317], Vel=[0, 0.5836109, 0], AngVel=[2.5668857, 0, 1.9240403]
[FRAME] RigidBody[2]: Pos=[0, -2.7205172, 0], Rot=[-0.75922465, -0.4705662, -0.38376865, -0.23423722], Vel=[0, -0.5836109, 0], AngVel=[-1.2834429, 0, -0.96202016]
[FRAME] NEW step=0.1
[FRAME] RigidBody[1]: Pos=[0, 2.7788782, 0], Rot=[0.8903565, -0.36428773, -0.00000006693063, -0.27305618], Vel=[0, 0.5836109, 0], AngVel=[2.5668857, 0, 1.9240403]
[FRAME] RigidBody[2]: Pos=[0, -2.7788782, 0], Rot=[-0.79812634, -0.4388956, -0.37496153, -0.1725365], Vel=[0, -0.5836109, 0], AngVel=[-1.2834429, 0, -0.96202016]
[FRAME] NEW step=0.1
[FRAME] RigidBody[1]: Pos=[0, 2.8372393, 0], Rot=[0.951221, -0.24686025, -0.00000008079904, -0.185037], Vel=[0, 0.5836109, 0], AngVel=[2.5668857, 0, 1.9240403]
[FRAME] RigidBody[2]: Pos=[0, -2.8372393, 0], Rot=[-0.8319194, -0.4044157, -0.36375436, -0.109731436], Vel=[0, -0.5836109, 0], AngVel=[-1.2834429, 0, -0.96202016]
[FRAME] NEW step=0.1
[FRAME] RigidBody[1]: Pos=[0, 2.8956003, 0], Rot=[0.98807555, -0.12320172, -0.00000009265327, -0.09234726], Vel=[0, 0.5836109, 0], AngVel=[2.5668857, 0, 1.9240403]
[FRAME] RigidBody[2]: Pos=[0, -2.8956003, 0], Rot=[-0.86038727, -0.36734712, -0.3502188, -0.04622397], Vel=[0, -0.5836109, 0], AngVel=[-1.2834429, 0, -0.96202016]
[FRAME] NEW step=0.1
[FRAME] RigidBody[1]: Pos=[0, 2.9539614, 0], Rot=[0.9999901, 0.0035665515, -0.000000103438346, 0.0026734148], Vel=[0, 0.5836109, 0], AngVel=[2.5668857, 0, 1.9240403]
[FRAME] RigidBody[2]: Pos=[0, -2.9539614, 0], Rot=[-0.8833479, -0.3279272, -0.3344415, 0.017579371], Vel=[0, -0.5836109, 0], AngVel=[-1.2834429, 0, -0.96202016]
[FRAME] NEW step=0.1
[FRAME] RigidBody[1]: Pos=[0, 3.0123224, 0], Rot=[0.98666376, 0.1302448, -0.00000011009291, 0.09762661], Vel=[0, 0.5836109, 0], AngVel=[2.5668857, 0, 1.9240403]
[FRAME] RigidBody[2]: Pos=[0, -3.0123224, 0], Rot=[-0.9006544, -0.28640828, -0.3165235, 0.08127018], Vel=[0, -0.5836109, 0], AngVel=[-1.2834429, 0, -0.96202016]
[FRAME] NEW step=0.1
[FRAME] RigidBody[1]: Pos=[0, 3.0706835, 0], Rot=[0.948433, 0.25363556, -0.000000113301326, 0.1901156], Vel=[0, 0.5836109, 0], AngVel=[2.5668857, 0, 1.9240403]
[FRAME] RigidBody[2]: Pos=[0, -3.0706835, 0], Rot=[-0.9121958, -0.24305606, -0.29657945, 0.14444079], Vel=[0, -0.5836109, 0], AngVel=[-1.2834429, 0, -0.96202016]
[FRAME] NEW step=0.1
[FRAME] RigidBody[1]: Pos=[0, 3.1290445, 0], Rot=[0.8862627, 0.37062424, -0.0000001118714, 0.27780586], Vel=[0, 0.5836109, 0], AngVel=[2.5668857, 0, 1.9240403]
[FRAME] RigidBody[2]: Pos=[0, -3.1290445, 0], Rot=[-0.91789836, -0.19814806, -0.27473703, 0.20668684], Vel=[0, -0.5836109, 0], AngVel=[-1.2834429, 0, -0.96202016]
[FRAME] NEW step=0.1
[FRAME] RigidBody[1]: Pos=[0, 3.1874056, 0], Rot=[0.8017222, 0.47825798, -0.00000010678125, 0.35848403], Vel=[0, 0.5836109, 0], AngVel=[2.5668857, 0, 1.9240403]
[FRAME] RigidBody[2]: Pos=[0, -3.1874056, 0], Rot=[-0.9177255, -0.15197173, -0.25113603, 0.26760992], Vel=[0, -0.5836109, 0], AngVel=[-1.2834429, 0, -0.96202016]
[FRAME] NEW step=0.1
[FRAME] RigidBody[1]: Pos=[0, 3.2457666, 0], Rot=[0.69694537, 0.57382, -0.00000010175534, 0.43011364], Vel=[0, 0.5836109, 0], AngVel=[2.5668857, 0, 1.9240403]
[FRAME] RigidBody[2]: Pos=[0, -3.2457666, 0], Rot=[-0.9116785, -0.104822665, -0.22592756, 0.32682008], Vel=[0, -0.5836109, 0], AngVel=[-1.2834429, 0, -0.96202016]
[FRAME] NEW step=0.1
[FRAME] RigidBody[1]: Pos=[0, 3.3041277, 0], Rot=[0.57457685, 0.6548981, -0.00000008575803, 0.49088675], Vel=[0, 0.5836109, 0], AngVel=[2.5668857, 0, 1.9240403]
[FRAME] RigidBody[2]: Pos=[0, -3.3041277, 0], Rot=[-0.8997958, -0.057002623, -0.19927292, 0.38393825], Vel=[0, -0.5836109, 0], AngVel=[-1.2834429, 0, -0.96202016]
[FRAME] NEW step=0.1
[FRAME] RigidBody[1]: Pos=[0, 3.3624887, 0], Rot=[0.4377055, 0.719446, -0.000000069962624, 0.5392694], Vel=[0, 0.5836109, 0], AngVel=[2.5668857, 0, 1.9240403]
[FRAME] RigidBody[2]: Pos=[0, -3.3624887, 0], Rot=[-0.88215363, -0.008817719, -0.17134278, 0.4385989], Vel=[0, -0.5836109, 0], AngVel=[-1.2834429, 0, -0.96202016]
[FRAME] NEW step=0.1
[FRAME] RigidBody[1]: Pos=[0, 3.4208498, 0], Rot=[0.2897859, 0.7658342, -0.00000006172311, 0.57404023], Vel=[0, 0.5836109, 0], AngVel=[2.5668857, 0, 1.9240403]
[FRAME] RigidBody[2]: Pos=[0, -3.4208498, 0], Rot=[-0.85886484, 0.039423626, -0.14231586, 0.49045208], Vel=[0, -0.5836109, 0], AngVel=[-1.2834429, 0, -0.96202016]
[FRAME] NEW step=0.1
[FRAME] RigidBody[1]: Pos=[0, 3.4792109, 0], Rot=[0.13455181, 0.7928919, -0.000000046231026, 0.59432167], Vel=[0, 0.5836109, 0], AngVel=[2.5668857, 0, 1.9240403]
[FRAME] RigidBody[2]: Pos=[0, -3.4792109, 0], Rot=[-0.8300785, 0.087412626, -0.112377994, 0.5391659], Vel=[0, -0.5836109, 0], AngVel=[-1.2834429, 0, -0.96202016]
[FRAME] NEW step=0.1
[FRAME] RigidBody[1]: Pos=[0, 3.537572, 0], Rot=[-0.024078503, 0.7999362, -0.000000030934466, 0.5996018], Vel=[0, 0.5836109, 0], AngVel=[2.5668857, 0, 1.9240403]
[FRAME] RigidBody[2]: Pos=[0, -3.537572, 0], Rot=[-0.7959789, 0.13484208, -0.08172081, 0.5844286], Vel=[0, -0.5836109, 0], AngVel=[-1.2834429, 0, -0.96202016]
[FRAME] NEW step=0.1
[FRAME] RigidBody[1]: Pos=[0, 3.595933, 0], Rot=[-0.18210106, 0.78678924, -0.000000015830956, 0.5897473], Vel=[0, 0.5836109, 0], AngVel=[2.5668857, 0, 1.9240403]
[FRAME] RigidBody[2]: Pos=[0, -3.595933, 0], Rot=[-0.7567844, 0.18140846, -0.05054054, 0.6259505], Vel=[0, -0.5836109, 0], AngVel=[-1.2834429, 0, -0.96202016]
[FRAME] NEW step=0.1
[FRAME] RigidBody[1]: Pos=[0, 3.654294, 0], Rot=[-0.33552718, 0.75378287, -0.0000000009180604, 0.565007], Vel=[0, 0.5836109, 0], AngVel=[2.5668857, 0, 1.9240403]
[FRAME] RigidBody[2]: Pos=[0, -3.654294, 0], Rot=[-0.7127457, 0.22681364, -0.019036764, 0.6634656], Vel=[0, -0.5836109, 0], AngVel=[-1.2834429, 0, -0.96202016]
[FRAME] NEW step=0.1
[FRAME] RigidBody[1]: Pos=[0, 3.712655, 0], Rot=[-0.48048422, 0.7017502, 0.000000013806627, 0.5260052], Vel=[0, 0.5836109, 0], AngVel=[2.5668857, 0, 1.9240403]
[FRAME] RigidBody[2]: Pos=[0, -3.712655, 0], Rot=[-0.6641449, 0.27076703, 0.012588865, 0.6967341], Vel=[0, -0.5836109, 0], AngVel=[-1.2834429, 0, -0.96202016]
[FRAME] NEW step=0.1
[FRAME] RigidBody[1]: Pos=[0, 3.7710161, 0], Rot=[-0.6133134, 0.6320046, 0.00000003570203, 0.47372654], Vel=[0, 0.5836109, 0], AngVel=[2.5668857, 0, 1.9240403]
[FRAME] RigidBody[2]: Pos=[0, -3.7710161, 0], Rot=[-0.61129284, 0.31298724, 0.044133913, 0.72554266], Vel=[0, -0.5836109, 0], AngVel=[-1.2834429, 0, -0.96202016]
[FRAME] NEW step=0.1
[FRAME] RigidBody[1]: Pos=[0, 3.8293772, 0], Rot=[-0.7306618, 0.54630655, 0.000000057321103, 0.4094905], Vel=[0, 0.5836109, 0], AngVel=[2.5668857, 0, 1.9240403]
[FRAME] RigidBody[2]: Pos=[0, -3.8293772, 0], Rot=[-0.55452806, 0.3532041, 0.07539647, 0.7497072], Vel=[0, -0.5836109, 0], AngVel=[-1.2834429, 0, -0.96202016]
[FRAME] NEW step=0.1
[FRAME] RigidBody[1]: Pos=[0, 3.8877382, 0], Rot=[-0.8295675, 0.4468191, 0.00000008602388, 0.33491847], Vel=[0, 0.5836109, 0], AngVel=[2.5668857, 0, 1.9240403]
[FRAME] RigidBody[2]: Pos=[0, -3.8877382, 0], Rot=[-0.4942137, 0.39116007, 0.106176406, 0.76907295], Vel=[0, -0.5836109, 0], AngVel=[-1.2834429, 0, -0.96202016]
[FRAME] NEW step=0.1
[FRAME] RigidBody[1]: Pos=[0, 3.9460993, 0], Rot=[-0.90753406, 0.33605346, 0.00000011436441, 0.25189275], Vel=[0, 0.5836109, 0], AngVel=[2.5668857, 0, 1.9240403]
[FRAME] RigidBody[2]: Pos=[0, -3.9460993, 0], Rot=[-0.43073595, 0.4266123, 0.13627672, 0.7835159], Vel=[0, -0.5836109, 0], AngVel=[-1.2834429, 0, -0.96202016]
[FRAME] NEW step=0.1
[FRAME] RigidBody[1]: Pos=[0, 4.0044603, 0], Rot=[-0.9625935, 0.21680546, 0.000000138669, 0.162509], Vel=[0, 0.5836109, 0], AngVel=[2.5668857, 0, 1.9240403]
[FRAME] RigidBody[2]: Pos=[0, -4.0044603, 0], Rot=[-0.36450115, 0.4593338, 0.16550475, 0.79294366], Vel=[0, -0.5836109, 0], AngVel=[-1.2834429, 0, -0.96202016]
[FRAME] NEW step=0.1
[FRAME] RigidBody[1]: Pos=[0, 4.0628214, 0], Rot=[-0.99335605, 0.09208505, 0.00000015898857, 0.069023326], Vel=[0, 0.5836109, 0], AngVel=[2.5668857, 0, 1.9240403]
[FRAME] RigidBody[2]: Pos=[0, -4.0628214, 0], Rot=[-0.29593316, 0.48911515, 0.19367339, 0.79729575], Vel=[0, -0.5836109, 0], AngVel=[-1.2834429, 0, -0.96202016]
[FRAME] NEW step=0.1
[FRAME] RigidBody[1]: Pos=[0, 4.1211824, 0], Rot=[-0.9990452, -0.03495968, 0.00000017445386, -0.026204562], Vel=[0, 0.5836109, 0], AngVel=[2.5668857, 0, 1.9240403]
[FRAME] RigidBody[2]: Pos=[0, -4.1211824, 0], Rot=[-0.22547095, 0.5157658, 0.22060235, 0.79654455], Vel=[0, -0.5836109, 0], AngVel=[-1.2834429, 0, -0.96202016]
[FRAME] NEW step=0.1
[FRAME] RigidBody[1]: Pos=[0, 4.1795435, 0], Rot=[-0.9795172, -0.16112196, 0.00000018581578, -0.12077101], Vel=[0, 0.5836109, 0], AngVel=[2.5668857, 0, 1.9240403]
[FRAME] RigidBody[2]: Pos=[0, -4.1795435, 0], Rot=[-0.15356548, 0.53911495, 0.24611923, 0.79069465], Vel=[0, -0.5836109, 0], AngVel=[-1.2834429, 0, -0.96202016]
[FRAME] NEW step=0.1
[FRAME] RigidBody[1]: Pos=[0, 4.2379045, 0], Rot=[-0.9352653, -0.28321734, 0.0000001945055, -0.21228908], Vel=[0, 0.5836109, 0], AngVel=[2.5668857, 0, 1.9240403]
[FRAME] RigidBody[2]: Pos=[0, -4.2379045, 0], Rot=[-0.08067708, 0.5590133, 0.27006072, 0.7797836], Vel=[0, -0.5836109, 0], AngVel=[-1.2834429, 0, -0.96202016]
[FRAME] NEW step=0.1
[FRAME] RigidBody[1]: Pos=[0, 4.2962656, 0], Rot=[-0.86740637, -0.3981641, 0.00000020308559, -0.29844877], Vel=[0, 0.5836109, 0], AngVel=[2.5668857, 0, 1.9240403]
[FRAME] RigidBody[2]: Pos=[0, -4.2962656, 0], Rot=[-0.007272274, 0.5753335, 0.29227358, 0.7638812], Vel=[0, -0.5836109, 0], AngVel=[-1.2834429, 0, -0.96202016]
[FRAME] NEW step=0.1
[FRAME] RigidBody[1]: Pos=[0, 4.3546267, 0], Rot=[-0.77765304, -0.50306076, 0.0000002078791, -0.37707528], Vel=[0, 0.5836109, 0], AngVel=[2.5668857, 0, 1.9240403]
[FRAME] RigidBody[2]: Pos=[0, -4.3546267, 0], Rot=[0.06617908, 0.58797103, 0.31261563, 0.7430894], Vel=[0, -0.5836109, 0], AngVel=[-1.2834429, 0, -0.96202016]
[FRAME] NEW step=0.1
[FRAME] RigidBody[1]: Pos=[0, 4.4129877, 0], Rot=[-0.6682708, -0.5952595, 0.00000020525553, -0.44618392], Vel=[0, 0.5836109, 0], AngVel=[2.5668857, 0, 1.9240403]
[FRAME] RigidBody[2]: Pos=[0, -4.4129877, 0], Rot=[0.13920683, 0.596845, 0.33095664, 0.71754104], Vel=[0, -0.5836109, 0], AngVel=[-1.2834429, 0, -0.96202016]
[FRAME] NEW step=0.1
[FRAME] RigidBody[1]: Pos=[0, 4.471349, 0], Rot=[-0.5420209, -0.6724334, 0.00000019530857, -0.5040305], Vel=[0, 0.5836109, 0], AngVel=[2.5668857, 0, 1.9240403]
[FRAME] RigidBody[2]: Pos=[0, -4.471349, 0], Rot=[0.21134354, 0.6018986, 0.34717926, 0.68739986], Vel=[0, -0.5836109, 0], AngVel=[-1.2834429, 0, -0.96202016]
[FRAME] NEW step=0.1
[FRAME] RigidBody[1]: Pos=[0, 4.52971, 0], Rot=[-0.40208974, -0.73263425, 0.00000017813058, -0.54915476], Vel=[0, 0.5836109, 0], AngVel=[2.5668857, 0, 1.9240403]
[FRAME] RigidBody[2]: Pos=[0, -4.52971, 0], Rot=[0.28212744, 0.60309947, 0.3611796, 0.6528586], Vel=[0, -0.5836109, 0], AngVel=[-1.2834429, 0, -0.96202016]
[FRAME] NEW step=0.1
[FRAME] RigidBody[1]: Pos=[0, 4.588071, 0], Rot=[-0.2520094, -0.77434266, 0.00000016116937, -0.58041775], Vel=[0, 0.5836109, 0], AngVel=[2.5668857, 0, 1.9240403]
[FRAME] RigidBody[2]: Pos=[0, -4.588071, 0], Rot=[0.3511055, 0.60044, 0.37286806, 0.61413854], Vel=[0, -0.5836109, 0], AngVel=[-1.2834429, 0, -0.96202016]
[FRAME] NEW step=0.1
[FRAME] RigidBody[1]: Pos=[0, 4.646432, 0], Rot=[-0.095568046, -0.7965058, 0.00000012970912, -0.59703034], Vel=[0, 0.5836109, 0], AngVel=[2.5668857, 0, 1.9240403]
[FRAME] RigidBody[2]: Pos=[0, -4.646432, 0], Rot=[0.41783613, 0.59393716, 0.3821698, 0.57148737], Vel=[0, -0.5836109, 0], AngVel=[-1.2834429, 0, -0.96202016]
[FRAME] NEW step=0.1
[FRAME] RigidBody[1]: Pos=[0, 4.704793, 0], Rot=[0.06328553, -0.7985643, 0.00000009128937, -0.5985733], Vel=[0, 0.5836109, 0], AngVel=[2.5668857, 0, 1.9240403]
[FRAME] RigidBody[2]: Pos=[0, -4.704793, 0], Rot=[0.48189223, 0.5836326, 0.38902533, 0.52517813], Vel=[0, -0.5836109, 0], AngVel=[-1.2834429, 0, -0.96202016]
[FRAME] NEW step=0.1
[FRAME] RigidBody[1]: Pos=[0, 4.763154, 0], Rot=[0.22054173, -0.7804662, 0.00000006071105, -0.58500767], Vel=[0, 0.5836109, 0], AngVel=[2.5668857, 0, 1.9240403]
[FRAME] RigidBody[2]: Pos=[0, -4.763154, 0], Rot=[0.54286385, 0.56959224, 0.39339077, 0.47550735], Vel=[0, -0.5836109, 0], AngVel=[-1.2834429, 0, -0.96202016]
[FRAME] NEW step=0.1
[FRAME] RigidBody[1]: Pos=[0, 4.821515, 0], Rot=[0.37223122, -0.7426682, 0.000000030518645, -0.55667573], Vel=[0, 0.5836109, 0], AngVel=[2.5668857, 0, 1.9240403]
[FRAME] RigidBody[2]: Pos=[0, -4.821515, 0], Rot=[0.60036063, 0.551906, 0.39523816, 0.42279288], Vel=[0, -0.5836109, 0], AngVel=[-1.2834429, 0, -0.96202016]
[FRAME] NEW step=0.1
[FRAME] RigidBody[1]: Pos=[0, 4.879876, 0], Rot=[0.5145252, -0.68612456, 0.0000000007072826, -0.5142927], Vel=[0, 0.5836109, 0], AngVel=[2.5668857, 0, 1.9240403]
[FRAME] RigidBody[2]: Pos=[0, -4.879876, 0], Rot=[0.6540145, 0.530687, 0.39455563, 0.3673721], Vel=[0, -0.5836109, 0], AngVel=[-1.2834429, 0, -0.96202016]
[FRAME] NEW step=0.1
[FRAME] RigidBody[1]: Pos=[0, 4.938237, 0], Rot=[0.64383197, -0.61226237, -0.000000036084398, -0.4589284], Vel=[0, 0.5836109, 0], AngVel=[2.5668857, 0, 1.9240403]
[FRAME] RigidBody[2]: Pos=[0, -4.938237, 0], Rot=[0.7034821, 0.5060711, 0.3913476, 0.3095998], Vel=[0, -0.5836109, 0], AngVel=[-1.2834429, 0, -0.96202016]
[FRAME] NEW step=0.1
[FRAME] RigidBody[1]: Pos=[0, 4.9965982, 0], Rot=[0.75688773, -0.52294594, -0.000000072411744, -0.39198023], Vel=[0, 0.5836109, 0], AngVel=[2.5668857, 0, 1.9240403]
[FRAME] RigidBody[2]: Pos=[0, -4.9965982, 0], Rot=[0.7484468, 0.47821596, 0.3856346, 0.24984579], Vel=[0, -0.5836109, 0], AngVel=[-1.2834429, 0, -0.96202016]
[FRAME] NEW step=0.1
[FRAME] RigidBody[1]: Pos=[0, 5.0549593, 0], Rot=[0.85083884, -0.42042986, -0.00000010460234, -0.31513807], Vel=[0, 0.5836109, 0], AngVel=[2.5668857, 0, 1.9240403]
[FRAME] RigidBody[2]: Pos=[0, -5.0549593, 0], Rot=[0.7886207, 0.44729978, 0.37745315, 0.18849254], Vel=[0, -0.5836109, 0], AngVel=[-1.2834429, 0, -0.96202016]
[FRAME] NEW step=0.1
[FRAME] RigidBody[1]: Pos=[0, 5.1133204, 0], Rot=[0.92331386, -0.30730167, -0.00000013270841, -0.23034148], Vel=[0, 0.5836109, 0], AngVel=[2.5668857, 0, 1.9240403]
[FRAME] RigidBody[2]: Pos=[0, -5.1133204, 0], Rot=[0.8237467, 0.41352046, 0.36685565, 0.12593277], Vel=[0, -0.5836109, 0], AngVel=[-1.2834429, 0, -0.96202016]
[FRAME] NEW step=0.1
[FRAME] RigidBody[1]: Pos=[0, 5.1716814, 0], Rot=[0.97248346, -0.18641683, -0.00000015862062, -0.13973081], Vel=[0, 0.5836109, 0], AngVel=[2.5668857, 0, 1.9240403]
[FRAME] RigidBody[2]: Pos=[0, -5.1716814, 0], Rot=[0.8536, 0.37709427, 0.35391, 0.06256693], Vel=[0, -0.5836109, 0], AngVel=[-1.2834429, 0, -0.96202016]
[FRAME] NEW step=0.1
[FRAME] RigidBody[1]: Pos=[0, 5.2300425, 0], Rot=[0.99710655, -0.060826655, -0.00000018236669, -0.045593202], Vel=[0, 0.5836109, 0], AngVel=[2.5668857, 0, 1.9240403]
[FRAME] RigidBody[2]: Pos=[0, -5.2300425, 0], Rot=[0.8779895, 0.3382543, 0.33869895, -0.0011994028], Vel=[0, -0.5836109, 0], AngVel=[-1.2834429, 0, -0.96202016]
[FRAME] NEW step=0.1
[FRAME] RigidBody[1]: Pos=[0, 5.2884035, 0], Rot=[0.99656147, 0.06629886, -0.00000019983582, 0.049695235], Vel=[0, 0.5836109, 0], AngVel=[2.5668857, 0, 1.9240403]
[FRAME] RigidBody[2]: Pos=[0, -5.2884035, 0], Rot=[0.8967591, 0.29724923, 0.32131997, -0.06495806], Vel=[0, -0.5836109, 0], AngVel=[-1.2834429, 0, -0.96202016]
[FRAME] NEW step=0.1
[FRAME] RigidBody[1]: Pos=[0, 5.3467646, 0], Rot=[0.97086227, 0.19175093, -0.0000002124867, 0.14372933], Vel=[0, 0.5836109, 0], AngVel=[2.5668857, 0, 1.9240403]
[FRAME] RigidBody[2]: Pos=[0, -5.3467646, 0], Rot=[0.90978855, 0.25434145, 0.3018842, -0.12830092], Vel=[0, -0.5836109, 0], AngVel=[-1.2834429, 0, -0.96202016]
[FRAME] NEW step=0.1
[FRAME] RigidBody[1]: Pos=[0, 5.4051256, 0], Rot=[0.9206574, 0.312363, -0.00000022267896, 0.23413551], Vel=[0, 0.5836109, 0], AngVel=[2.5668857, 0, 1.9240403]
[FRAME] RigidBody[2]: Pos=[0, -5.4051256, 0], Rot=[0.9169945, 0.20980567, 0.2805161, -0.19082253], Vel=[0, -0.5836109, 0], AngVel=[-1.2834429, 0, -0.96202016]
[FRAME] NEW step=0.1
[FRAME] RigidBody[1]: Pos=[0, 5.4634867, 0], Rot=[0.8472141, 0.4250907, -0.0000002235469, 0.3186319], Vel=[0, 0.5836109, 0], AngVel=[2.5668857, 0, 1.9240403]
[FRAME] RigidBody[2]: Pos=[0, -5.4634867, 0], Rot=[0.91833097, 0.16392696, 0.25735247, -0.2521227], Vel=[0, -0.5836109, 0], AngVel=[-1.2834429, 0, -0.96202016]
[FRAME] NEW step=0.1
[FRAME] RigidBody[1]: Pos=[0, 5.5218477, 0], Rot=[0.75238615, 0.5270886, -0.00000021704732, 0.3950856], Vel=[0, 0.5836109, 0], AngVel=[2.5668857, 0, 1.9240403]
[FRAME] RigidBody[2]: Pos=[0, -5.5218477, 0], Rot=[0.9137893, 0.11699896, 0.23254156, -0.3118091], Vel=[0, -0.5836109, 0], AngVel=[-1.2834429, 0, -0.96202016]
[FRAME] NEW step=0.1
[FRAME] RigidBody[1]: Pos=[0, 5.580209, 0], Rot=[0.63856727, 0.6157822, -0.00000021062978, 0.46156695], Vel=[0, 0.5836109, 0], AngVel=[2.5668857, 0, 1.9240403]
[FRAME] RigidBody[2]: Pos=[0, -5.580209, 0], Rot=[0.9033984, 0.06932205, 0.20624214, -0.3694996], Vel=[0, -0.5836109, 0], AngVel=[-1.2834429, 0, -0.96202016]
[FRAME] NEW step=0.1
[FRAME] RigidBody[1]: Pos=[0, 5.63857, 0], Rot=[0.5086302, 0.68893284, -0.00000020061496, 0.5163979], Vel=[0, 0.5836109, 0], AngVel=[2.5668857, 0, 1.9240403]
[FRAME] RigidBody[2]: Pos=[0, -5.63857, 0], Rot=[0.887225, 0.021201422, 0.17862259, -0.42482495], Vel=[0, -0.5836109, 0], AngVel=[-1.2834429, 0, -0.96202016]
[FRAME] NEW step=0.1
[FRAME] RigidBody[1]: Pos=[0, 5.696931, 0], Rot=[0.3658548, 0.74469405, -0.00000018336999, 0.5581944], Vel=[0, 0.5836109, 0], AngVel=[2.5668857, 0, 1.9240403]
[FRAME] RigidBody[2]: Pos=[0, -5.696931, 0], Rot=[0.8653726, -0.027054913, 0.14985971, -0.4774311], Vel=[0, -0.5836109, 0], AngVel=[-1.2834429, 0, -0.96202016]
[FRAME] NEW step=0.1
[FRAME] RigidBody[1]: Pos=[0, 5.755292, 0], Rot=[0.21384482, 0.7816584, -0.00000016634266, 0.58590144], Vel=[0, 0.5836109, 0], AngVel=[2.5668857, 0, 1.9240403]
[FRAME] RigidBody[2]: Pos=[0, -5.755292, 0], Rot=[0.837981, -0.07513808, 0.120137565, -0.5269812], Vel=[0, -0.5836109, 0], AngVel=[-1.2834429, 0, -0.96202016]
[FRAME] NEW step=0.1
[FRAME] RigidBody[1]: Pos=[0, 5.813653, 0], Rot=[0.056437157, 0.79889286, -0.00000014953022, 0.59881973], Vel=[0, 0.5836109, 0], AngVel=[2.5668857, 0, 1.9240403]
[FRAME] RigidBody[2]: Pos=[0, -5.813653, 0], Rot=[0.8052255, -0.12274028, 0.089646436, -0.5731581], Vel=[0, -0.5836109, 0], AngVel=[-1.2834429, 0, -0.96202016]
[FRAME] NEW step=0.1
[FRAME] RigidBody[1]: Pos=[0, 5.872014, 0], Rot=[-0.102395035, 0.7959624, -0.00000013292997, 0.5966231], Vel=[0, 0.5836109, 0], AngVel=[2.5668857, 0, 1.9240403]
[FRAME] RigidBody[2]: Pos=[0, -5.872014, 0], Rot=[0.7673159, -0.16955686, 0.058581498, -0.6156664], Vel=[0, -0.5836109, 0], AngVel=[-1.2834429, 0, -0.96202016]
[FRAME] NEW step=0.1
[FRAME] RigidBody[1]: Pos=[0, 5.930375, 0], Rot=[-0.25864267, 0.77294093, -0.00000010918267, 0.5793671], Vel=[0, 0.5836109, 0], AngVel=[2.5668857, 0, 1.9240403]
[FRAME] RigidBody[2]: Pos=[0, -5.930375, 0], Rot=[0.72449476, -0.21528809, 0.027141578, -0.65423375], Vel=[0, -0.5836109, 0], AngVel=[-1.2834429, 0, -0.96202016]
[FRAME] NEW step=0.1
[FRAME] RigidBody[1]: Pos=[0, 5.988736, 0], Rot=[-0.40836185, 0.7304096, -0.000000085735074, 0.54748726], Vel=[0, 0.5836109, 0], AngVel=[2.5668857, 0, 1.9240403]
[FRAME] RigidBody[2]: Pos=[0, -5.988736, 0], Rot=[0.6770361, -0.25964126, -0.004472072, -0.6886134], Vel=[0, -0.5836109, 0], AngVel=[-1.2834429, 0, -0.96202016]
[FRAME] NEW step=0.1
[FRAME] RigidBody[1]: Pos=[0, 6.047097, 0], Rot=[-0.54777354, 0.669442, -0.0000000625834, 0.50178826], Vel=[0, 0.5836109, 0], AngVel=[2.5668857, 0, 1.9240403]
[FRAME] RigidBody[2]: Pos=[0, -6.047097, 0], Rot=[0.62524396, -0.30233255, -0.036057096, -0.71858543], Vel=[0, -0.5836109, 0], AngVel=[-1.2834429, 0, -0.96202016]
[FRAME] NEW step=0.1
[FRAME] RigidBody[1]: Pos=[0, 6.1054583, 0], Rot=[-0.673359, 0.591577, -0.000000047080473, 0.44342363], Vel=[0, 0.5836109, 0], AngVel=[2.5668857, 0, 1.9240403]
[FRAME] RigidBody[2]: Pos=[0, -6.1054583, 0], Rot=[0.5694496, -0.3430886, -0.06741131, -0.7439577], Vel=[0, -0.5836109, 0], AngVel=[-1.2834429, 0, -0.96202016]
[FRAME] NEW step=0.1
[FRAME] RigidBody[1]: Pos=[0, 6.1638193, 0], Rot=[-0.781948, 0.49877986, -0.000000035451468, 0.3738664], Vel=[0, 0.5836109, 0], AngVel=[2.5668857, 0, 1.9240403]
[FRAME] RigidBody[2]: Pos=[0, -6.1638193, 0], Rot=[0.5100103, -0.3816486, -0.098334044, -0.7645681], Vel=[0, -0.5836109, 0], AngVel=[-1.2834429, 0, -0.96202016]
[FRAME] NEW step=0.1
[FRAME] RigidBody[1]: Pos=[0, 6.2221804, 0], Rot=[-0.8707998, 0.393393, -0.000000023969225, 0.29487243], Vel=[0, 0.5836109, 0], AngVel=[2.5668857, 0, 1.9240403]
[FRAME] RigidBody[2]: Pos=[0, -6.2221804, 0], Rot=[0.4473064, -0.41776568, -0.12862733, -0.78028446], Vel=[0, -0.5836109, 0], AngVel=[-1.2834429, 0, -0.96202016]
[FRAME] NEW step=0.1
[FRAME] RigidBody[1]: Pos=[0, 6.2805414, 0], Rot=[-0.93767166, 0.2780765, -0.000000012631895, 0.20843555], Vel=[0, 0.5836109, 0], AngVel=[2.5668857, 0, 1.9240403]
[FRAME] RigidBody[2]: Pos=[0, -6.2805414, 0], Rot=[0.38173935, -0.45120868, -0.15809728, -0.7910063], Vel=[0, -0.5836109, 0], AngVel=[-1.2834429, 0, -0.96202016]
[FRAME] NEW step=0.1
[FRAME] RigidBody[1]: Pos=[0, 6.3389025, 0], Rot=[-0.9808757, 0.15574105, -0.0000000032767855, 0.11673753], Vel=[0, 0.5836109, 0], AngVel=[2.5668857, 0, 1.9240403]
[FRAME] RigidBody[2]: Pos=[0, -6.3389025, 0], Rot=[0.31372884, -0.48176357, -0.1865553, -0.79666513], Vel=[0, -0.5836109, 0], AngVel=[-1.2834429, 0, -0.96202016]
[FRAME] NEW step=0.1
[FRAME] RigidBody[1]: Pos=[0, 6.3972635, 0], Rot=[-0.99932134, 0.029474534, 0.000000005960257, 0.022092927], Vel=[0, 0.5836109, 0], AngVel=[2.5668857, 0, 1.9240403]
[FRAME] RigidBody[2]: Pos=[0, -6.3972635, 0], Rot=[0.24371015, -0.5092347, -0.21381916, -0.7972244], Vel=[0, -0.5836109, 0], AngVel=[-1.2834429, 0, -0.96202016]
[FRAME] NEW step=0.1
[FRAME] RigidBody[1]: Pos=[0, 6.4556246, 0], Rot=[-0.99254316, -0.097535975, 0.000000014391048, -0.07310933], Vel=[0, 0.5836109, 0], AngVel=[2.5668857, 0, 1.9240403]
[FRAME] RigidBody[2]: Pos=[0, -6.4556246, 0], Rot=[0.17213148, -0.53344625, -0.23971438, -0.79268074], Vel=[0, -0.5836109, 0], AngVel=[-1.2834429, 0, -0.96202016]
[FRAME] NEW step=0.1
[FRAME] RigidBody[1]: Pos=[0, 6.5139856, 0], Rot=[-0.9607119, -0.22208454, 0.000000020646404, -0.1664662], Vel=[0, 0.5836109, 0], AngVel=[2.5668857, 0, 1.9240403]
[FRAME] RigidBody[2]: Pos=[0, -6.5139856, 0], Rot=[0.09945105, -0.5542433, -0.26407525, -0.78306335], Vel=[0, -0.5836109, 0], AngVel=[-1.2834429, 0, -0.96202016]
[FRAME] NEW step=0.1
[FRAME] RigidBody[1]: Pos=[0, 6.5723467, 0], Rot=[-0.90463144, -0.3410275, 0.000000025903251, -0.25562134], Vel=[0, 0.5836109, 0], AngVel=[2.5668857, 0, 1.9240403]
[FRAME] RigidBody[2]: Pos=[0, -6.5723467, 0], Rot=[0.02613402, -0.5714927, -0.28674576, -0.7684335], Vel=[0, -0.5836109, 0], AngVel=[-1.2834429, 0, -0.96202016]
[FRAME] NEW step=0.1
[FRAME] RigidBody[1]: Pos=[0, 6.6307077, 0], Rot=[-0.82571703, -0.45136252, 0.000000029254613, -0.3383243], Vel=[0, 0.5836109, 0], AngVel=[2.5668857, 0, 1.9240403]
[FRAME] RigidBody[2]: Pos=[0, -6.6307077, 0], Rot=[-0.047350284, -0.58508396, -0.30758083, -0.748885], Vel=[0, -0.5836109, 0], AngVel=[-1.2834429, 0, -0.96202016]
[FRAME] NEW step=0.1
[FRAME] RigidBody[1]: Pos=[0, 6.689069, 0], Rot=[-0.7259606, -0.55030465, 0.000000036241957, -0.4124876], Vel=[0, 0.5836109, 0], AngVel=[2.5668857, 0, 1.9240403]
[FRAME] RigidBody[2]: Pos=[0, -6.689069, 0], Rot=[-0.1205315, -0.5949301, -0.3264471, -0.7245429], Vel=[0, -0.5836109, 0], AngVel=[-1.2834429, 0, -0.96202016]
[FRAME] NEW step=0.1
[FRAME] RigidBody[1]: Pos=[0, 6.74743, 0], Rot=[-0.6078802, -0.63535655, 0.000000043141114, -0.47623923], Vel=[0, 0.5836109, 0], AngVel=[2.5668857, 0, 1.9240403]
[FRAME] RigidBody[2]: Pos=[0, -6.74743, 0], Rot=[-0.19294122, -0.60096824, -0.34322387, -0.6955632], Vel=[0, -0.5836109, 0], AngVel=[-1.2834429, 0, -0.96202016]
[FRAME] NEW step=0.1
[FRAME] RigidBody[1]: Pos=[0, 6.805791, 0], Rot=[-0.47445616, -0.70437133, 0.00000004259665, -0.5279701], Vel=[0, 0.5836109, 0], AngVel=[2.5668857, 0, 1.9240403]
[FRAME] RigidBody[2]: Pos=[0, -6.805791, 0], Rot=[-0.26411593, -0.60315967, -0.35780367, -0.66213125], Vel=[0, -0.5836109, 0], AngVel=[-1.2834429, 0, -0.96202016]
[FRAME] NEW step=0.1
[FRAME] RigidBody[1]: Pos=[0, 6.864152, 0], Rot=[-0.32905638, -0.755607, 0.000000042059057, -0.56637436], Vel=[0, 0.5836109, 0], AngVel=[2.5668857, 0, 1.9240403]
[FRAME] RigidBody[2]: Pos=[0, -6.864152, 0], Rot=[-0.3336, -0.60149026, -0.3700932, -0.624461], Vel=[0, -0.5836109, 0], AngVel=[-1.2834429, 0, -0.96202016]
[FRAME] NEW step=0.1
[FRAME] RigidBody[1]: Pos=[0, 6.922513, 0], Rot=[-0.17535087, -0.78777033, 0.0000000341717, -0.59048283], Vel=[0, 0.5836109, 0], AngVel=[2.5668857, 0, 1.9240403]
[FRAME] RigidBody[2]: Pos=[0, -6.922513, 0], Rot=[-0.40094876, -0.59597075, -0.38001376, -0.5827936], Vel=[0, -0.5836109, 0], AngVel=[-1.2834429, 0, -0.96202016]
[FRAME] NEW step=0.1
[FRAME] RigidBody[1]: Pos=[0, 6.980874, 0], Rot=[-0.01721933, -0.8000495, 0.000000033740434, -0.59968686], Vel=[0, 0.5836109, 0], AngVel=[2.5668857, 0, 1.9240403]
[FRAME] RigidBody[2]: Pos=[0, -6.980874, 0], Rot=[-0.46573114, -0.58663654, -0.38750196, -0.5373959], Vel=[0, -0.5836109, 0], AngVel=[-1.2834429, 0, -0.96202016]
[FRAME] NEW step=0.1
[FRAME] RigidBody[1]: Pos=[0, 7.039235, 0], Rot=[0.14134686, -0.7921345, 0.00000004067116, -0.5937541], Vel=[0, 0.5836109, 0], AngVel=[2.5668857, 0, 1.9240403]
[FRAME] RigidBody[2]: Pos=[0, -7.039235, 0], Rot=[-0.5275324, -0.57354724, -0.39250973, -0.4885583], Vel=[0, -0.5836109, 0], AngVel=[-1.2834429, 0, -0.96202016]
[FRAME] NEW step=0.1
[FRAME] RigidBody[1]: Pos=[0, 7.097596, 0], Rot=[0.2963453, -0.76422524, 0.00000004751442, -0.5728344], Vel=[0, 0.5836109, 0], AngVel=[2.5668857, 0, 1.9240403]
[FRAME] RigidBody[2]: Pos=[0, -7.097596, 0], Rot=[-0.585957, -0.55678684, -0.39500514, -0.4365935], Vel=[0, -0.5836109, 0], AngVel=[-1.2834429, 0, -0.96202016]
[FRAME] NEW step=0.1
[FRAME] RigidBody[1]: Pos=[0, 7.155957, 0], Rot=[0.44386363, -0.7170261, 0.00000005427131, -0.5374557], Vel=[0, 0.5836109, 0], AngVel=[2.5668857, 0, 1.9240403]
[FRAME] RigidBody[2]: Pos=[0, -7.155957, 0], Rot=[-0.64063084, -0.5364624, -0.3949721, -0.38183406], Vel=[0, -0.5836109, 0], AngVel=[-1.2834429, 0, -0.96202016]
[FRAME] NEW step=0.1
[FRAME] RigidBody[1]: Pos=[0, 7.2143183, 0], Rot=[0.5801784, -0.65172845, 0.000000053586376, -0.488511], Vel=[0, 0.5836109, 0], AngVel=[2.5668857, 0, 1.9240403]
[FRAME] RigidBody[2]: Pos=[0, -7.2143183, 0], Rot=[-0.6912041, -0.5127042, -0.39241084, -0.32463056], Vel=[0, -0.5836109, 0], AngVel=[-1.2834429, 0, -0.96202016]
[FRAME] NEW step=0.1
[FRAME] RigidBody[1]: Pos=[0, 7.2726793, 0], Rot=[0.7018488, -0.56998044, 0.000000060266636, -0.4272358], Vel=[0, 0.5836109, 0], AngVel=[2.5668857, 0, 1.9240403]
[FRAME] RigidBody[2]: Pos=[0, -7.2726793, 0], Rot=[-0.7373531, -0.4856642, -0.38733786, -0.26534915], Vel=[0, -0.5836109, 0], AngVel=[-1.2834429, 0, -0.96202016]
[FRAME] NEW step=0.1
[FRAME] RigidBody[1]: Pos=[0, 7.3310404, 0], Rot=[0.8058039, -0.4738456, 0.0000000668626, -0.35517675], Vel=[0, 0.5836109, 0], AngVel=[2.5668857, 0, 1.9240403]
[FRAME] RigidBody[2]: Pos=[0, -7.3310404, 0], Rot=[-0.7787823, -0.45551544, -0.37978554, -0.20436923], Vel=[0, -0.5836109, 0], AngVel=[-1.2834429, 0, -0.96202016]
[FRAME] NEW step=0.1
[FRAME] RigidBody[1]: Pos=[0, 7.3894014, 0], Rot=[0.88941956, -0.3657503, 0.00000006969703, -0.2741526], Vel=[0, 0.5836109, 0], AngVel=[2.5668857, 0, 1.9240403]
[FRAME] RigidBody[2]: Pos=[0, -7.3894014, 0], Rot=[-0.81522655, -0.422451, -0.36980224, -0.14208116], Vel=[0, -0.5836109, 0], AngVel=[-1.2834429, 0, -0.96202016]
[FRAME] NEW step=0.1
[FRAME] RigidBody[1]: Pos=[0, 7.4477625, 0], Rot=[0.9505853, -0.24842311, 0.000000068817414, -0.18620856], Vel=[0, 0.5836109, 0], AngVel=[2.5668857, 0, 1.9240403]
[FRAME] RigidBody[2]: Pos=[0, -7.4477625, 0], Rot=[-0.8464527, -0.3866825, -0.35745192, -0.07888367], Vel=[0, -0.5836109, 0], AngVel=[-1.2834429, 0, -0.96202016]
[FRAME] NEW step=0.1
[FRAME] RigidBody[1]: Pos=[0, 7.5061235, 0], Rot=[0.98775715, -0.12482542, 0.000000067948896, -0.09356439], Vel=[0, 0.5836109, 0], AngVel=[2.5668857, 0, 1.9240403]
[FRAME] RigidBody[2]: Pos=[0, -7.5061235, 0], Rot=[-0.8722607, -0.3484389, -0.34281355, -0.015181242], Vel=[0, -0.5836109, 0], AngVel=[-1.2834429, 0, -0.96202016]
[FRAME] NEW step=0.1
[FRAME] RigidBody[1]: Pos=[0, 7.5644846, 0], Rot=[0.9999971, 0.0019229875, 0.00000006525221, 0.0014414204], Vel=[0, 0.5836109, 0], AngVel=[2.5668857, 0, 1.9240403]
[FRAME] RigidBody[2]: Pos=[0, -7.5644846, 0], Rot=[-0.8924855, -0.30796495, -0.32598087, 0.048618354], Vel=[0, -0.5836109, 0], AngVel=[-1.2834429, 0, -0.96202016]
[FRAME] NEW step=0.1
[FRAME] RigidBody[1]: Pos=[0, 7.6228456, 0], Rot=[0.986996, 0.12862286, 0.000000061684354, 0.09641085], Vel=[0, 0.5836109, 0], AngVel=[2.5668857, 0, 1.9240403]
[FRAME] RigidBody[2]: Pos=[0, -7.6228456, 0], Rot=[-0.9069975, -0.26551974, -0.30706158, 0.11210675], Vel=[0, -0.5836109, 0], AngVel=[-1.2834429, 0, -0.96202016]
[FRAME] NEW step=0.1
[FRAME] RigidBody[1]: Pos=[0, 7.6812067, 0], Rot=[0.949082, 0.25207615, 0.000000058147158, 0.18894677], Vel=[0, 0.5836109, 0], AngVel=[2.5668857, 0, 1.9240403]
[FRAME] RigidBody[2]: Pos=[0, -7.6812067, 0], Rot=[-0.915704, -0.22137499, -0.2861769, 0.17487755], Vel=[0, -0.5836109, 0], AngVel=[-1.2834429, 0, -0.96202016]
[FRAME] NEW step=0.1
[FRAME] RigidBody[1]: Pos=[0, 7.7395678, 0], Rot=[0.8872122, 0.36916676, 0.000000053735036, 0.27671346], Vel=[0, 0.5836109, 0], AngVel=[2.5668857, 0, 1.9240403]
[FRAME] RigidBody[2]: Pos=[0, -7.7395678, 0], Rot=[-0.9185491, -0.1758132, -0.26346034, 0.23652898], Vel=[0, -0.5836109, 0], AngVel=[-1.2834429, 0, -0.96202016]
[FRAME] NEW step=0.1
[FRAME] RigidBody[1]: Pos=[0, 7.797929, 0], Rot=[0.80294824, 0.4769392, 0.000000049378595, 0.3574956], Vel=[0, 0.5836109, 0], AngVel=[2.5668857, 0, 1.9240403]
[FRAME] RigidBody[2]: Pos=[0, -7.797929, 0], Rot=[-0.91551465, -0.12912604, -0.23905742, 0.29666638], Vel=[0, -0.5836109, 0], AngVel=[-1.2834429, 0, -0.96202016]
[FRAME] NEW step=0.1
[FRAME] RigidBody[1]: Pos=[0, 7.85629, 0], Rot=[0.69841695, 0.5726732, 0.000000045077137, 0.42925417], Vel=[0, 0.5836109, 0], AngVel=[2.5668857, 0, 1.9240403]
[FRAME] RigidBody[2]: Pos=[0, -7.85629, 0], Rot=[-0.90662, -0.08161237, -0.21312432, 0.35490486], Vel=[0, -0.5836109, 0], AngVel=[-1.2834429, 0, -0.96202016]
[FRAME] NEW step=0.1
[FRAME] RigidBody[1]: Pos=[0, 7.914651, 0], Rot=[0.5762569, 0.6539523, 0.000000040829963, 0.49017793], Vel=[0, 0.5836109, 0], AngVel=[2.5668857, 0, 1.9240403]
[FRAME] RigidBody[2]: Pos=[0, -7.914651, 0], Rot=[-0.89192235, -0.033576317, -0.18582705, 0.41087168], Vel=[0, -0.5836109, 0], AngVel=[-1.2834429, 0, -0.96202016]
[FRAME] NEW step=0.1
[FRAME] RigidBody[1]: Pos=[0, 7.973012, 0], Rot=[0.43955147, 0.71872497, 0.000000040314667, 0.5387291], Vel=[0, 0.5836109, 0], AngVel=[2.5668857, 0, 1.9240403]
[FRAME] RigidBody[2]: Pos=[0, -7.973012, 0], Rot=[-0.8715154, 0.014674664, -0.1573403, 0.46420848], Vel=[0, -0.5836109, 0], AngVel=[-1.2834429, 0, -0.96202016]
[FRAME] NEW step=0.1
[FRAME] RigidBody[1]: Pos=[0, 8.031373, 0], Rot=[0.2917513, 0.7653562, 0.000000032449325, 0.57368207], Vel=[0, 0.5836109, 0], AngVel=[2.5668857, 0, 1.9240403]
[FRAME] RigidBody[2]: Pos=[0, -8.031373, 0], Rot=[-0.8455301, 0.062831715, -0.12784645, 0.514574], Vel=[0, -0.5836109, 0], AngVel=[-1.2834429, 0, -0.96202016]
[FRAME] NEW step=0.1
[FRAME] RigidBody[1]: Pos=[0, 8.089734, 0], Rot=[0.13658701, 0.792669, 0.000000024683247, 0.5941547], Vel=[0, 0.5836109, 0], AngVel=[2.5668857, 0, 1.9240403]
[FRAME] RigidBody[2]: Pos=[0, -8.089734, 0], Rot=[-0.8141325, 0.110586576, -0.09753424, 0.5616457], Vel=[0, -0.5836109, 0], AngVel=[-1.2834429, 0, -0.96202016]
[FRAME] NEW step=0.1
[FRAME] RigidBody[1]: Pos=[0, 8.148095, 0], Rot=[-0.02202488, 0.79997396, 0.000000024371731, 0.5996303], Vel=[0, 0.5836109, 0], AngVel=[2.5668857, 0, 1.9240403]
[FRAME] RigidBody[2]: Pos=[0, -8.148095, 0], Rot=[-0.7775239, 0.1576336, -0.06659774, 0.6051224], Vel=[0, -0.5836109, 0], AngVel=[-1.2834429, 0, -0.96202016]
[FRAME] NEW step=0.1
[FRAME] RigidBody[1]: Pos=[0, 8.206456, 0], Rot=[-0.18008085, 0.7870868, 0.000000016707597, 0.5899705], Vel=[0, 0.5836109, 0], AngVel=[2.5668857, 0, 1.9240403]
[FRAME] RigidBody[2]: Pos=[0, -8.206456, 0], Rot=[-0.73593825, 0.2036716, -0.03523494, 0.64472574], Vel=[0, -0.5836109, 0], AngVel=[-1.2834429, 0, -0.96202016]
[FRAME] NEW step=0.1
[FRAME] RigidBody[1]: Pos=[0, 8.264817, 0], Rot=[-0.3335914, 0.7543327, 0.000000009140189, 0.5654193], Vel=[0, 0.5836109, 0], AngVel=[2.5668857, 0, 1.9240403]
[FRAME] RigidBody[2]: Pos=[0, -8.264817, 0], Rot=[-0.68964195, 0.24840592, -0.0036466087, 0.68020225], Vel=[0, -0.5836109, 0], AngVel=[-1.2834429, 0, -0.96202016]
[FRAME] NEW step=0.1
[FRAME] RigidBody[1]: Pos=[0, 8.323178, 0], Rot=[-0.4786817, 0.70253843, 0.0000000016682846, 0.5265963], Vel=[0, 0.5836109, 0], AngVel=[2.5668857, 0, 1.9240403]
[FRAME] RigidBody[2]: Pos=[0, -8.323178, 0], Rot=[-0.6389314, 0.29155025, 0.027965065, 0.71132493], Vel=[0, -0.5836109, 0], AngVel=[-1.2834429, 0, -0.96202016]
[FRAME] NEW step=0.1
UNHANDLED CONTACT TYPE [EDGE|EDGE]
CONTACTS FOUND (1)
[FRAME] RigidBody[1]: Pos=[0, 8.379716, 0], Rot=[-0.60783315, 0.6353853, -0.000000015829103, 0.47626087], Vel=[-0.04236921, 0.4489527, 0.012003394], AngVel=[1.9633756, 0, -0.20621133]
[FRAME] RigidBody[2]: Pos=[0, -8.379716, 0], Rot=[-0.58589286, 0.3315759, 0.05842529, 0.73713875], Vel=[0.04236921, -0.4489527, -0.012003394], AngVel=[-1.5851979, 0, -2.0271459]
[FRAME] NEW step=0.1
[FRAME] RigidBody[1]: Pos=[-0.004236921, 8.424611, 0.0012003394], Rot=[-0.66208, 0.5729307, -0.053047344, 0.48019427], Vel=[-0.04236921, 0.4489527, 0.012003394], AngVel=[1.9633756, 0, -0.20621133]
[FRAME] RigidBody[2]: Pos=[0.004236921, -8.424611, -0.0012003394], Rot=[-0.48093313, 0.38079637, 0.08256257, 0.78541774], Vel=[0.04236921, -0.4489527, -0.012003394], AngVel=[-1.5851979, 0, -2.0271459]
[FRAME] NEW step=0.1
[FRAME] RigidBody[1]: Pos=[-0.008473842, 8.469506, 0.0024006788], Rot=[-0.7099227, 0.50493425, -0.10558155, 0.47948286], Vel=[-0.04236921, 0.4489527, 0.012003394], AngVel=[1.9633756, 0, -0.20621133]
[FRAME] RigidBody[2]: Pos=[0.008473842, -8.469506, -0.0024006788], Rot=[-0.3681088, 0.42378977, 0.10534972, 0.82085294], Vel=[0.04236921, -0.4489527, -0.012003394], AngVel=[-1.5851979, 0, -2.0271459]
[FRAME] NEW step=0.1
[FRAME] RigidBody[1]: Pos=[-0.012710763, 8.514401, 0.0036010183], Rot=[-0.7508984, 0.43205366, -0.1570945, 0.4741335], Vel=[-0.04236921, 0.4489527, 0.012003394], AngVel=[1.9633756, 0, -0.20621133]
[FRAME] RigidBody[2]: Pos=[0.012710763, -8.514401, -0.0036010183], Rot=[-0.24926497, 0.4598531, 0.12641414, 0.84286517], Vel=[0.04236921, -0.4489527, -0.012003394], AngVel=[-1.5851979, 0, -2.0271459]
[FRAME] NEW step=0.1
[FRAME] RigidBody[1]: Pos=[-0.016947685, 8.559297, 0.0048013576], Rot=[-0.78461087, 0.35499388, -0.20708789, 0.46419793], Vel=[-0.04236921, 0.4489527, 0.012003394], AngVel=[1.9633756, 0, -0.20621133]
[FRAME] RigidBody[2]: Pos=[0.016947685, -8.559297, -0.0048013576], Rot=[-0.12634496, 0.48839658, 0.14541134, 0.8510942], Vel=[0.04236921, -0.4489527, -0.012003394], AngVel=[-1.5851979, 0, -2.0271459]
[FRAME] NEW step=0.1
[FRAME] RigidBody[1]: Pos=[-0.021184606, 8.604192, 0.006001697], Rot=[-0.81073403, 0.27450037, -0.2550782, 0.44977236], Vel=[-0.04236921, 0.4489527, 0.012003394], AngVel=[1.9633756, 0, -0.20621133]
[FRAME] RigidBody[2]: Pos=[0.021184606, -8.604192, -0.006001697], Rot=[-0.0013588996, 0.5089535, 0.16203067, 0.8454056], Vel=[0.04236921, -0.4489527, -0.012003394], AngVel=[-1.5851979, 0, -2.0271459]
[FRAME] NEW step=0.1
UNHANDLED CONTACT TYPE [EDGE|EDGE]
CONTACTS FOUND (1)
UNHANDLED CONTACT TYPE [EDGE|EDGE]
[FRAME] RigidBody[1]: Pos=[-0.02327392, 8.654117, 0.0061879954], Rot=[-0.8821452, 0.14750843, -0.31327727, 0.3192468], Vel=[0.012746312, 0.23543046, -0.009019265], AngVel=[3.0439494, 0.00078623736, 2.6187646]
[FRAME] RigidBody[2]: Pos=[0.02327392, -8.654117, -0.0061879954], Rot=[0.1278725, 0.5185742, 0.19282155, 0.8231338], Vel=[-0.012746312, -0.23543046, 0.009019265], AngVel=[-1.044911, 0.00039311868, -0.6146579]
[FRAME] NEW step=0.1
[FRAME] RigidBody[1]: Pos=[-0.02199929, 8.67766, 0.005286069], Rot=[-0.9278689, 0.053218685, -0.33588332, 0.15300125], Vel=[0.012746312, 0.23543046, -0.009019265], AngVel=[3.0439494, 0.00078623736, 2.6187646]
[FRAME] RigidBody[2]: Pos=[0.02199929, -8.67766, -0.005286069], Rot=[0.17992896, 0.5168869, 0.21948902, 0.8076374], Vel=[-0.012746312, -0.23543046, 0.009019265], AngVel=[-1.044911, 0.00039311868, -0.6146579]
[FRAME] NEW step=0.1
[FRAME] RigidBody[1]: Pos=[-0.02072466, 8.701203, 0.004384143], Rot=[-0.93728536, -0.043153472, -0.34534636, -0.019231185], Vel=[0.012746312, 0.23543046, -0.009019265], AngVel=[3.0439494, 0.00078623736, 2.6187646]
[FRAME] RigidBody[2]: Pos=[0.02072466, -8.701203, -0.004384143], Rot=[0.23132616, 0.5133057, 0.24535228, 0.78918177], Vel=[-0.012746312, -0.23543046, 0.009019265], AngVel=[-1.044911, 0.00039311868, -0.6146579]
[FRAME] NEW step=0.1
[FRAME] RigidBody[1]: Pos=[-0.01945003, 8.724747, 0.0034822163], Rot=[-0.9100259, -0.13783705, -0.34129602, -0.19071111], Vel=[0.012746312, 0.23543046, -0.009019265], AngVel=[3.0439494, 0.00078623736, 2.6187646]
[FRAME] RigidBody[2]: Pos=[0.01945003, -8.724747, -0.0034822163], Rot=[0.28187576, 0.5078437, 0.27031654, 0.7678344], Vel=[-0.012746312, -0.23543046, 0.009019265], AngVel=[-1.044911, 0.00039311868, -0.6146579]
[FRAME] NEW step=0.1
[FRAME] RigidBody[1]: Pos=[-0.018175399, 8.74829, 0.0025802897], Rot=[-0.8471574, -0.2271271, -0.32389086, -0.35472855], Vel=[0.012746312, 0.23543046, -0.009019265], AngVel=[3.0439494, 0.00078623736, 2.6187646]
[FRAME] RigidBody[2]: Pos=[0.018175399, -8.74829, -0.0025802897], Rot=[0.3313926, 0.500521, 0.29429036, 0.74367386], Vel=[-0.012746312, -0.23543046, 0.009019265], AngVel=[-1.044911, 0.00039311868, -0.6146579]
[FRAME] NEW step=0.1
[FRAME] RigidBody[1]: Pos=[-0.016900769, 8.771833, 0.0016783632], Rot=[-0.7511397, -0.30752972, -0.2938119, -0.50486547], Vel=[0.012746312, 0.23543046, -0.009019265], AngVel=[3.0439494, 0.00078623736, 2.6187646]
[FRAME] RigidBody[2]: Pos=[0.016900769, -8.771833, -0.0016783632], Rot=[0.37969518, 0.49136442, 0.3171859, 0.7167885], Vel=[-0.012746312, -0.23543046, 0.009019265], AngVel=[-1.044911, 0.00039311868, -0.6146579]
[FRAME] NEW step=0.1
[FRAME] RigidBody[1]: Pos=[-0.015626138, 8.795377, 0.0007764367], Rot=[-0.6257301, -0.37589875, -0.25223613, -0.6352472], Vel=[0.012746312, 0.23543046, -0.009019265], AngVel=[3.0439494, 0.00078623736, 2.6187646]
[FRAME] RigidBody[2]: Pos=[0.015626138, -8.795377, -0.0007764367], Rot=[0.42660657, 0.48040748, 0.33891928, 0.6872767], Vel=[-0.012746312, -0.23543046, 0.009019265], AngVel=[-1.044911, 0.00039311868, -0.6146579]
[FRAME] NEW step=0.1
[FRAME] RigidBody[1]: Pos=[-0.014351507, 8.81892, -0.00012548978], Rot=[-0.4758357, -0.4295589, -0.20079039, -0.7407717], Vel=[0.012746312, 0.23543046, -0.009019265], AngVel=[3.0439494, 0.00078623736, 2.6187646]
[FRAME] RigidBody[2]: Pos=[0.014351507, -8.81892, 0.00012548978], Rot=[0.47195485, 0.4676903, 0.35941085, 0.6552468], Vel=[-0.012746312, -0.23543046, 0.009019265], AngVel=[-1.044911, 0.00039311868, -0.6146579]
[FRAME] NEW step=0.1
[FRAME] RigidBody[1]: Pos=[-0.013076875, 8.8424635, -0.0010274162], Rot=[-0.30732197, -0.46641046, -0.14148776, -0.81731], Vel=[0.012746312, 0.23543046, -0.009019265], AngVel=[3.0439494, 0.00078623736, 2.6187646]
[FRAME] RigidBody[2]: Pos=[0.013076875, -8.8424635, 0.0010274162], Rot=[0.5155738, 0.45325944, 0.37858552, 0.620816], Vel=[-0.012746312, -0.23543046, 0.009019265], AngVel=[-1.044911, 0.00039311868, -0.6146579]
[FRAME] NEW step=0.1
[FRAME] RigidBody[1]: Pos=[-0.011802244, 8.866007, -0.0019293427], Rot=[-0.1267828, -0.48501152, -0.07664876, -0.86186713], Vel=[0.012746312, 0.23543046, -0.009019265], AngVel=[3.0439494, 0.00078623736, 2.6187646]
[FRAME] RigidBody[2]: Pos=[0.011802244, -8.866007, 0.0019293427], Rot=[0.5573038, 0.43716785, 0.3963731, 0.58411056], Vel=[-0.012746312, -0.23543046, 0.009019265], AngVel=[-1.044911, 0.00039311868, -0.6146579]
[FRAME] NEW step=0.1
[FRAME] RigidBody[1]: Pos=[-0.010527613, 8.88955, -0.0028312693], Rot=[0.05871735, -0.4846341, -0.008810471, -0.8726995], Vel=[0.012746312, 0.23543046, -0.009019265], AngVel=[3.0439494, 0.00078623736, 2.6187646]
[FRAME] RigidBody[2]: Pos=[0.010527613, -8.88955, 0.0028312693], Rot=[0.5969918, 0.4194745, 0.41270834, 0.5452649], Vel=[-0.012746312, -0.23543046, 0.009019265], AngVel=[-1.044911, 0.00039311868, -0.6146579]
[FRAME] NEW step=0.1
[FRAME] RigidBody[1]: Pos=[-0.009252981, 8.913094, -0.0037331958], Rot=[0.24191993, -0.46529308, 0.05937256, -0.84938335], Vel=[0.012746312, 0.23543046, -0.009019265], AngVel=[3.0439494, 0.00078623736, 2.6187646]
[FRAME] RigidBody[2]: Pos=[0.009252981, -8.913094, 0.0037331958], Rot=[0.6344924, 0.40024418, 0.42753142, 0.5044214], Vel=[-0.012746312, -0.23543046, 0.009019265], AngVel=[-1.044911, 0.00039311868, -0.6146579]
[FRAME] NEW step=0.1
[FRAME] RigidBody[1]: Pos=[-0.00797835, 8.936637, -0.004635122], Rot=[0.4156562, -0.42774516, 0.12523235, -0.7928309], Vel=[0.012746312, 0.23543046, -0.009019265], AngVel=[3.0439494, 0.00078623736, 2.6187646]
[FRAME] RigidBody[2]: Pos=[0.00797835, -8.936637, 0.004635122], Rot=[0.66966826, 0.37954736, 0.44078803, 0.4617297], Vel=[-0.012746312, -0.23543046, 0.009019265], AngVel=[-1.044911, 0.00039311868, -0.6146579]
[FRAME] NEW step=0.1
[FRAME] RigidBody[1]: Pos=[-0.0067037186, 8.96018, -0.0055370484], Rot=[0.5731279, -0.37345967, 0.18619183, -0.7052551], Vel=[0.012746312, 0.23543046, -0.009019265], AngVel=[3.0439494, 0.00078623736, 2.6187646]
[FRAME] RigidBody[2]: Pos=[0.0067037186, -8.96018, 0.0055370484], Rot=[0.7023904, 0.35745984, 0.4524295, 0.41734615], Vel=[-0.012746312, -0.23543046, 0.009019265], AngVel=[-1.044911, 0.00039311868, -0.6146579]
[FRAME] NEW step=0.1
[FRAME] RigidBody[1]: Pos=[-0.005429087, 8.983724, -0.0064389748], Rot=[0.7081733, -0.3045608, 0.23986566, -0.5900829], Vel=[0.012746312, 0.23543046, -0.009019265], AngVel=[3.0439494, 0.00078623736, 2.6187646]
[FRAME] RigidBody[2]: Pos=[0.005429087, -8.983724, 0.0064389748], Rot=[0.732539, 0.3340626, 0.46241334, 0.3714335], Vel=[-0.012746312, -0.23543046, 0.009019265], AngVel=[-1.044911, 0.00039311868, -0.6146579]
[FRAME] NEW step=0.1
[FRAME] RigidBody[1]: Pos=[-0.004154456, 9.007267, -0.007340901], Rot=[0.8155078, -0.2237445, 0.28415358, -0.45182073], Vel=[0.012746312, 0.23543046, -0.009019265], AngVel=[3.0439494, 0.00078623736, 2.6187646]
[FRAME] RigidBody[2]: Pos=[0.004154456, -9.007267, 0.007340901], Rot=[0.76000345, 0.30944133, 0.4707028, 0.32415986], Vel=[-0.012746312, -0.23543046, 0.009019265], AngVel=[-1.044911, 0.00039311868, -0.6146579]
[FRAME] NEW step=0.1
[FRAME] RigidBody[1]: Pos=[-0.0028798245, 9.03081, -0.008242828], Rot=[0.8909318, -0.13417314, 0.31732264, -0.29587898], Vel=[0.012746312, 0.23543046, -0.009019265], AngVel=[3.0439494, 0.00078623736, 2.6187646]
[FRAME] RigidBody[2]: Pos=[0.0028798245, -9.03081, 0.008242828], Rot=[0.78468335, 0.28368628, 0.47726768, 0.27569854], Vel=[-0.012746312, -0.23543046, 0.009019265], AngVel=[-1.044911, 0.00039311868, -0.6146579]
[FRAME] NEW step=0.1
[FRAME] RigidBody[1]: Pos=[-0.0016051932, 9.054354, -0.009144754], Rot=[0.93149376, -0.039351616, 0.33807492, -0.12835951], Vel=[0.012746312, 0.23543046, -0.009019265], AngVel=[3.0439494, 0.00078623736, 2.6187646]
[FRAME] RigidBody[2]: Pos=[0.0016051932, -9.054354, 0.009144754], Rot=[0.80648816, 0.25689182, 0.48208383, 0.22622705], Vel=[-0.012746312, -0.23543046, 0.009019265], AngVel=[-1.044911, 0.00039311868, -0.6146579]
[FRAME] NEW step=0.1
[FRAME] RigidBody[1]: Pos=[-0.000330562, 9.077897, -0.01004668], Rot=[0.9356065, 0.057009738, 0.34559834, 0.044182632], Vel=[0.012746312, 0.23543046, -0.009019265], AngVel=[3.0439494, 0.00078623736, 2.6187646]
[FRAME] RigidBody[2]: Pos=[0.000330562, -9.077897, 0.01004668], Rot=[0.82533795, 0.22915609, 0.48513365, 0.17592664], Vel=[-0.012746312, -0.23543046, 0.009019265], AngVel=[-1.044911, 0.00039311868, -0.6146579]
[FRAME] NEW step=0.1
[FRAME] RigidBody[1]: Pos=[0.00094406924, 9.10144, -0.010948607], Rot=[0.90310913, 0.15114033, 0.3395986, 0.21499594], Vel=[0.012746312, 0.23543046, -0.009019265], AngVel=[3.0439494, 0.00078623736, 2.6187646]
[FRAME] RigidBody[2]: Pos=[-0.00094406924, -9.10144, 0.010948607], Rot=[0.8411637, 0.20058073, 0.4864059, 0.12498165], Vel=[-0.012746312, -0.23543046, 0.009019265], AngVel=[-1.044911, 0.00039311868, -0.6146579]
[FRAME] NEW step=0.1
[FRAME] RigidBody[1]: Pos=[0.0022187005, 9.124984, -0.011850533], Rot=[0.8352733, 0.23935683, 0.3203104, 0.37739652], Vel=[0.012746312, 0.23543046, -0.009019265], AngVel=[3.0439494, 0.00078623736, 2.6187646]
[FRAME] RigidBody[2]: Pos=[-0.0022187005, -9.124984, 0.011850533], Rot=[0.85390735, 0.17127043, 0.48589593, 0.073578715], Vel=[-0.012746312, -0.23543046, 0.009019265], AngVel=[-1.044911, 0.00039311868, -0.6146579]
[FRAME] NEW step=0.1
[FRAME] RigidBody[1]: Pos=[0.0034933318, 9.148527, -0.012752459], Rot=[0.7347533, 0.31820732, 0.2884885, 0.52502954], Vel=[0.012746312, 0.23543046, -0.009019265], AngVel=[3.0439494, 0.00078623736, 2.6187646]
[FRAME] RigidBody[2]: Pos=[-0.0034933318, -9.148527, 0.012752459], Rot=[0.8635223, 0.1413326, 0.48360568, 0.021906199], Vel=[-0.012746312, -0.23543046, 0.009019265], AngVel=[-1.044911, 0.00039311868, -0.6146579]
[FRAME] NEW step=0.1
[FRAME] RigidBody[1]: Pos=[0.004767963, 9.1720705, -0.013654386], Rot=[0.6054826, 0.38460645, 0.24537815, 0.6521184], Vel=[0.012746312, 0.23543046, -0.009019265], AngVel=[3.0439494, 0.00078623736, 2.6187646]
[FRAME] RigidBody[2]: Pos=[-0.004767963, -9.1720705, 0.013654386], Rot=[0.86997336, 0.11087693, 0.47954348, -0.029846586], Vel=[-0.012746312, -0.23543046, 0.009019265], AngVel=[-1.044911, 0.00039311868, -0.6146579]
[FRAME] NEW step=0.1
[FRAME] RigidBody[1]: Pos=[0.0060425946, 9.195614, -0.014556312], Rot=[0.4525194, 0.43595594, 0.19266616, 0.7536899], Vel=[0.012746312, 0.23543046, -0.009019265], AngVel=[3.0439494, 0.00078623736, 2.6187646]
[FRAME] RigidBody[2]: Pos=[-0.0060425946, -9.195614, 0.014556312], Rot=[0.8732367, 0.080015, 0.47372416, -0.08149001], Vel=[-0.012746312, -0.23543046, 0.009019265], AngVel=[-1.044911, 0.00039311868, -0.6146579]
[FRAME] NEW step=0.1
[FRAME] RigidBody[1]: Pos=[0.007317226, 9.219157, -0.015458238], Rot=[0.28184918, 0.47024655, 0.13241518, 0.8257696], Vel=[0.012746312, 0.23543046, -0.009019265], AngVel=[3.0439494, 0.00078623736, 2.6187646]
[FRAME] RigidBody[2]: Pos=[-0.007317226, -9.219157, 0.015458238], Rot=[0.87330055, 0.048859905, 0.46616915, -0.13283487], Vel=[-0.012746312, -0.23543046, 0.009019265], AngVel=[-1.044911, 0.00039311868, -0.6146579]
[FRAME] NEW step=0.1
[FRAME] RigidBody[1]: Pos=[0.008591857, 9.242701, -0.016360166], Rot=[0.10015028, 0.4861365, 0.0669828, 0.8655371], Vel=[0.012746312, 0.23543046, -0.009019265], AngVel=[3.0439494, 0.00078623736, 2.6187646]
[FRAME] RigidBody[2]: Pos=[-0.008591857, -9.242701, 0.016360166], Rot=[0.87016463, 0.017525787, 0.4569061, -0.183693], Vel=[-0.012746312, -0.23543046, 0.009019265], AngVel=[-1.044911, 0.00039311868, -0.6146579]
[FRAME] NEW step=0.1
[FRAME] RigidBody[1]: Pos=[0.009866488, 9.266244, -0.017262092], Rot=[-0.085467465, 0.48300403, -0.0010706005, 0.87143636], Vel=[0.012746312, 0.23543046, -0.009019265], AngVel=[3.0439494, 0.00078623736, 2.6187646]
[FRAME] RigidBody[2]: Pos=[-0.009866488, -9.266244, 0.017262092], Rot=[0.86384046, -0.013872549, 0.44596893, -0.2338781], Vel=[-0.012746312, -0.23543046, 0.009019265], AngVel=[-1.044911, 0.00039311868, -0.6146579]
[FRAME] NEW step=0.1
[FRAME] RigidBody[1]: Pos=[0.0111411195, 9.289787, -0.018164018], Rot=[-0.26774088, 0.46097168, -0.06908211, 0.8432364], Vel=[0.012746312, 0.23543046, -0.009019265], AngVel=[3.0439494, 0.00078623736, 2.6187646]
[FRAME] RigidBody[2]: Pos=[-0.0111411195, -9.289787, 0.018164018], Rot=[0.85435116, -0.04522006, 0.43339774, -0.28320625], Vel=[-0.012746312, -0.23543046, 0.009019265], AngVel=[-1.044911, 0.00039311868, -0.6146579]
[FRAME] NEW step=0.1
[FRAME] RigidBody[1]: Pos=[0.012415751, 9.313331, -0.019065944], Rot=[-0.4395376, 0.4209016, -0.13439043, 0.7820407], Vel=[0.012746312, 0.23543046, -0.009019265], AngVel=[3.0439494, 0.00078623736, 2.6187646]
[FRAME] RigidBody[2]: Pos=[-0.012415751, -9.313331, 0.019065944], Rot=[0.84173137, -0.076401874, 0.4192385, -0.33149672], Vel=[-0.012746312, -0.23543046, 0.009019265], AngVel=[-1.044911, 0.00039311868, -0.6146579]
[FRAME] NEW step=0.1
[FRAME] RigidBody[1]: Pos=[0.013690382, 9.336874, -0.01996787], Rot=[-0.59413534, 0.36436173, -0.1944401, 0.69024396], Vel=[0.012746312, 0.23543046, -0.009019265], AngVel=[3.0439494, 0.00078623736, 2.6187646]
[FRAME] RigidBody[2]: Pos=[-0.013690382, -9.336874, 0.01996787], Rot=[0.8260276, -0.10730376, 0.40354323, -0.37857258], Vel=[-0.012746312, -0.23543046, 0.009019265], AngVel=[-1.044911, 0.00039311868, -0.6146579]
[FRAME] NEW step=0.1
[FRAME] RigidBody[1]: Pos=[0.014965014, 9.360417, -0.020869797], Rot=[-0.72548467, 0.29356444, -0.24688134, 0.5714381], Vel=[0.012746312, 0.23543046, -0.009019265], AngVel=[3.0439494, 0.00078623736, 2.6187646]
[FRAME] RigidBody[2]: Pos=[-0.014965014, -9.360417, 0.020869797], Rot=[0.8072972, -0.13781248, 0.38636938, -0.42426136], Vel=[-0.012746312, -0.23543046, 0.009019265], AngVel=[-1.044911, 0.00039311868, -0.6146579]
[FRAME] NEW step=0.1
[FRAME] RigidBody[1]: Pos=[0.016239645, 9.383961, -0.021771723], Rot=[-0.8284459, 0.21128003, -0.28966218, 0.43027195], Vel=[0.012746312, 0.23543046, -0.009019265], AngVel=[3.0439494, 0.00078623736, 2.6187646]
[FRAME] RigidBody[2]: Pos=[-0.016239645, -9.383961, 0.021771723], Rot=[0.7856088, -0.16781624, 0.3677798, -0.4683956], Vel=[-0.012746312, -0.23543046, 0.009019265], AngVel=[-1.044911, 0.00039311868, -0.6146579]
[FRAME] NEW step=0.1
[FRAME] RigidBody[1]: Pos=[0.017514275, 9.407504, -0.02267365], Rot=[-0.89899015, 0.12072825, -0.32110855, 0.27226934], Vel=[0.012746312, 0.23543046, -0.009019265], AngVel=[3.0439494, 0.00078623736, 2.6187646]
[FRAME] RigidBody[2]: Pos=[-0.017514275, -9.407504, 0.02267365], Rot=[0.761042, -0.19720514, 0.3478427, -0.51081365], Vel=[-0.012746312, -0.23543046, 0.009019265], AngVel=[-1.044911, 0.00039311868, -0.6146579]
[FRAME] NEW step=0.1
[FRAME] RigidBody[1]: Pos=[0.018788906, 9.431047, -0.023575576], Rot=[-0.93435717, 0.025452394, -0.33999005, 0.10361287], Vel=[0.012746312, 0.23543046, -0.009019265], AngVel=[3.0439494, 0.00078623736, 2.6187646]
[FRAME] RigidBody[2]: Pos=[-0.018788906, -9.431047, 0.023575576], Rot=[0.7336867, -0.22587147, 0.32663113, -0.55136013], Vel=[-0.012746312, -0.23543046, 0.009019265], AngVel=[-1.044911, 0.00039311868, -0.6146579]
[FRAME] NEW step=0.1
[FRAME] RigidBody[1]: Pos=[0.020063536, 9.454591, -0.024477502], Rot=[-0.93316287, -0.07081941, -0.34556776, -0.06909795], Vel=[0.012746312, 0.23543046, -0.009019265], AngVel=[3.0439494, 0.00078623736, 2.6187646]
[FRAME] RigidBody[2]: Pos=[-0.020063536, -9.454591, 0.024477502], Rot=[0.70364314, -0.2537102, 0.30422276, -0.58988637], Vel=[-0.012746312, -0.23543046, 0.009019265], AngVel=[-1.044911, 0.00039311868, -0.6146579]
[FRAME] NEW step=0.1
[FRAME] RigidBody[1]: Pos=[0.021338167, 9.478134, -0.025379429], Rot=[-0.8954541, -0.16432007, -0.3376235, -0.239105], Vel=[0.012746312, 0.23543046, -0.009019265], AngVel=[3.0439494, 0.00078623736, 2.6187646]
[FRAME] RigidBody[2]: Pos=[-0.021338167, -9.478134, 0.025379429], Rot=[0.67102146, -0.28061935, 0.2806997, -0.6262512], Vel=[-0.012746312, -0.23543046, 0.009019265], AngVel=[-1.044911, 0.00039311868, -0.6146579]
[FRAME] NEW step=0.1
[FRAME] RigidBody[1]: Pos=[0.022612797, 9.5016775, -0.026281355], Rot=[-0.8227064, -0.25139093, -0.31646812, -0.3997559], Vel=[0.012746312, 0.23543046, -0.009019265], AngVel=[3.0439494, 0.00078623736, 2.6187646]
[FRAME] RigidBody[2]: Pos=[-0.022612797, -9.5016775, 0.026281355], Rot=[0.63594115, -0.3065003, 0.25614816, -0.66032153], Vel=[-0.012746312, -0.23543046, 0.009019265], AngVel=[-1.044911, 0.00039311868, -0.6146579]
[FRAME] NEW step=0.1
[FRAME] RigidBody[1]: Pos=[0.023887428, 9.525221, -0.027183281], Rot=[-0.7177663, -0.32862487, -0.28292936, -0.5447644], Vel=[0.012746312, 0.23543046, -0.009019265], AngVel=[3.0439494, 0.00078623736, 2.6187646]
[FRAME] RigidBody[2]: Pos=[-0.023887428, -9.525221, 0.027183281], Rot=[0.5985307, -0.3312582, 0.2306581, -0.69197243], Vel=[-0.012746312, -0.23543046, 0.009019265], AngVel=[-1.044911, 0.00039311868, -0.6146579]
[FRAME] NEW step=0.1
[FRAME] RigidBody[1]: Pos=[0.025162058, 9.548764, -0.028085208], Rot=[-0.58474016, -0.3929998, -0.23831964, -0.66845644], Vel=[0.012746312, 0.23543046, -0.009019265], AngVel=[3.0439494, 0.00078623736, 2.6187646]
[FRAME] RigidBody[2]: Pos=[-0.025162058, -9.548764, 0.028085208], Rot=[0.5589273, -0.3548024, 0.2043229, -0.72108793], Vel=[-0.012746312, -0.23543046, 0.009019265], AngVel=[-1.044911, 0.00039311868, -0.6146579]
ok
test integration_tests::cube_systems_test::dropping_a_cube_on_a_platform ... [RENDERABLE]
[NEW] RigidBody[1]: Pos=[0, 0, 3], Rot=[1, 0, 0, 0], Vel=[0, 0, -1], AngVel=[0.3, 0.4, 0.5], Shape=Cube{ w=1, h=1, d=1 }
[NEW] StaticBody[2]: Pos=[0, 0, 0], Rot=[1, 0, 0, 0], Shape=Cube{ w=10, h=10, d=0.1 }
[FRAME] NEW step=0.1
[FRAME] RigidBody[1]: Pos=[0, 0, 2.895], Rot=[0.99937564, 0.014990635, 0.019987514, 0.024984391], Vel=[0, 0, -1.05], AngVel=[0.3, 0.4, 0.5]
[FRAME] StaticBody[2]: Pos=[0, 0, 0], Rot=[1, 0, 0, 0]
[FRAME] NEW step=0.1
[FRAME] RigidBody[1]: Pos=[0, 0, 2.785], Rot=[0.9975031, 0.029962547, 0.039950065, 0.049937576], Vel=[0, 0, -1.0999999], AngVel=[0.3, 0.4, 0.5]
[FRAME] StaticBody[2]: Pos=[0, 0, 0], Rot=[1, 0, 0, 0]
[VIOLATION] <ENERGY>: Total energy increased by 0.108749926
[FRAME] NEW step=0.1
[FRAME] RigidBody[1]: Pos=[0, 0, 2.67], Rot=[0.99438494, 0.044897042, 0.059862725, 0.0748284], Vel=[0, 0, -1.1499999], AngVel=[0.3, 0.4, 0.5]
[FRAME] StaticBody[2]: Pos=[0, 0, 0], Rot=[1, 0, 0, 0]
[VIOLATION] <ENERGY>: Total energy increased by 0.11374992
[FRAME] NEW step=0.1
[FRAME] RigidBody[1]: Pos=[0, 0, 2.5500002], Rot=[0.990025, 0.059775468, 0.079700634, 0.09962578], Vel=[0, 0, -1.1999998], AngVel=[0.3, 0.4, 0.5]
[FRAME] StaticBody[2]: Pos=[0, 0, 0], Rot=[1, 0, 0, 0]
[VIOLATION] <ENERGY>: Total energy increased by 0.11874992
[FRAME] NEW step=0.1
[FRAME] RigidBody[1]: Pos=[0, 0, 2.4250002], Rot=[0.98442864, 0.07457925, 0.099439, 0.12429875], Vel=[0, 0, -1.2499998], AngVel=[0.3, 0.4, 0.5]
[FRAME] StaticBody[2]: Pos=[0, 0, 0], Rot=[1, 0, 0, 0]
[VIOLATION] <ENERGY>: Total energy increased by 0.12374991
[FRAME] NEW step=0.1
[FRAME] RigidBody[1]: Pos=[0, 0, 2.2950003], Rot=[0.97760284, 0.08928988, 0.119053185, 0.14881647], Vel=[0, 0, -1.2999997], AngVel=[0.3, 0.4, 0.5]
[FRAME] StaticBody[2]: Pos=[0, 0, 0], Rot=[1, 0, 0, 0]
[VIOLATION] <ENERGY>: Total energy increased by 0.12874985
[FRAME] NEW step=0.1
[FRAME] RigidBody[1]: Pos=[0, 0, 2.1600003], Rot=[0.9695563, 0.10388902, 0.13851869, 0.17314835], Vel=[0, 0, -1.3499997], AngVel=[0.3, 0.4, 0.5]
[FRAME] StaticBody[2]: Pos=[0, 0, 0], Rot=[1, 0, 0, 0]
[VIOLATION] <ENERGY>: Total energy increased by 0.13374996
[FRAME] NEW step=0.1
[FRAME] RigidBody[1]: Pos=[0, 0, 2.0200005], Rot=[0.9602988, 0.1183584, 0.1578112, 0.19726399], Vel=[0, 0, -1.3999996], AngVel=[0.3, 0.4, 0.5]
[FRAME] StaticBody[2]: Pos=[0, 0, 0], Rot=[1, 0, 0, 0]
[VIOLATION] <ENERGY>: Total energy increased by 0.13874984
[FRAME] NEW step=0.1
[FRAME] RigidBody[1]: Pos=[0, 0, 1.8750005], Rot=[0.94984215, 0.13267998, 0.17690665, 0.22113329], Vel=[0, 0, -1.4499996], AngVel=[0.3, 0.4, 0.5]
[FRAME] StaticBody[2]: Pos=[0, 0, 0], Rot=[1, 0, 0, 0]
[VIOLATION] <ENERGY>: Total energy increased by 0.1437499
[FRAME] NEW step=0.1
[FRAME] RigidBody[1]: Pos=[0, 0, 1.7250005], Rot=[0.93819934, 0.14683586, 0.19578117, 0.24472645], Vel=[0, 0, -1.4999995], AngVel=[0.3, 0.4, 0.5]
[FRAME] StaticBody[2]: Pos=[0, 0, 0], Rot=[1, 0, 0, 0]
[VIOLATION] <ENERGY>: Total energy increased by 0.14874989
[FRAME] NEW step=0.1
[FRAME] RigidBody[1]: Pos=[0, 0, 1.5700005], Rot=[0.92538476, 0.16080835, 0.21441117, 0.26801395], Vel=[0, 0, -1.5499995], AngVel=[0.3, 0.4, 0.5]
[FRAME] StaticBody[2]: Pos=[0, 0, 0], Rot=[1, 0, 0, 0]
[VIOLATION] <ENERGY>: Total energy increased by 0.15374994
[FRAME] NEW step=0.1
[FRAME] RigidBody[1]: Pos=[0, 0, 1.4100006], Rot=[0.9114147, 0.17458005, 0.23277342, 0.29096678], Vel=[0, 0, -1.5999994], AngVel=[0.3, 0.4, 0.5]
[FRAME] StaticBody[2]: Pos=[0, 0, 0], Rot=[1, 0, 0, 0]
[VIOLATION] <ENERGY>: Total energy increased by 0.15874988
[FRAME] NEW step=0.1
[FRAME] RigidBody[1]: Pos=[0, 0, 1.2450006], Rot=[0.89630634, 0.18813373, 0.250845, 0.31355625], Vel=[0, 0, -1.6499994], AngVel=[0.3, 0.4, 0.5]
[FRAME] StaticBody[2]: Pos=[0, 0, 0], Rot=[1, 0, 0, 0]
[VIOLATION] <ENERGY>: Total energy increased by 0.16374981
[FRAME] NEW step=0.1
[FRAME] RigidBody[1]: Pos=[0, 0, 1.0750006], Rot=[0.8800787, 0.20145248, 0.2686033, 0.33575413], Vel=[0, 0, -1.6999993], AngVel=[0.3, 0.4, 0.5]
[FRAME] StaticBody[2]: Pos=[0, 0, 0], Rot=[1, 0, 0, 0]
[VIOLATION] <ENERGY>: Total energy increased by 0.16874987
[FRAME] NEW step=0.1
[FRAME] RigidBody[1]: Pos=[0, 0, 0.9000007], Rot=[0.86275196, 0.21451963, 0.28602618, 0.3575327], Vel=[0, 0, -1.7499993], AngVel=[0.3, 0.4, 0.5]
[FRAME] StaticBody[2]: Pos=[0, 0, 0], Rot=[1, 0, 0, 0]
[VIOLATION] <ENERGY>: Total energy increased by 0.17374998
[FRAME] NEW step=0.1
CONTACTS FOUND (1)
FAILED
test unit_tests::collisions::narrowphase::gjk_epa_implementation_test::almost_colliding_edge_to_edge ... ok
test unit_tests::collisions::narrowphase::gjk_epa_implementation_test::almost_colliding_edge_to_face ... ok
test unit_tests::collisions::narrowphase::gjk_epa_implementation_test::almost_colliding_face_to_face ... ok
test unit_tests::collisions::narrowphase::gjk_epa_implementation_test::almost_colliding_vertex_to_face ... ok
test unit_tests::collisions::narrowphase::gjk_epa_implementation_test::almost_colliding_vertex_to_vertex ... ok
test unit_tests::collisions::narrowphase::gjk_epa_implementation_test::colliding_edge_to_edge ... UNHANDLED CONTACT TYPE [EDGE|FACE]
ok
test unit_tests::collisions::narrowphase::gjk_epa_implementation_test::colliding_edge_to_face ... UNHANDLED CONTACT TYPE [FACE|EDGE]
ok
test unit_tests::collisions::narrowphase::gjk_epa_implementation_test::colliding_face_to_face ... UNHANDLED CONTACT TYPE [FACE|FACE]
ok
test unit_tests::collisions::narrowphase::gjk_epa_implementation_test::colliding_vertex_to_face ... ok
test unit_tests::collisions::narrowphase::gjk_epa_implementation_test::colliding_vertex_to_vertex ... UNHANDLED CONTACT TYPE [FACE|FACE]
ok
test unit_tests::collisions::simple_collision_space_test::creating_a_rigid_body ... ok
test unit_tests::collisions::simple_collision_space_test::finding_a_body_with_a_handle ... ok
test unit_tests::collisions::simple_collision_space_test::iterating_over_bodies ... ok
test unit_tests::collisions::simple_collision_space_test::mutably_finding_a_body_with_a_handle ... ok
test unit_tests::collisions::simple_collision_space_test::mutably_iterating_over_bodies ... ok
test unit_tests::core::state_test::chaining_with_angular_velocity ... ok
test unit_tests::core::state_test::chaining_with_axis_angle ... ok
test unit_tests::core::state_test::chaining_with_position ... ok
test unit_tests::core::state_test::chaining_with_velocity ... ok
test unit_tests::core::state_test::instantiating_as_stationary ... ok
test unit_tests::core::state_test::instantiating_with_axis_angle ... ok
test unit_tests::core::state_test::instantiating_with_position ... ok
test unit_tests::core::state_test::setting_the_angular_velocity_with_scalar_components ... ok
test unit_tests::core::state_test::setting_the_position_with_a_vector ... ok
test unit_tests::core::state_test::setting_the_position_with_scalar_components ... ok
test unit_tests::core::state_test::setting_the_rotation_with_axis_angle ... ok
test unit_tests::core::state_test::setting_the_velocity_with_scalar_components ... ok
test unit_tests::core::state_test::setting_velocity_with_a_vector ... ok
test unit_tests::core::state_test::transforming_a_direction_with_only_rotation ... ok
test unit_tests::core::state_test::transforming_a_direction_with_only_translation ... ok
test unit_tests::core::state_test::transforming_a_direction_with_translation_and_rotation ... ok
test unit_tests::core::state_test::transforming_a_point_with_both_translation_and_rotation ... ok
test unit_tests::core::state_test::transforming_a_point_with_only_rotation ... ok
test unit_tests::core::state_test::transforming_a_point_with_only_translation ... ok
test unit_tests::dynamics::simple_dynamics_test::defining_gravity ... ok
test unit_tests::dynamics::simple_dynamics_test::moving_after_a_collision_without_rotation ... [NEW] RigidBody[1]: Pos=[0, 0, 0], Rot=[1, 0, 0, 0], Vel=[0, 0, 0], AngVel=[0, 0, 0], Shape=Cube{ w=1, h=1, d=1 }
[NEW] RigidBody[2]: Pos=[1.3560255, 0, 0], Rot=[0.88807386, 0, 0.32505757, -0.32505757], Vel=[-1, 0, 0], AngVel=[0, 0, 0], Shape=Cube{ w=1, h=1, d=1 }
[FRAME] NEW step=0.2
CONTACTS FOUND (1)
[FRAME] RigidBody[1]: Pos=[-0.00625, 0, 0], Rot=[1, 0, 0.0000000011175871, -0.0000000011175871], Vel=[-1, 0, 0], AngVel=[0, 0.00000035762787, -0.00000035762787]
[FRAME] RigidBody[2]: Pos=[1.3497754, 0, 0], Rot=[0.88807386, 0, 0.32505757, -0.32505757], Vel=[0, 0, 0], AngVel=[0, -0.00000035762787, 0.00000035762787]
ok
test unit_tests::dynamics::simple_dynamics_test::moving_at_constant_velocity ... [NEW] RigidBody[1]: Pos=[0, 0, 0], Rot=[1, 0, 0, 0], Vel=[1, -1, 0.5], AngVel=[0, 0, 0], Shape=Cube{ w=1, h=1, d=1 }
[FRAME] NEW step=0.3
[FRAME] RigidBody[1]: Pos=[0.3, -0.3, 0.15], Rot=[1, 0, 0, 0], Vel=[1, -1, 0.5], AngVel=[0, 0, 0]
ok
test unit_tests::dynamics::simple_dynamics_test::moving_at_constant_velocity_with_gravity ... [NEW] RigidBody[1]: Pos=[0, 0, 0], Rot=[1, 0, 0, 0], Vel=[1, -1, 0.5], AngVel=[0, 0, 0], Shape=Cube{ w=1, h=1, d=1 }
[FRAME] NEW step=0.2
[FRAME] RigidBody[1]: Pos=[0.32000002, -0.28, 0.26], Rot=[1, 0, 0, 0], Vel=[1.6, -1.4, 1.3], AngVel=[0, 0, 0]
ok
test unit_tests::materials::rigid_test::computing_the_density ... ok
test unit_tests::materials::rigid_test::computing_the_mass ... ok
test unit_tests::materials::rigid_test::determining_equality ... ok
test unit_tests::materials::rigid_test::instantiating_with_parameters ... ok
test unit_tests::math::matrix_test::adding_a_matrix ... ok
test unit_tests::math::matrix_test::computing_the_determinant ... ok
test unit_tests::math::matrix_test::computing_the_inverse ... ok
test unit_tests::math::matrix_test::dividing_by_a_scalar ... ok
test unit_tests::math::matrix_test::getting_elements_by_element_position ... ok
test unit_tests::math::matrix_test::instantiating_as_a_diagonal_matrix ... ok
test unit_tests::math::matrix_test::instantiating_as_a_skew_matrix ... ok
test unit_tests::math::matrix_test::instantiating_as_the_identity_matrix ... ok
test unit_tests::math::matrix_test::instantiating_from_a_slice ... ok
test unit_tests::math::matrix_test::instantiating_from_axis_angle ... ok
test unit_tests::math::matrix_test::instantiating_with_components ... ok
test unit_tests::math::matrix_test::multiplying_by_a_matrix ... ok
test unit_tests::math::matrix_test::multiplying_by_a_scalar ... ok
test unit_tests::math::matrix_test::multiplying_by_a_vector ... ok
test unit_tests::math::matrix_test::negating ... ok
test unit_tests::math::matrix_test::setting_by_index ... ok
test unit_tests::math::matrix_test::subtrating_by_a_matrix ... ok
test unit_tests::math::quaternion_test::adding_with_scalar_components ... ok
test unit_tests::math::quaternion_test::cloning ... ok
test unit_tests::math::quaternion_test::computing_the_inverse ... ok
test unit_tests::math::quaternion_test::computing_the_length ... ok
test unit_tests::math::quaternion_test::computing_the_normalized_quaternion ... ok
test unit_tests::math::quaternion_test::computing_the_squared_length ... ok
test unit_tests::math::quaternion_test::dividing_by_a_scalar ... ok
test unit_tests::math::quaternion_test::instantiating_as_the_identity_rotation ... ok
test unit_tests::math::quaternion_test::instantiating_from_a_vector ... ok
test unit_tests::math::quaternion_test::instantiating_from_axis_angle ... ok
test unit_tests::math::quaternion_test::instantiating_with_components ... ok
test unit_tests::math::quaternion_test::multiplication_with_scalar_components ... ok
test unit_tests::math::quaternion_test::multiplying_by_a_scalar ... ok
test unit_tests::math::quaternion_test::multiplying_with_a_quaternion ... ok
test unit_tests::math::quaternion_test::negating ... ok
test unit_tests::math::quaternion_test::setting_by_index ... ok
test unit_tests::math::quaternion_test::subtracting_by_a_quaternion ... ok
test unit_tests::math::quaternion_test::subtracting_by_scalar_components ... ok
test unit_tests::math::vector_test::adding_a_vector ... ok
test unit_tests::math::vector_test::adding_with_scalar_components ... ok
test unit_tests::math::vector_test::cloning ... ok
test unit_tests::math::vector_test::computing_distance_between_vectors ... ok
test unit_tests::math::vector_test::computing_the_cross_product ... ok
test unit_tests::math::vector_test::computing_the_inner_product ... ok
test unit_tests::math::vector_test::computing_the_normalized_vector ... ok
test unit_tests::math::vector_test::computing_the_outer_product ... ok
test unit_tests::math::vector_test::computing_the_squared_length ... ok
test unit_tests::math::vector_test::computing_the_vector_length ... ok
test unit_tests::math::vector_test::dereferencing_elements_by_index ... ok
test unit_tests::math::vector_test::instantiating_as_a_zero_vector ... ok
test unit_tests::math::vector_test::instantiating_with_components ... ok
test unit_tests::math::vector_test::multiplying_by_a_scalar ... ok
test unit_tests::math::vector_test::mutably_dereferencing_elements_by_index ... ok
test unit_tests::math::vector_test::negating ... ok
test unit_tests::math::vector_test::rotating_by_a_quaternion ... ok
test unit_tests::math::vector_test::subtracting_by_a_vector ... ok
test unit_tests::math::vector_test::subtracting_by_scalar_components ... ok
test unit_tests::shapes::primitives::cube_test::computing_the_number_of_vertices ... ok
test unit_tests::shapes::primitives::cube_test::computing_the_support_indices ... ok
test unit_tests::shapes::primitives::cube_test::computing_the_volume ... ok
test unit_tests::shapes::primitives::cube_test::determining_equality ... ok
test unit_tests::shapes::primitives::cube_test::instantiating_with_dimensions ... ok
test unit_tests::utils::compute_surfaces_for_convex_hull_test::with_a_cube ... [RENDERABLE]
[FRAME] PointCloud[0]: [1, 1, 1]
[FRAME] PointCloud[0]: [1, 1, -1]
[FRAME] PointCloud[0]: [1, -1, 1]
[FRAME] PointCloud[0]: [1, -1, -1]
[FRAME] PointCloud[0]: [-1, 1, 1]
[FRAME] PointCloud[0]: [-1, 1, -1]
[FRAME] PointCloud[0]: [-1, -1, 1]
[FRAME] PointCloud[0]: [-1, -1, -1]
[FRAME] TriangleMesh[0]: [1, 1, 1] -> [1, 1, -1] -> [1, -1, 1]
[FRAME] TriangleMesh[0]: [1, -1, -1] -> [1, 1, -1] -> [1, -1, 1]
[FRAME] TriangleMesh[0]: [-1, -1, 1] -> [1, -1, -1] -> [1, -1, 1]
[FRAME] TriangleMesh[0]: [1, 1, 1] -> [-1, -1, 1] -> [1, -1, 1]
[FRAME] TriangleMesh[0]: [-1, 1, 1] -> [1, 1, 1] -> [-1, -1, 1]
[FRAME] TriangleMesh[0]: [-1, 1, -1] -> [-1, 1, 1] -> [-1, -1, 1]
[FRAME] TriangleMesh[0]: [-1, -1, -1] -> [-1, 1, -1] -> [-1, -1, 1]
[FRAME] TriangleMesh[0]: [1, -1, -1] -> [-1, -1, -1] -> [-1, -1, 1]
[FRAME] TriangleMesh[0]: [1, 1, -1] -> [1, -1, -1] -> [-1, -1, -1]
[FRAME] TriangleMesh[0]: [-1, 1, -1] -> [1, 1, -1] -> [-1, -1, -1]
[FRAME] TriangleMesh[0]: [1, 1, 1] -> [-1, 1, -1] -> [1, 1, -1]
[FRAME] TriangleMesh[0]: [-1, 1, 1] -> [1, 1, 1] -> [-1, 1, -1]
ok

failures:

failures:
    integration_tests::cube_systems_test::dropping_a_cube_on_a_platform

test result: FAILED. 103 passed; 1 failed; 0 ignored; 0 measured

