     Running target/debug/lib-aeeb6db73ca1aa08

running 103 tests
test integration_tests::cube_systems_test::colliding_two_cubes ... [RENDERABLE]
[CREATE] Body[1]: Pos=[0, 3, 0], Rot=[1, 0, 0, 0], Vel=[0, -1, 0], AngVel=[0, 0, 0], Shape=Cube{ w=1, h=1, d=1 }
[CREATE] Body[2]: Pos=[0, -3, 0], Rot=[0.87758255, 0.33900505, 0.33900505, 0], Vel=[0, 1, 0], AngVel=[0, 0, 0], Shape=Cube{ w=1, h=1, d=1 }
[UPDATE] START step=0.2
[UPDATE] Body[1]: Pos=[0, 2.8, 0], Rot=[1, 0, 0, 0], Vel=[0, -1, 0], AngVel=[0, 0, 0]
[UPDATE] Body[2]: Pos=[0, -2.8, 0], Rot=[0.87758255, 0.33900505, 0.33900505, 0], Vel=[0, 1, 0], AngVel=[0, 0, 0]
[UPDATE] END
[UPDATE] START step=0.2
[UPDATE] Body[1]: Pos=[0, 2.6, 0], Rot=[1, 0, 0, 0], Vel=[0, -1, 0], AngVel=[0, 0, 0]
[UPDATE] Body[2]: Pos=[0, -2.6, 0], Rot=[0.87758255, 0.33900505, 0.33900505, 0], Vel=[0, 1, 0], AngVel=[0, 0, 0]
[UPDATE] END
[UPDATE] START step=0.2
[UPDATE] Body[1]: Pos=[0, 2.3999999, 0], Rot=[1, 0, 0, 0], Vel=[0, -1, 0], AngVel=[0, 0, 0]
[UPDATE] Body[2]: Pos=[0, -2.3999999, 0], Rot=[0.87758255, 0.33900505, 0.33900505, 0], Vel=[0, 1, 0], AngVel=[0, 0, 0]
[UPDATE] END
[UPDATE] START step=0.2
[UPDATE] Body[1]: Pos=[0, 2.1999998, 0], Rot=[1, 0, 0, 0], Vel=[0, -1, 0], AngVel=[0, 0, 0]
[UPDATE] Body[2]: Pos=[0, -2.1999998, 0], Rot=[0.87758255, 0.33900505, 0.33900505, 0], Vel=[0, 1, 0], AngVel=[0, 0, 0]
[UPDATE] END
[UPDATE] START step=0.2
[UPDATE] Body[1]: Pos=[0, 1.9999998, 0], Rot=[1, 0, 0, 0], Vel=[0, -1, 0], AngVel=[0, 0, 0]
[UPDATE] Body[2]: Pos=[0, -1.9999998, 0], Rot=[0.87758255, 0.33900505, 0.33900505, 0], Vel=[0, 1, 0], AngVel=[0, 0, 0]
[UPDATE] END
[UPDATE] START step=0.2
[UPDATE] Body[1]: Pos=[0, 1.7999997, 0], Rot=[1, 0, 0, 0], Vel=[0, -1, 0], AngVel=[0, 0, 0]
[UPDATE] Body[2]: Pos=[0, -1.7999997, 0], Rot=[0.87758255, 0.33900505, 0.33900505, 0], Vel=[0, 1, 0], AngVel=[0, 0, 0]
[UPDATE] END
[UPDATE] START step=0.2
[UPDATE] Body[1]: Pos=[0, 1.5999997, 0], Rot=[1, 0, 0, 0], Vel=[0, -1, 0], AngVel=[0, 0, 0]
[UPDATE] Body[2]: Pos=[0, -1.5999997, 0], Rot=[0.87758255, 0.33900505, 0.33900505, 0], Vel=[0, 1, 0], AngVel=[0, 0, 0]
[UPDATE] END
[UPDATE] START step=0.2
[UPDATE] Body[1]: Pos=[0, 1.3999996, 0], Rot=[1, 0, 0, 0], Vel=[0, -1, 0], AngVel=[0, 0, 0]
[UPDATE] Body[2]: Pos=[0, -1.3999996, 0], Rot=[0.87758255, 0.33900505, 0.33900505, 0], Vel=[0, 1, 0], AngVel=[0, 0, 0]
[UPDATE] END
[UPDATE] START step=0.2
[UPDATE] Body[1]: Pos=[0, 1.1999996, 0], Rot=[1, 0, 0, 0], Vel=[0, -1, 0], AngVel=[0, 0, 0]
[UPDATE] Body[2]: Pos=[0, -1.1999996, 0], Rot=[0.87758255, 0.33900505, 0.33900505, 0], Vel=[0, 1, 0], AngVel=[0, 0, 0]
[UPDATE] END
[UPDATE] START step=0.2
[UPDATE] Body[1]: Pos=[0, 0.9999996, 0], Rot=[1, 0, 0, 0], Vel=[0, -1, 0], AngVel=[0, 0, 0]
[UPDATE] Body[2]: Pos=[0, -0.9999996, 0], Rot=[0.87758255, 0.33900505, 0.33900505, 0], Vel=[0, 1, 0], AngVel=[0, 0, 0]
[UPDATE] END
[UPDATE] START step=0.2
[UPDATE] Body[1]: Pos=[0, 0.7999996, 0], Rot=[1, 0, 0, 0], Vel=[0, -1, 0], AngVel=[0, 0, 0]
[UPDATE] Body[2]: Pos=[0, -0.7999996, 0], Rot=[0.87758255, 0.33900505, 0.33900505, 0], Vel=[0, 1, 0], AngVel=[0, 0, 0]
[UPDATE] END
[UPDATE] START step=0.2
[UPDATE] Body[1]: Pos=[0, 0.5999996, 0], Rot=[1, 0, 0, 0], Vel=[0, -1, 0], AngVel=[0, 0, 0]
[UPDATE] Body[2]: Pos=[0, -0.5999996, 0], Rot=[0.87758255, 0.33900505, 0.33900505, 0], Vel=[0, 1, 0], AngVel=[0, 0, 0]
[UPDATE] END
[UPDATE] START step=0.2
CONTACT FACE
[UPDATE] Body[1]: Pos=[0, 0.87508285, 0], Rot=[0.90110433, 0.34695476, 0, 0.26006413], Vel=[0, 0.18770814, 0], AngVel=[1.9251642, 0, 1.4430301]
[UPDATE] Body[2]: Pos=[0, -0.87508285, 0], Rot=[0.9084129, 0.08916051, 0.21731585, -0.34584716], Vel=[0, -0.18770814, 0], AngVel=[-1.9251642, 0, -1.4430301]
[UPDATE] END
[UPDATE] START step=0.2
[UPDATE] Body[1]: Pos=[0, 0.9126245, 0], Rot=[0.7746757, 0.50599325, 0, 0.3792733], Vel=[0, 0.18770814, 0], AngVel=[1.9251642, 0, 1.4430301]
[UPDATE] Body[2]: Pos=[0, -0.9126245, 0], Rot=[0.85137624, -0.05285627, 0.13404343, -0.5043779], Vel=[0, -0.18770814, 0], AngVel=[-1.9251642, 0, -1.4430301]
[UPDATE] END
[UPDATE] START step=0.2
[UPDATE] Body[1]: Pos=[0, 0.9501661, 0], Rot=[0.60526186, 0.6369551, 0.0000000072438713, 0.47743732], Vel=[0, 0.18770814, 0], AngVel=[1.9251642, 0, 1.4430301]
[UPDATE] Body[2]: Pos=[0, -0.9501661, 0], Rot=[0.7470982, -0.19194014, 0.04333316, -0.6349216], Vel=[0, -0.18770814, 0], AngVel=[-1.9251642, 0, -1.4430301]
[UPDATE] END
[UPDATE] START step=0.2
[UPDATE] Body[1]: Pos=[0, 0.98770773, 0], Rot=[0.402263, 0.73257333, 0.000000014286767, 0.54910916], Vel=[0, 0.18770814, 0], AngVel=[1.9251642, 0, 1.4430301]
[UPDATE] Body[2]: Pos=[0, -0.98770773, 0], Rot=[0.60136503, -0.32037356, -0.04978158, -0.7302346], Vel=[0, -0.18770814, 0], AngVel=[-1.9251642, 0, -1.4430301]
[UPDATE] END
[UPDATE] START step=0.2
[UPDATE] Body[1]: Pos=[0, 1.0252494, 0], Rot=[0.17694326, 0.7875424, 0.000000013890393, 0.5903119], Vel=[0, 0.18770814, 0], AngVel=[1.9251642, 0, 1.4430301]
[UPDATE] Body[2]: Pos=[0, -1.0252494, 0], Rot=[0.42226323, -0.4310301, -0.14013404, -0.7850283], Vel=[0, -0.18770814, 0], AngVel=[-1.9251642, 0, -1.4430301]
[UPDATE] END
[UPDATE] START step=0.2
[UPDATE] Body[1]: Pos=[0, 1.062791, 0], Rot=[-0.05819475, 0.7988121, 0.000000020748887, 0.59875923], Vel=[0, 0.18770814, 0], AngVel=[1.9251642, 0, 1.4430301]
[UPDATE] Body[2]: Pos=[0, -1.062791, 0], Rot=[0.21973069, -0.51776946, -0.22271067, -0.7962619], Vel=[0, -0.18770814, 0], AngVel=[-1.9251642, 0, -1.4430301]
[UPDATE] END
[UPDATE] START step=0.2
[UPDATE] Body[1]: Pos=[0, 1.1003326, 0], Rot=[-0.2901036, 0.7657571, 0.000000020173227, 0.5739825], Vel=[0, 0.18770814, 0], AngVel=[1.9251642, 0, 1.4430301]
[UPDATE] Body[2]: Pos=[0, -1.1003326, 0], Rot=[0.0050057326, -0.5757788, -0.29292953, -0.7633126], Vel=[0, -0.18770814, 0], AngVel=[-1.9251642, 0, -1.4430301]
[UPDATE] END
[UPDATE] START step=0.2
[UPDATE] Body[1]: Pos=[0, 1.1378742, 0], Rot=[-0.50591516, 0.69021165, 0.000000012369669, 0.5173565], Vel=[0, 0.18770814, 0], AngVel=[1.9251642, 0, 1.4430301]
[UPDATE] Body[2]: Pos=[0, -1.1378742, 0], Rot=[-0.20999701, -0.60183907, -0.3468942, -0.6880083], Vel=[0, -0.18770814, 0], AngVel=[-1.9251642, 0, -1.4430301]
[UPDATE] END
[UPDATE] START step=0.2
[UPDATE] Body[1]: Pos=[0, 1.1754159, 0], Rot=[-0.69365436, 0.57636756, -0.0000000024612583, 0.4320233], Vel=[0, 0.18770814, 0], AngVel=[1.9251642, 0, 1.4430301]
[UPDATE] Body[2]: Pos=[0, -1.1754159, 0], Rot=[-0.41334736, -0.5945044, -0.38161036, -0.5745277], Vel=[0, -0.18770814, 0], AngVel=[-1.9251642, 0, -1.4430301]
[UPDATE] END
[UPDATE] START step=0.2
[UPDATE] Body[1]: Pos=[0, 1.2129575, 0], Rot=[-0.84290385, 0.4305418, -0.000000009636843, 0.32271785], Vel=[0, 0.18770814, 0], AngVel=[1.9251642, 0, 1.4430301]
[UPDATE] Body[2]: Pos=[0, -1.2129575, 0], Rot=[-0.59376174, -0.55418164, -0.3951516, -0.42916745], Vel=[0, -0.18770814, 0], AngVel=[-1.9251642, 0, -1.4430301]
[UPDATE] END
[UPDATE] START step=0.2
[UPDATE] Body[1]: Pos=[0, 1.2504991, 0], Rot=[-0.9453821, 0.26082608, -0.000000016613347, 0.19550538], Vel=[0, 0.18770814, 0], AngVel=[1.9251642, 0, 1.4430301]
[UPDATE] Body[2]: Pos=[0, -1.2504991, 0], Rot=[-0.7412294, -0.48310846, -0.38676664, -0.25999355], Vel=[0, -0.18770814, 0], AngVel=[-1.9251642, 0, -1.4430301]
[UPDATE] END
[UPDATE] START step=0.2
[UPDATE] Body[1]: Pos=[0, 1.2880408, 0], Rot=[-0.99540275, 0.07663757, -0.000000023396295, 0.05744466], Vel=[0, 0.18770814, 0], AngVel=[1.9251642, 0, 1.4430301]
[UPDATE] Body[2]: Pos=[0, -1.2880408, 0], Rot=[-0.8475676, -0.38522846, -0.35692066, -0.07639306], Vel=[0, -0.18770814, 0], AngVel=[-1.9251642, 0, -1.4430301]
[UPDATE] END
[UPDATE] START step=0.2
[UPDATE] Body[1]: Pos=[0, 1.3255824, 0], Rot=[-0.9901904, -0.11180343, -0.000000030896544, -0.08380355], Vel=[0, 0.18770814, 0], AngVel=[1.9251642, 0, 1.4430301]
[UPDATE] Body[2]: Pos=[0, -1.3255824, 0], Rot=[-0.90687567, -0.26597273, -0.30726975, 0.11144638], Vel=[0, -0.18770814, 0], AngVel=[-1.9251642, 0, -1.4430301]
[UPDATE] END
[UPDATE] START step=0.2
[UPDATE] Body[1]: Pos=[0, 1.363124, 0], Rot=[-0.9300339, -0.29404062, -0.000000040905146, -0.22040163], Vel=[0, 0.18770814, 0], AngVel=[1.9251642, 0, 1.4430301]
[UPDATE] Body[2]: Pos=[0, -1.363124, 0], Rot=[-0.91586286, -0.13195866, -0.24056898, 0.29310185], Vel=[0, -0.18770814, 0], AngVel=[-1.9251642, 0, -1.4430301]
[UPDATE] END
[UPDATE] START step=0.2
[UPDATE] Body[1]: Pos=[0, 1.4006656, 0], Rot=[-0.81827164, -0.45996207, -0.00000005063608, -0.3447701], Vel=[0, 0.18770814, 0], AngVel=[1.9251642, 0, 1.4430301]
[UPDATE] Body[2]: Pos=[0, -1.4006656, 0], Rot=[-0.8740304, 0.009377553, -0.16051948, 0.45849362], Vel=[0, -0.18770814, 0], AngVel=[-1.9251642, 0, -1.4430301]
[UPDATE] END
[UPDATE] START step=0.2
[UPDATE] Body[1]: Pos=[0, 1.4382073, 0], Rot=[-0.66110486, -0.600361, -0.000000049231225, -0.45000783], Vel=[0, 0.18770814, 0], AngVel=[1.9251642, 0, 1.4430301]
[UPDATE] Body[2]: Pos=[0, -1.4382073, 0], Rot=[-0.7836995, 0.15019342, -0.07156302, 0.5984444], Vel=[0, -0.18770814, 0], AngVel=[-1.9251642, 0, -1.4430301]
[UPDATE] END
[UPDATE] START step=0.2
[UPDATE] Body[1]: Pos=[0, 1.4757489, 0], Rot=[-0.46725452, -0.70744693, -0.00000004786535, -0.5302754], Vel=[0, 0.18770814, 0], AngVel=[1.9251642, 0, 1.4430301]
[UPDATE] Body[2]: Pos=[0, -1.4757489, 0], Rot=[-0.6498825, 0.2826753, 0.021364348, 0.7051885], Vel=[0, -0.18770814, 0], AngVel=[-1.9251642, 0, -1.4430301]
[UPDATE] END
[UPDATE] START step=0.2
[UPDATE] Body[1]: Pos=[0, 1.5132905, 0], Rot=[-0.24747704, -0.77527785, -0.000000039293496, -0.58111894], Vel=[0, 0.18770814, 0], AngVel=[1.9251642, 0, 1.4430301]
[UPDATE] Body[2]: Pos=[0, -1.5132905, 0], Rot=[-0.4800047, 0.39947203, 0.11310624, 0.77280295], Vel=[0, -0.18770814, 0], AngVel=[-1.9251642, 0, -1.4430301]
[UPDATE] END
[UPDATE] START step=0.2
[UPDATE] Body[1]: Pos=[0, 1.5508322, 0], Rot=[-0.013967532, -0.8000901, -0.000000023715593, -0.59971726], Vel=[0, 0.18770814, 0], AngVel=[1.9251642, 0, 1.4430301]
[UPDATE] Body[2]: Pos=[0, -1.5508322, 0], Rot=[-0.28349233, 0.4941028, 0.19857208, 0.797536], Vel=[0, -0.18770814, 0], AngVel=[-1.9251642, 0, -1.4430301]
[UPDATE] END
[UPDATE] START step=0.2
[UPDATE] Body[1]: Pos=[0, 1.5883738, 0], Rot=[0.22031704, -0.7805067, -0.0000000013260124, -0.5850383], Vel=[0, 0.18770814, 0], AngVel=[1.9251642, 0, 1.4430301]
[UPDATE] Body[2]: Pos=[0, -1.5883738, 0], Rot=[-0.07124941, 0.56131667, 0.27301952, 0.77801514], Vel=[0, -0.18770814, 0], AngVel=[-1.9251642, 0, -1.4430301]
[UPDATE] END
[UPDATE] START step=0.2
[UPDATE] Body[1]: Pos=[0, 1.6259154, 0], Rot=[0.4423766, -0.7176143, 0.000000027686259, -0.5378966], Vel=[0, 0.18770814, 0], AngVel=[1.9251642, 0, 1.4430301]
[UPDATE] Body[2]: Pos=[0, -1.6259154, 0], Rot=[0.14494699, 0.597384, 0.3323175, 0.71532345], Vel=[0, -0.18770814, 0], AngVel=[-1.9251642, 0, -1.4430301]
[UPDATE] END
[UPDATE] START step=0.2
[UPDATE] Body[1]: Pos=[0, 1.663457, 0], Rot=[0.6398895, -0.61490273, 0.000000055893608, -0.4609079], Vel=[0, 0.18770814, 0], AngVel=[1.9251642, 0, 1.4430301]
[UPDATE] Body[2]: Pos=[0, -1.663457, 0], Rot=[0.35310057, 0.60030365, 0.37317586, 0.6129399], Vel=[0, -0.18770814, 0], AngVel=[-1.9251642, 0, -1.4430301]
[UPDATE] END
[UPDATE] START step=0.2
[UPDATE] Body[1]: Pos=[0, 1.7009987, 0], Rot=[0.801896, -0.47807133, 0.00000008331837, -0.35834426], Vel=[0, 0.18770814, 0], AngVel=[1.9251642, 0, 1.4430301]
[UPDATE] Body[2]: Pos=[0, -1.7009987, 0], Rot=[0.5416612, 0.56991345, 0.39332733, 0.47654533], Vel=[0, -0.18770814, 0], AngVel=[-1.9251642, 0, -1.4430301]
[UPDATE] END
[UPDATE] START step=0.2
[UPDATE] Body[1]: Pos=[0, 1.7385403, 0], Rot=[0.91940665, -0.3147126, 0.00000010998225, -0.23589674], Vel=[0, 0.18770814, 0], AngVel=[1.9251642, 0, 1.4430301]
[UPDATE] Body[2]: Pos=[0, -1.7385403, 0], Rot=[0.700166, 0.50789976, 0.39165375, 0.3137081], Vel=[0, -0.18770814, 0], AngVel=[-1.9251642, 0, -1.4430301]
[UPDATE] END
[UPDATE] START step=0.2
[UPDATE] Body[1]: Pos=[0, 1.7760819, 0], Rot=[0.9859011, -0.13389106, 0.00000012504057, -0.10035973], Vel=[0, 0.18770814, 0], AngVel=[1.9251642, 0, 1.4430301]
[UPDATE] Body[2]: Pos=[0, -1.7760819, 0], Rot=[0.8198198, 0.4177036, 0.368248, 0.13346377], Vel=[0, -0.18770814, 0], AngVel=[-1.9251642, 0, -1.4430301]
[UPDATE] END
[UPDATE] START step=0.2
[UPDATE] Body[1]: Pos=[0, 1.8136235, 0], Rot=[0.9976897, 0.054359894, 0.00000013605919, 0.040746074], Vel=[0, 0.18770814, 0], AngVel=[1.9251642, 0, 1.4430301]
[UPDATE] Body[2]: Pos=[0, -1.8136235, 0], Rot=[0.8939833, 0.3043298, 0.32440877, -0.05418624], Vel=[0, -0.18770814, 0], AngVel=[-1.9251642, 0, -1.4430301]
[UPDATE] END
[UPDATE] START step=0.2
[UPDATE] Body[1]: Pos=[0, 1.8511652, 0], Rot=[0.9541182, 0.23959452, 0.00000013952821, 0.17959096], Vel=[0, 0.18770814, 0], AngVel=[1.9251642, 0, 1.4430301]
[UPDATE] Body[2]: Pos=[0, -1.8511652, 0], Rot=[0.91854125, 0.17406929, 0.26256868, -0.23882954], Vel=[0, -0.18770814, 0], AngVel=[-1.9251642, 0, -1.4430301]
[UPDATE] END
[UPDATE] START step=0.2
[UPDATE] Body[1]: Pos=[0, 1.8887068, 0], Rot=[0.8576043, 0.41153443, 0.00000013565712, 0.30847064], Vel=[0, 0.18770814, 0], AngVel=[1.9251642, 0, 1.4430301]
[UPDATE] Body[2]: Pos=[0, -1.8887068, 0], Rot=[0.892131, 0.034149952, 0.18615915, -0.41022062], Vel=[0, -0.18770814, 0], AngVel=[-1.9251642, 0, -1.4430301]
[UPDATE] END
[UPDATE] START step=0.2
[UPDATE] Body[1]: Pos=[0, 1.9262484, 0], Rot=[0.71350354, 0.560639, 0.00000012464956, 0.42023382], Vel=[0, 0.18770814, 0], AngVel=[1.9251642, 0, 1.4430301]
[UPDATE] Body[2]: Pos=[0, -1.9262484, 0], Rot=[0.81621784, -0.10766431, 0.09941997, -0.5588493], Vel=[0, -0.18770814, 0], AngVel=[-1.9251642, 0, -1.4430301]
[UPDATE] END
[UPDATE] START step=0.2
[UPDATE] Body[1]: Pos=[0, 1.96379, 0], Rot=[0.52981174, 0.67863476, 0.000000106703524, 0.508679], Vel=[0, 0.18770814, 0], AngVel=[1.9251642, 0, 1.4430301]
[UPDATE] Body[2]: Pos=[0, -1.96379, 0], Rot=[0.6950143, -0.24350445, 0.007164152, -0.6764683], Vel=[0, -0.18770814, 0], AngVel=[-1.9251642, 0, -1.4430301]
[UPDATE] END
[UPDATE] START step=0.2
[UPDATE] Body[1]: Pos=[0, 2.0013318, 0], Rot=[0.3167216, 0.7589743, 0.000000082011525, 0.5688985], Vel=[0, 0.18770814, 0], AngVel=[1.9251642, 0, 1.4430301]
[UPDATE] Body[2]: Pos=[0, -2.0013318, 0], Rot=[0.5352456, -0.36583295, -0.085489176, -0.7565514], Vel=[0, -0.18770814, 0], AngVel=[-1.9251642, 0, -1.4430301]
[UPDATE] END
[UPDATE] START step=0.2
[UPDATE] Body[1]: Pos=[0, 2.0388734, 0], Rot=[0.0860571, 0.79719967, 0.000000050760704, 0.59755075], Vel=[0, 0.18770814, 0], AngVel=[1.9251642, 0, 1.4430301]
[UPDATE] Body[2]: Pos=[0, -2.0388734, 0], Rot=[0.34577706, -0.467862, -0.17339888, -0.79465467], Vel=[0, -0.18770814, 0], AngVel=[-1.9251642, 0, -1.4430301]
[UPDATE] END
[UPDATE] START step=0.2
[UPDATE] Body[1]: Pos=[0, 2.076415, 0], Rot=[-0.14938255, 0.7911898, 0.00000002762078, 0.593046], Vel=[0, 0.18770814, 0], AngVel=[1.9251642, 0, 1.4430301]
[UPDATE] Body[2]: Pos=[0, -2.076415, 0], Rot=[0.13712199, -0.5439303, -0.251687, -0.7886641], Vel=[0, -0.18770814, 0], AngVel=[-1.9251642, 0, -1.4430301]
[UPDATE] END
[UPDATE] START step=0.2
[UPDATE] Body[1]: Pos=[0, 2.1139567, 0], Rot=[-0.3765332, 0.74127823, -0.0000000093648875, 0.5556342], Vel=[0, 0.18770814, 0], AngVel=[1.9251642, 0, 1.4430301]
[UPDATE] Body[2]: Pos=[0, -2.1139567, 0], Rot=[-0.079141766, -0.5898168, -0.3160094, -0.7389118], Vel=[0, -0.18770814, 0], AngVel=[-1.9251642, 0, -1.4430301]
[UPDATE] END
[UPDATE] START step=0.2
[UPDATE] Body[1]: Pos=[0, 2.1514983, 0], Rot=[-0.58279073, 0.6502344, -0.000000045324423, 0.4873912], Vel=[0, 0.18770814, 0], AngVel=[1.9251642, 0, 1.4430301]
[UPDATE] Body[2]: Pos=[0, -2.1514983, 0], Rot=[-0.29101408, -0.6029754, -0.36279705, -0.6481587], Vel=[0, -0.18770814, 0], AngVel=[-1.9251642, 0, -1.4430301]
[UPDATE] END
[UPDATE] START step=0.2
[UPDATE] Body[1]: Pos=[0, 2.18904, 0], Rot=[-0.7567102, 0.5231102, -0.00000008028629, 0.39210373], Vel=[0, 0.18770814, 0], AngVel=[1.9251642, 0, 1.4430301]
[UPDATE] Body[2]: Pos=[0, -2.18904, 0], Rot=[-0.4867385, -0.582676, -0.3894537, -0.5214404], Vel=[0, -0.18770814, 0], AngVel=[-1.9251642, 0, -1.4430301]
[UPDATE] END
[UPDATE] START step=0.2
[UPDATE] Body[1]: Pos=[0, 2.2265816, 0], Rot=[-0.8886412, 0.36695963, -0.00000011427819, 0.27505916], Vel=[0, 0.18770814, 0], AngVel=[1.9251642, 0, 1.4430301]
[UPDATE] Body[2]: Pos=[0, -2.2265816, 0], Rot=[-0.6554547, -0.5300449, -0.39450026, -0.36578822], Vel=[0, -0.18770814, 0], AngVel=[-1.9251642, 0, -1.4430301]
[UPDATE] END
[UPDATE] START step=0.2
[UPDATE] Body[1]: Pos=[0, 2.2641232, 0], Rot=[-0.971263, 0.19044705, -0.00000014008312, 0.142752], Vel=[0, 0.18770814, 0], AngVel=[1.9251642, 0, 1.4430301]
[UPDATE] Body[2]: Pos=[0, -2.2641232, 0], Rot=[-0.78780085, -0.44800258, -0.37765667, -0.18983914], Vel=[0, -0.18770814, 0], AngVel=[-1.9251642, 0, -1.4430301]
[UPDATE] END
[UPDATE] START step=0.2
[UPDATE] Body[1]: Pos=[0, 2.3016648, 0], Rot=[-0.99999106, 0.0033668932, -0.00000016155018, 0.0025237936], Vel=[0, 0.18770814, 0], AngVel=[1.9251642, 0, 1.4430301]
[UPDATE] Body[2]: Pos=[0, -2.3016648, 0], Rot=[-0.8764333, -0.34110135, -0.33985758, -0.0033562155], Vel=[0, -0.18770814, 0], AngVel=[-1.9251642, 0, -1.4430301]
[UPDATE] END
[UPDATE] START step=0.2
[UPDATE] Body[1]: Pos=[0, 2.3392065, 0], Rot=[-0.9732316, -0.18390009, -0.00000017546078, -0.13784447], Vel=[0, 0.18770814, 0], AngVel=[1.9251642, 0, 1.4430301]
[UPDATE] Body[2]: Pos=[0, -2.3392065, 0], Rot=[-0.9164341, -0.21527302, -0.28320044, 0.18331295], Vel=[0, -0.18770814, 0], AngVel=[-1.9251642, 0, -1.4430301]
[UPDATE] END
[UPDATE] START step=0.2
[UPDATE] Body[1]: Pos=[0, 2.376748, 0], Rot=[-0.892469, -0.36096272, -0.00000018145856, -0.27056396], Vel=[0, 0.18770814, 0], AngVel=[1.9251642, 0, 1.4430301]
[UPDATE] Body[2]: Pos=[0, -2.376748, 0], Rot=[-0.9055835, -0.077499546, -0.21082896, 0.3598104], Vel=[0, -0.18770814, 0], AngVel=[-1.9251642, 0, -1.4430301]
[UPDATE] END
[UPDATE] START step=0.2
[UPDATE] Body[1]: Pos=[0, 2.4142897, 0], Rot=[-0.76218504, -0.51799625, -0.00000017642417, -0.38827038], Vel=[0, 0.18770814, 0], AngVel=[1.9251642, 0, 1.4430301]
[UPDATE] Body[2]: Pos=[0, -2.4142897, 0], Rot=[-0.8444837, 0.06457422, -0.12675896, 0.51634264], Vel=[0, -0.18770814, 0], AngVel=[-1.9251642, 0, -1.4430301]
[UPDATE] END
[UPDATE] START step=0.2
[UPDATE] Body[1]: Pos=[0, 2.4518313, 0], Rot=[-0.58960867, -0.646287, -0.00000016428555, -0.48443234], Vel=[0, 0.18770814, 0], AngVel=[1.9251642, 0, 1.4430301]
[UPDATE] Body[2]: Pos=[0, -2.4518313, 0], Rot=[-0.7365249, 0.20306487, -0.035655323, 0.6442239], Vel=[0, -0.18770814, 0], AngVel=[-1.9251642, 0, -1.4430301]
[UPDATE] END
[UPDATE] START step=0.2
[UPDATE] Body[1]: Pos=[0, 2.489373, 0], Rot=[-0.38431597, -0.7387165, -0.00000013799598, -0.553714], Vel=[0, 0.18770814, 0], AngVel=[1.9251642, 0, 1.4430301]
[UPDATE] Body[2]: Pos=[0, -2.489373, 0], Rot=[-0.5876977, 0.3302878, 0.057426773, 0.73635834], Vel=[0, -0.18770814, 0], AngVel=[-1.9251642, 0, -1.4430301]
[UPDATE] END
[UPDATE] START step=0.2
[UPDATE] Body[1]: Pos=[0, 2.5269146, 0], Rot=[-0.15769827, -0.7901558, -0.00000010519192, -0.592271], Vel=[0, 0.18770814, 0], AngVel=[1.9251642, 0, 1.4430301]
[UPDATE] Body[2]: Pos=[0, -2.5269146, 0], Rot=[-0.40626013, 0.43918365, 0.14732236, 0.78763354], Vel=[0, -0.18770814, 0], AngVel=[-1.9251642, 0, -1.4430301]
[UPDATE] END
[UPDATE] START step=0.2
[UPDATE] Body[1]: Pos=[0, 2.5644562, 0], Rot=[0.07766982, -0.79775083, -0.00000007329798, -0.5979639], Vel=[0, 0.18770814, 0], AngVel=[1.9251642, 0, 1.4430301]
[UPDATE] Body[2]: Pos=[0, -2.5644562, 0], Rot=[-0.20227994, 0.52370995, 0.22904328, 0.7952043], Vel=[0, -0.18770814, 0], AngVel=[-1.9251642, 0, -1.4430301]
[UPDATE] END
[UPDATE] START step=0.2
[UPDATE] Body[1]: Pos=[0, 2.6019979, 0], Rot=[0.3087282, -0.76108015, -0.000000035045044, -0.57047695], Vel=[0, 0.18770814, 0], AngVel=[1.9251642, 0, 1.4430301]
[UPDATE] Body[2]: Pos=[0, -2.6019979, 0], Rot=[0.012924383, 0.5791765, 0.298055, 0.7586506], Vel=[0, -0.18770814, 0], AngVel=[-1.9251642, 0, -1.4430301]
[UPDATE] END
[UPDATE] START step=0.2
[UPDATE] Body[1]: Pos=[0, 2.6395395, 0], Rot=[0.5226558, -0.6821784, -0.000000005097267, -0.51133513], Vel=[0, 0.18770814, 0], AngVel=[1.9251642, 0, 1.4430301]
[UPDATE] Body[2]: Pos=[0, -2.6395395, 0], Rot=[0.22741157, 0.60250556, 0.35052818, 0.68000066], Vel=[0, -0.18770814, 0], AngVel=[-1.9251642, 0, -1.4430301]
[UPDATE] END
[UPDATE] START step=0.2
[UPDATE] Body[1]: Pos=[0, 2.677081, 0], Rot=[0.7075821, -0.56542367, 0.000000016775765, -0.42382026], Vel=[0, 0.18770814, 0], AngVel=[1.9251642, 0, 1.4430301]
[UPDATE] Body[2]: Pos=[0, -2.677081, 0], Rot=[0.4292801, 0.5924027, 0.3835512, 0.5636188], Vel=[0, -0.18770814, 0], AngVel=[-1.9251642, 0, -1.4430301]
[UPDATE] END
[UPDATE] START step=0.2
[UPDATE] Body[1]: Pos=[0, 2.7146227, 0], Rot=[0.8532459, -0.41729465, 0.00000004528582, -0.31278837], Vel=[0, 0.18770814, 0], AngVel=[1.9251642, 0, 1.4430301]
[UPDATE] Body[2]: Pos=[0, -2.7146227, 0], Rot=[0.6073286, 0.5494284, 0.39529163, 0.4159626], Vel=[0, -0.18770814, 0], AngVel=[-1.9251642, 0, -1.4430301]
[UPDATE] END
[UPDATE] START step=0.2
[UPDATE] Body[1]: Pos=[0, 2.7521644, 0], Rot=[0.9515646, -0.24601066, 0.00000006938295, -0.18440038], Vel=[0, 0.18770814, 0], AngVel=[1.9251642, 0, 1.4430301]
[UPDATE] Body[2]: Pos=[0, -2.7521644, 0], Rot=[0.7516775, 0.47596732, 0.385098, 0.24522541], Vel=[0, -0.18770814, 0], AngVel=[-1.9251642, 0, -1.4430301]
[UPDATE] END
[UPDATE] START step=0.2
[UPDATE] Body[1]: Pos=[0, 2.789706, 0], Rot=[0.99708265, -0.061076, 0.00000008918959, -0.04578035], Vel=[0, 0.18770814, 0], AngVel=[1.9251642, 0, 1.4430301]
[UPDATE] Body[2]: Pos=[0, -2.789706, 0], Rot=[0.8543172, 0.37609562, 0.35353598, 0.060881097], Vel=[0, -0.18770814, 0], AngVel=[-1.9251642, 0, -1.4430301]
[UPDATE] END
[UPDATE] START step=0.2
[UPDATE] Body[1]: Pos=[0, 2.8272476, 0], Rot=[0.9872743, 0.12724766, 0.00000010482478, 0.09537994], Vel=[0, 0.18770814, 0], AngVel=[1.9251642, 0, 1.4430301]
[UPDATE] Body[2]: Pos=[0, -2.8272476, 0], Rot=[0.9095523, 0.25535506, 0.30235684, -0.12684141], Vel=[0, -0.18770814, 0], AngVel=[-1.9251642, 0, -1.4430301]
[UPDATE] END
[UPDATE] START step=0.2
[UPDATE] Body[1]: Pos=[0, 2.8647892, 0], Rot=[0.92268395, 0.30851057, 0.00000011640426, 0.23124778], Vel=[0, 0.18770814, 0], AngVel=[1.9251642, 0, 1.4430301]
[UPDATE] Body[2]: Pos=[0, -2.8647892, 0], Rot=[0.91431785, 0.1204453, 0.23440047, -0.3075257], Vel=[0, -0.18770814, 0], AngVel=[-1.9251642, 0, -1.4430301]
[UPDATE] END
[UPDATE] START step=0.2
[UPDATE] Body[1]: Pos=[0, 2.9023309, 0], Rot=[0.8068954, 0.4726548, 0.0000001204186, 0.3542841], Vel=[0, 0.18770814, 0], AngVel=[1.9251642, 0, 1.4430301]
[UPDATE] Body[2]: Pos=[0, -2.9023309, 0], Rot=[0.8683497, -0.021147737, 0.15343764, -0.471146], Vel=[0, -0.18770814, 0], AngVel=[-1.9251642, 0, -1.4430301]
[UPDATE] END
[UPDATE] START step=0.2
[UPDATE] Body[1]: Pos=[0, 2.9398725, 0], Rot=[0.6463336, 0.61057216, 0.00000010983382, 0.45766178], Vel=[0, 0.18770814, 0], AngVel=[1.9251642, 0, 1.4430301]
[UPDATE] Body[2]: Pos=[0, -2.9398725, 0], Rot=[0.7741982, -0.16156735, 0.063960806, -0.60862315], Vel=[0, -0.18770814, 0], AngVel=[-1.9251642, 0, -1.4430301]
[UPDATE] END
[UPDATE] START step=0.2
[UPDATE] Body[1]: Pos=[0, 2.9774141, 0], Rot=[0.449908, 0.71461004, 0.00000009229885, 0.53564465], Vel=[0, 0.18770814, 0], AngVel=[1.9251642, 0, 1.4430301]
[UPDATE] Body[2]: Pos=[0, -2.9774141, 0], Rot=[0.6370878, -0.29302186, -0.029065097, -0.71232885], Vel=[0, -0.18770814, 0], AngVel=[-1.9251642, 0, -1.4430301]
[UPDATE] END
[UPDATE] START step=0.2
[UPDATE] Body[1]: Pos=[0, 3.0149558, 0], Rot=[0.22851773, 0.7789954, 0.000000075250355, 0.5839055], Vel=[0, 0.18770814, 0], AngVel=[1.9251642, 0, 1.4430301]
[UPDATE] Body[2]: Pos=[0, -3.0149558, 0], Rot=[0.46462664, -0.40821713, -0.120478235, -0.77650875], Vel=[0, -0.18770814, 0], AngVel=[-1.9251642, 0, -1.4430301]
[UPDATE] END
[UPDATE] START step=0.2
[UPDATE] Body[1]: Pos=[0, 3.0524974, 0], Rot=[-0.0055525578, 0.80015576, 0.00000004418712, 0.59976655], Vel=[0, 0.18770814, 0], AngVel=[1.9251642, 0, 1.4430301]
[UPDATE] Body[2]: Pos=[0, -3.0524974, 0], Rot=[0.26638407, -0.50076115, -0.20520625, -0.7976015], Vel=[0, -0.18770814, 0], AngVel=[-1.9251642, 0, -1.4430301]
[UPDATE] END
[UPDATE] START step=0.2
[UPDATE] Body[1]: Pos=[0, 3.090039, 0], Rot=[-0.23931476, 0.77691686, 0.0000000067418346, 0.5823475], Vel=[0, 0.18770814, 0], AngVel=[1.9251642, 0, 1.4430301]
[UPDATE] Body[2]: Pos=[0, -3.090039, 0], Rot=[0.053360336, -0.5655188, -0.2785477, -0.7744368], Vel=[0, -0.18770814, 0], AngVel=[-1.9251642, 0, -1.4430301]
[UPDATE] END
[UPDATE] START step=0.2
[UPDATE] Body[1]: Pos=[0, 3.1275806, 0], Rot=[-0.4597978, 0.7105682, -0.000000015176823, 0.532615], Vel=[0, 0.18770814, 0], AngVel=[1.9251642, 0, 1.4430301]
[UPDATE] Body[2]: Pos=[0, -3.1275806, 0], Rot=[-0.16262425, -0.5988968, -0.33643305, -0.7082999], Vel=[0, -0.18770814, 0], AngVel=[-1.9251642, 0, -1.4430301]
[UPDATE] END
[UPDATE] START step=0.2
[UPDATE] Body[1]: Pos=[0, 3.1651223, 0], Rot=[-0.6547675, 0.6047914, -0.0000000292435, 0.45332873], Vel=[0, 0.18770814, 0], AngVel=[1.9251642, 0, 1.4430301]
[UPDATE] Body[2]: Pos=[0, -3.1651223, 0], Rot=[-0.36958513, -0.5990431, -0.37565032, -0.6028607], Vel=[0, -0.18770814, 0], AngVel=[-1.9251642, 0, -1.4430301]
[UPDATE] END
[UPDATE] START step=0.2
[UPDATE] Body[1]: Pos=[0, 3.202664, 0], Rot=[-0.8134052, 0.46545565, -0.000000042919904, 0.34888795], Vel=[0, 0.18770814, 0], AngVel=[1.9251642, 0, 1.4430301]
[UPDATE] Body[2]: Pos=[0, -3.202664, 0], Rot=[-0.5560384, -0.5659495, -0.3940234, -0.4639698], Vel=[0, -0.18770814, 0], AngVel=[-1.9251642, 0, -1.4430301]
[UPDATE] END
[UPDATE] START step=0.2
[UPDATE] Body[1]: Pos=[0, 3.2402055, 0], Rot=[-0.9269086, 0.30029273, -0.000000056216876, 0.22508806], Vel=[0, 0.18770814, 0], AngVel=[1.9251642, 0, 1.4430301]
[UPDATE] Body[2]: Pos=[0, -3.2402055, 0], Rot=[-0.71163803, -0.50145245, -0.39053285, -0.2993341], Vel=[0, -0.18770814, 0], AngVel=[-1.9251642, 0, -1.4430301]
[UPDATE] END
[UPDATE] START step=0.2
[UPDATE] Body[1]: Pos=[0, 3.2777472, 0], Rot=[-0.98897946, 0.11846704, -0.000000061901055, 0.08879841], Vel=[0, 0.18770814, 0], AngVel=[1.9251642, 0, 1.4430301]
[UPDATE] Body[2]: Pos=[0, -3.2777472, 0], Rot=[-0.82775015, -0.4091306, -0.3653723, -0.11808886], Vel=[0, -0.18770814, 0], AngVel=[-1.9251642, 0, -1.4430301]
[UPDATE] END
[UPDATE] START step=0.2
[UPDATE] Body[1]: Pos=[0, 3.3152888, 0], Rot=[-0.9961735, -0.06993216, -0.00000006199463, -0.05241851], Vel=[0, 0.18770814, 0], AngVel=[1.9251642, 0, 1.4430301]
[UPDATE] Body[2]: Pos=[0, -3.3152888, 0], Rot=[-0.8979318, -0.29410684, -0.31993786, 0.06970894], Vel=[0, -0.18770814, 0], AngVel=[-1.9251642, 0, -1.4430301]
[UPDATE] END
[UPDATE] START step=0.2
[UPDATE] Body[1]: Pos=[0, 3.3528304, 0], Rot=[-0.94809175, -0.25445095, -0.000000056652716, -0.19072683], Vel=[0, 0.18770814, 0], AngVel=[1.9251642, 0, 1.4430301]
[UPDATE] Body[2]: Pos=[0, -3.3528304, 0], Rot=[-0.9182888, -0.16276361, -0.25675064, 0.2536387], Vel=[0, -0.18770814, 0], AngVel=[-1.9251642, 0, -1.4430301]
[UPDATE] END
[UPDATE] START step=0.2
[UPDATE] Body[1]: Pos=[0, 3.390372, 0], Rot=[-0.847402, -0.4248507, -0.00000004421513, -0.31845203], Vel=[0, 0.18770814, 0], AngVel=[1.9251642, 0, 1.4430301]
[UPDATE] Body[2]: Pos=[0, -3.390372, 0], Rot=[-0.88769174, -0.022388924, -0.1793168, 0.42349455], Vel=[0, -0.18770814, 0], AngVel=[-1.9251642, 0, -1.4430301]
[UPDATE] END
[UPDATE] START step=0.2
[UPDATE] Body[1]: Pos=[0, 3.4279137, 0], Rot=[-0.69969136, -0.57167625, -0.00000002850068, -0.42850688], Vel=[0, 0.18770814, 0], AngVel=[1.9251642, 0, 1.4430301]
[UPDATE] Body[2]: Pos=[0, -3.4279137, 0], Rot=[-0.8078381, 0.119228095, -0.09193297, 0.5698514], Vel=[0, -0.18770814, 0], AngVel=[-1.9251642, 0, -1.4430301]
[UPDATE] END
[UPDATE] START step=0.2
[UPDATE] Body[1]: Pos=[0, 3.4654553, 0], Rot=[-0.5131561, -0.68678045, -0.000000013222211, -0.51478463], Vel=[0, 0.18770814, 0], AngVel=[1.9251642, 0, 1.4430301]
[UPDATE] Body[2]: Pos=[0, -3.4654553, 0], Rot=[-0.68315893, 0.25422934, 0.00055206986, 0.6845882], Vel=[0, -0.18770814, 0], AngVel=[-1.9251642, 0, -1.4430301]
[UPDATE] END
[UPDATE] START step=0.2
[UPDATE] Body[1]: Pos=[0, 3.502997, 0], Rot=[-0.29814678, -0.76377654, 0.0000000016323695, -0.57249796], Vel=[0, 0.18770814, 0], AngVel=[1.9251642, 0, 1.4430301]
[UPDATE] Body[2]: Pos=[0, -3.502997, 0], Rot=[-0.5205725, 0.37512383, 0.09300648, 0.76133835], Vel=[0, -0.18770814, 0], AngVel=[-1.9251642, 0, -1.4430301]
[UPDATE] END
[UPDATE] START step=0.2
[UPDATE] Body[1]: Pos=[0, 3.5405385, 0], Rot=[-0.06659377, -0.7983919, 0.000000008830952, -0.59844434], Vel=[0, 0.18770814, 0], AngVel=[1.9251642, 0, 1.4430301]
[UPDATE] Body[2]: Pos=[0, -3.5405385, 0], Rot=[-0.3291004, 0.47520337, 0.18030012, 0.7958432], Vel=[0, -0.18770814, 0], AngVel=[-1.9251642, 0, -1.4430301]
[UPDATE] END
[UPDATE] START step=0.2
[UPDATE] Body[1]: Pos=[0, 3.5780802, 0], Rot=[0.1686544, -0.7887059, 0.00000003031756, -0.5911841], Vel=[0, 0.18770814, 0], AngVel=[1.9251642, 0, 1.4430301]
[UPDATE] Body[2]: Pos=[0, -3.5780802, 0], Rot=[-0.11936715, 0.54891473, 0.25758922, 0.7861881], Vel=[0, -0.18770814, 0], AngVel=[-1.9251642, 0, -1.4430301]
[UPDATE] END
[UPDATE] START step=0.2
[UPDATE] Body[1]: Pos=[0, 3.6156218, 0], Rot=[0.39454427, -0.7352561, 0.00000004396417, -0.5511201], Vel=[0, 0.18770814, 0], AngVel=[1.9251642, 0, 1.4430301]
[UPDATE] Body[2]: Pos=[0, -3.6156218, 0], Rot=[0.09698959, 0.59216785, 0.3205852, 0.7329089], Vel=[0, -0.18770814, 0], AngVel=[-1.9251642, 0, -1.4430301]
[UPDATE] END
[UPDATE] START step=0.2
[UPDATE] Body[1]: Pos=[0, 3.6531634, 0], Rot=[0.59854156, -0.64100814, 0.000000049988294, -0.4804754], Vel=[0, 0.18770814, 0], AngVel=[1.9251642, 0, 1.4430301]
[UPDATE] Body[2]: Pos=[0, -3.6531634, 0], Rot=[0.3079646, 0.60256255, 0.3657924, 0.6389618], Vel=[0, -0.18770814, 0], AngVel=[-1.9251642, 0, -1.4430301]
[UPDATE] END
[UPDATE] START step=0.2
[UPDATE] Body[1]: Pos=[0, 3.690705, 0], Rot=[0.7693268, -0.5111918, 0.00000004860141, -0.38316995], Vel=[0, 0.18770814, 0], AngVel=[1.9251642, 0, 1.4430301]
[UPDATE] Body[2]: Pos=[0, -3.690705, 0], Rot=[0.50185114, 0.5795221, 0.39070237, 0.50955975], Vel=[0, -0.18770814, 0], AngVel=[-1.9251642, 0, -1.4430301]
[UPDATE] END
[UPDATE] START step=0.2
[UPDATE] Body[1]: Pos=[0, 3.7282467, 0], Rot=[0.89742345, -0.35301027, 0.000000047253007, -0.26460308], Vel=[0, 0.18770814, 0], AngVel=[1.9251642, 0, 1.4430301]
[UPDATE] Body[2]: Pos=[0, -3.7282467, 0], Rot=[0.66789085, 0.52432495, 0.39393303, 0.3518832], Vel=[0, -0.18770814, 0], AngVel=[-1.9251642, 0, -1.4430301]
[UPDATE] END
[UPDATE] START step=0.2
[UPDATE] Body[1]: Pos=[0, 3.7657883, 0], Rot=[0.9757236, -0.17524086, 0.000000042320078, -0.13135386], Vel=[0, 0.18770814, 0], AngVel=[1.9251642, 0, 1.4430301]
[UPDATE] Body[2]: Pos=[0, -3.7657883, 0], Rot=[0.7968705, 0.440034, 0.37530506, 0.17468129], Vel=[0, -0.18770814, 0], AngVel=[-1.9251642, 0, -1.4430301]
[UPDATE] END
[UPDATE] START step=0.2
[UPDATE] Body[1]: Pos=[0, 3.80333, 0], Rot=[0.9998828, 0.012252344, 0.00000003390208, 0.0091839405], Vel=[0, 0.18770814, 0], AngVel=[1.9251642, 0, 1.4430301]
[UPDATE] Body[2]: Pos=[0, -3.80333, 0], Rot=[0.88163316, 0.3313263, 0.33585203, -0.012213398], Vel=[0, -0.18770814, 0], AngVel=[-1.9251642, 0, -1.4430301]
[UPDATE] END
[UPDATE] START step=0.2
[UPDATE] Body[1]: Pos=[0, 3.8408716, 0], Rot=[0.9685601, 0.19906572, 0.000000023906656, 0.14921215], Vel=[0, 0.18770814, 0], AngVel=[1.9251642, 0, 1.4430301]
[UPDATE] Body[2]: Pos=[0, -3.8408716, 0], Rot=[0.9174756, 0.2042339, 0.27776316, -0.19843036], Vel=[0, -0.18770814, 0], AngVel=[-1.9251642, 0, -1.4430301]
[UPDATE] END
[UPDATE] START step=0.2
[UPDATE] Body[1]: Pos=[0, 3.8784132, 0], Rot=[0.8834936, 0.37483323, 0.000000014188546, 0.2809608], Vel=[0, 0.18770814, 0], AngVel=[1.9251642, 0, 1.4430301]
[UPDATE] Body[2]: Pos=[0, -3.8784132, 0], Rot=[0.9024089, 0.06580893, 0.2042617, -0.37363678], Vel=[0, -0.18770814, 0], AngVel=[-1.9251642, 0, -1.4430301]
[UPDATE] END
[UPDATE] START step=0.2
[UPDATE] Body[1]: Pos=[0, 3.9159548, 0], Rot=[0.7494038, 0.52980196, 0.0000000065510273, 0.3971195], Vel=[0, 0.18770814, 0], AngVel=[1.9251642, 0, 1.4430301]
[UPDATE] Body[2]: Pos=[0, -3.9159548, 0], Rot=[0.8372691, -0.07626767, 0.11942613, -0.52811074], Vel=[0, -0.18770814, 0], AngVel=[-1.9251642, 0, -1.4430301]
[UPDATE] END
[UPDATE] START step=0.2
[UPDATE] Body[1]: Pos=[0, 3.9534965, 0], Rot=[0.57373077, 0.6553729, -0.000000000874596, 0.49124268], Vel=[0, 0.18770814, 0], AngVel=[1.9251642, 0, 1.4430301]
[UPDATE] Body[2]: Pos=[0, -3.9534965, 0], Rot=[0.72567075, -0.2141123, 0.027963819, -0.6532808], Vel=[0, -0.18770814, 0], AngVel=[-1.9251642, 0, -1.4430301]
[UPDATE] END
[UPDATE] START step=0.2
[UPDATE] Body[1]: Pos=[0, 3.991038, 0], Rot=[0.36622247, 0.74457836, -0.0000000008503311, 0.5581077], Vel=[0, 0.18770814, 0], AngVel=[1.9251642, 0, 1.4430301]
[UPDATE] Body[2]: Pos=[0, -3.991038, 0], Rot=[0.5738062, -0.34007624, -0.06505017, -0.7422015], Vel=[0, -0.18770814, 0], AngVel=[-1.9251642, 0, -1.4430301]
[UPDATE] END
[UPDATE] START step=0.2
[UPDATE] Body[1]: Pos=[0, 4.0285797, 0], Rot=[0.13839312, 0.7924684, -0.0000000008267394, 0.5940043], Vel=[0, 0.18770814, 0], AngVel=[1.9251642, 0, 1.4430301]
[UPDATE] Body[2]: Pos=[0, -4.0285797, 0], Rot=[0.39010218, -0.44716993, -0.15445463, -0.7899387], Vel=[0, -0.18770814, 0], AngVel=[-1.9251642, 0, -1.4430301]
[UPDATE] END
[UPDATE] START step=0.2
[UPDATE] Body[1]: Pos=[0, 4.066121, 0], Rot=[-0.09711541, 0.7963859, -0.000000008047673, 0.5969406], Vel=[0, 0.18770814, 0], AngVel=[1.9251642, 0, 1.4430301]
[UPDATE] Body[2]: Pos=[0, -4.066121, 0], Rot=[0.18475202, -0.52945095, -0.23528868, -0.79384357], Vel=[0, -0.18770814, 0], AngVel=[-1.9251642, 0, -1.4430301]
[UPDATE] END
[UPDATE] START step=0.2
[UPDATE] Body[1]: Pos=[0, 4.1036625, 0], Rot=[-0.3272352, 0.75611335, -0.0000000005805264, 0.5667538], Vel=[0, 0.18770814, 0], AngVel=[1.9251642, 0, 1.4430301]
[UPDATE] Body[2]: Pos=[0, -4.1036625, 0], Rot=[-0.03084969, -0.58235365, -0.30306697, -0.7536995], Vel=[0, -0.18770814, 0], AngVel=[-1.9251642, 0, -1.4430301]
[UPDATE] END
[UPDATE] START step=0.2
[UPDATE] Body[1]: Pos=[0, 4.141204, 0], Rot=[-0.5391972, 0.6738852, 0.000000013923319, 0.5051187], Vel=[0, 0.18770814, 0], AngVel=[1.9251642, 0, 1.4430301]
[UPDATE] Body[2]: Pos=[0, -4.141204, 0], Rot=[-0.24473959, -0.6029426, -0.3540286, -0.6717339], Vel=[0, -0.18770814, 0], AngVel=[-1.9251642, 0, -1.4430301]
[UPDATE] END
ok
test integration_tests::cube_systems_test::dropping_a_cube_on_a_platform ... [RENDERABLE]
[CREATE] Body[1]: Pos=[0, 3, 0], Rot=[1, 0, 0, 0], Vel=[0, -1, 0], AngVel=[0.3, 0.4, 0.5], Shape=Cube{ w=1, h=1, d=1 }
[CREATE] StaticBody[2]: Pos=[0, 0, 0], Rot=[1, 0, 0, 0], Shape=Cube{ w=10, h=0.1, d=10 }
[UPDATE] START step=0.2
[UPDATE] Body[1]: Pos=[0, 2.78, 0], Rot=[0.99750924, 0.02992528, 0.039900374, 0.049875464], Vel=[0, -1.1, 0], AngVel=[0.3, 0.4, 0.5]
[UPDATE] StaticBody[2]: Pos=[0, 0, 0], Rot=[1, 0, 0, 0]
[UPDATE] END
[UPDATE] START step=0.2
[UPDATE] Body[1]: Pos=[0, 2.54, 0], Rot=[0.99004984, 0.059701502, 0.079602, 0.0995025], Vel=[0, -1.2, 0], AngVel=[0.3, 0.4, 0.5]
[UPDATE] StaticBody[2]: Pos=[0, 0, 0], Rot=[1, 0, 0, 0]
[VIOLATION] Total energy increased by 0.23500001
[UPDATE] END
[UPDATE] START step=0.2
[UPDATE] Body[1]: Pos=[0, 2.28, 0], Rot=[0.9776584, 0.08918031, 0.118907094, 0.14863387], Vel=[0, -1.3000001, 0], AngVel=[0.3, 0.4, 0.5]
[UPDATE] StaticBody[2]: Pos=[0, 0, 0], Rot=[1, 0, 0, 0]
[VIOLATION] Total energy increased by 0.25500005
[UPDATE] END
[UPDATE] START step=0.2
[UPDATE] Body[1]: Pos=[0, 2, 0], Rot=[0.96039706, 0.118214905, 0.15761988, 0.19702485], Vel=[0, -1.4000001, 0], AngVel=[0.3, 0.4, 0.5]
[UPDATE] StaticBody[2]: Pos=[0, 0, 0], Rot=[1, 0, 0, 0]
[VIOLATION] Total energy increased by 0.27500004
[UPDATE] END
[UPDATE] START step=0.2
[UPDATE] Body[1]: Pos=[0, 1.6999999, 0], Rot=[0.9383516, 0.14666061, 0.19554749, 0.24443437], Vel=[0, -1.5000001, 0], AngVel=[0.3, 0.4, 0.5]
[UPDATE] StaticBody[2]: Pos=[0, 0, 0], Rot=[1, 0, 0, 0]
[VIOLATION] Total energy increased by 0.29500014
[UPDATE] END
[UPDATE] START step=0.2
[UPDATE] Body[1]: Pos=[0, 1.3799999, 0], Rot=[0.91163194, 0.17437577, 0.23250103, 0.2906263], Vel=[0, -1.6000001, 0], AngVel=[0.3, 0.4, 0.5]
[UPDATE] StaticBody[2]: Pos=[0, 0, 0], Rot=[1, 0, 0, 0]
[VIOLATION] Total energy increased by 0.315
[UPDATE] END
[UPDATE] START step=0.2
[UPDATE] Body[1]: Pos=[0, 1.0399998, 0], Rot=[0.88037103, 0.2012223, 0.2682964, 0.33537048], Vel=[0, -1.7000002, 0], AngVel=[0.3, 0.4, 0.5]
[UPDATE] StaticBody[2]: Pos=[0, 0, 0], Rot=[1, 0, 0, 0]
[VIOLATION] Total energy increased by 0.3350001
[UPDATE] END
[UPDATE] START step=0.2
[UPDATE] Body[1]: Pos=[0, 0.6799998, 0], Rot=[0.84472483, 0.22706649, 0.3027553, 0.37844414], Vel=[0, -1.8000002, 0], AngVel=[0.3, 0.4, 0.5]
[UPDATE] StaticBody[2]: Pos=[0, 0, 0], Rot=[1, 0, 0, 0]
[VIOLATION] Total energy increased by 0.35500008
[UPDATE] END
[UPDATE] START step=0.2
[UPDATE] Body[1]: Pos=[0, 1.0039958, 0], Rot=[0.49318084, -0.2651542, 0.50748575, 0.65492296], Vel=[0, -0.14001021, 0], AngVel=[-2.0253866, 0.4, 3.9583087]
[UPDATE] StaticBody[2]: Pos=[0, 0, 0], Rot=[1, 0, 0, 0]
[UPDATE] END
[UPDATE] START step=0.2
[UPDATE] Body[1]: Pos=[0, 0.9559937, 0], Rot=[0.14604577, -0.4928413, 0.5067027, 0.69212025], Vel=[0, -0.2400102, 0], AngVel=[-2.0253866, 0.4, 3.9583087]
[UPDATE] StaticBody[2]: Pos=[0, 0, 0], Rot=[1, 0, 0, 0]
[VIOLATION] Total energy increased by 0.04300207
[UPDATE] END
[UPDATE] START step=0.2
[UPDATE] Body[1]: Pos=[0, 0.88799167, 0], Rot=[-0.2264616, -0.63490784, 0.41789097, 0.60907656], Vel=[0, -0.3400102, 0], AngVel=[-2.0253866, 0.4, 3.9583087]
[UPDATE] StaticBody[2]: Pos=[0, 0, 0], Rot=[1, 0, 0, 0]
[VIOLATION] Total energy increased by 0.06300202
[UPDATE] END
[UPDATE] START step=0.2
[UPDATE] Body[1]: Pos=[0, 0.79998964, 0], Rot=[-0.55962616, -0.6666729, 0.25647968, 0.420219], Vel=[0, -0.4400102, 0], AngVel=[-2.0253866, 0.4, 3.9583087]
[UPDATE] StaticBody[2]: Pos=[0, 0, 0], Rot=[1, 0, 0, 0]
[VIOLATION] Total energy increased by 0.08300203
[UPDATE] END
[UPDATE] START step=0.2
[UPDATE] Body[1]: Pos=[0, 0.76901555, 0], Rot=[-0.8269493, -0.53342175, 0.09371359, 0.15110894], Vel=[0, -0.34744024, 0], AngVel=[-2.4113138, 0.4, 3.8406065]
[UPDATE] StaticBody[2]: Pos=[0, 0, 0], Rot=[1, 0, 0, 0]
[UPDATE] END
[UPDATE] START step=0.2
[UPDATE] Body[1]: Pos=[0, 0.7031833, 0], Rot=[-0.9177224, -0.34543568, -0.10845389, -0.1633937], Vel=[0, -0.38830084, 0], AngVel=[-2.3220003, 0.4, 3.9241037]
[UPDATE] StaticBody[2]: Pos=[0, 0, 0], Rot=[1, 0, 0, 0]
[VIOLATION] Total energy increased by 0.047947526
[UPDATE] END
[UPDATE] START step=0.2
[UPDATE] Body[1]: Pos=[0, 1.2194552, 0], Rot=[-0.96963257, -0.0040093674, -0.20488477, -0.13348718], Vel=[0, 1.0465294, 0], AngVel=[-3.0335388, 0.4, 2.1460202]
[UPDATE] StaticBody[2]: Pos=[0, 0, 0], Rot=[1, 0, 0, 0]
[VIOLATION] Total energy increased by 0.21408716
[UPDATE] END
[UPDATE] START step=0.2
[UPDATE] Body[1]: Pos=[0, 1.6515114, 0], Rot=[-0.9661851, 0.046186067, -0.25091508, 0.03734813], Vel=[0, 1.5534052, 0], AngVel=[-1.9735129, 0.4, 0.2861054]
[UPDATE] StaticBody[2]: Pos=[0, 0, 0], Rot=[1, 0, 0, 0]
[VIOLATION] Total energy increased by 0.4428938
[UPDATE] END
[UPDATE] START step=0.2
[UPDATE] Body[1]: Pos=[0, 1.9421924, 0], Rot=[-0.92908067, 0.24061055, -0.27523535, 0.056224905], Vel=[0, 1.4534051, 0], AngVel=[-1.9735129, 0.4, 0.2861054]
[UPDATE] StaticBody[2]: Pos=[0, 0, 0], Rot=[1, 0, 0, 0]
[UPDATE] END
[UPDATE] START step=0.2
[UPDATE] Body[1]: Pos=[0, 2.2128735, 0], Rot=[-0.85469645, 0.42538047, -0.28851166, 0.07284563], Vel=[0, 1.3534051, 0], AngVel=[-1.9735129, 0.4, 0.2861054]
[UPDATE] StaticBody[2]: Pos=[0, 0, 0], Rot=[1, 0, 0, 0]
[UPDATE] END
[UPDATE] START step=0.2
[UPDATE] Body[1]: Pos=[0, 2.4635544, 0], Rot=[-0.74601716, 0.59308183, -0.29021135, 0.08654339], Vel=[0, 1.2534051, 0], AngVel=[-1.9735129, 0.4, 0.2861054]
[UPDATE] StaticBody[2]: Pos=[0, 0, 0], Rot=[1, 0, 0, 0]
[UPDATE] END
[UPDATE] START step=0.2
[UPDATE] Body[1]: Pos=[0, 2.6942353, 0], Rot=[-0.60740364, 0.73698545, -0.28026617, 0.09676855], Vel=[0, 1.1534051, 0], AngVel=[-1.9735129, 0.4, 0.2861054]
[UPDATE] StaticBody[2]: Pos=[0, 0, 0], Rot=[1, 0, 0, 0]
[UPDATE] END
[UPDATE] START step=0.2
[UPDATE] Body[1]: Pos=[0, 2.9049163, 0], Rot=[-0.44441777, 0.8513172, -0.2590752, 0.103110835], Vel=[0, 1.053405, 0], AngVel=[-1.9735129, 0.4, 0.2861054]
[UPDATE] StaticBody[2]: Pos=[0, 0, 0], Rot=[1, 0, 0, 0]
[UPDATE] END
[UPDATE] START step=0.2
[UPDATE] Body[1]: Pos=[0, 3.0955973, 0], Rot=[-0.26359946, 0.9314896, -0.22748871, 0.10531575], Vel=[0, 0.953405, 0], AngVel=[-1.9735129, 0.4, 0.2861054]
[UPDATE] StaticBody[2]: Pos=[0, 0, 0], Rot=[1, 0, 0, 0]
[UPDATE] END
[UPDATE] START step=0.2
[UPDATE] Body[1]: Pos=[0, 3.2662783, 0], Rot=[-0.0722041, 0.9742855, -0.18677415, 0.103294834], Vel=[0, 0.853405, 0], AngVel=[-1.9735129, 0.4, 0.2861054]
[UPDATE] StaticBody[2]: Pos=[0, 0, 0], Rot=[1, 0, 0, 0]
[UPDATE] END
[UPDATE] START step=0.2
[UPDATE] Body[1]: Pos=[0, 3.4169593, 0], Rot=[0.12208847, 0.97798777, -0.1385652, 0.09712916], Vel=[0, 0.753405, 0], AngVel=[-1.9735129, 0.4, 0.2861054]
[UPDATE] StaticBody[2]: Pos=[0, 0, 0], Rot=[1, 0, 0, 0]
[UPDATE] END
[UPDATE] START step=0.2
[UPDATE] Body[1]: Pos=[0, 3.5476403, 0], Rot=[0.3114822, 0.94244784, -0.084796265, 0.08706614], Vel=[0, 0.65340495, 0], AngVel=[-1.9735129, 0.4, 0.2861054]
[UPDATE] StaticBody[2]: Pos=[0, 0, 0], Rot=[1, 0, 0, 0]
[UPDATE] END
[UPDATE] START step=0.2
[UPDATE] Body[1]: Pos=[0, 3.6583214, 0], Rot=[0.4883775, 0.8690918, -0.027624842, 0.07350955], Vel=[0, 0.5534049, 0], AngVel=[-1.9735129, 0.4, 0.2861054]
[UPDATE] StaticBody[2]: Pos=[0, 0, 0], Rot=[1, 0, 0, 0]
[UPDATE] END
[UPDATE] START step=0.2
[UPDATE] Body[1]: Pos=[0, 3.7490025, 0], Rot=[0.64567655, 0.7608632, 0.030655041, 0.057003368], Vel=[0, 0.45340493, 0], AngVel=[-1.9735129, 0.4, 0.2861054]
[UPDATE] StaticBody[2]: Pos=[0, 0, 0], Rot=[1, 0, 0, 0]
[UPDATE] END
[UPDATE] START step=0.2
[UPDATE] Body[1]: Pos=[0, 3.8196836, 0], Rot=[0.77706754, 0.6221045, 0.087704875, 0.038209893], Vel=[0, 0.35340494, 0], AngVel=[-1.9735129, 0.4, 0.2861054]
[UPDATE] StaticBody[2]: Pos=[0, 0, 0], Rot=[1, 0, 0, 0]
[UPDATE] END
[UPDATE] START step=0.2
[UPDATE] Body[1]: Pos=[0, 3.8703644, 0], Rot=[0.87727827, 0.45838362, 0.1412355, 0.017883226], Vel=[0, 0.25340495, 0], AngVel=[-1.9735129, 0.4, 0.2861054]
[UPDATE] StaticBody[2]: Pos=[0, 0, 0], Rot=[1, 0, 0, 0]
[UPDATE] END
[UPDATE] START step=0.2
[UPDATE] Body[1]: Pos=[0, 3.9010453, 0], Rot=[0.94228786, 0.2762699, 0.189099, -0.0031610029], Vel=[0, 0.15340495, 0], AngVel=[-1.9735129, 0.4, 0.2861054]
[UPDATE] StaticBody[2]: Pos=[0, 0, 0], Rot=[1, 0, 0, 0]
[UPDATE] END
[UPDATE] START step=0.2
[UPDATE] Body[1]: Pos=[0, 3.9117262, 0], Rot=[0.9694878, 0.08307078, 0.22937483, -0.024078397], Vel=[0, 0.05340495, 0], AngVel=[-1.9735129, 0.4, 0.2861054]
[UPDATE] StaticBody[2]: Pos=[0, 0, 0], Rot=[1, 0, 0, 0]
[UPDATE] END
[UPDATE] START step=0.2
[UPDATE] Body[1]: Pos=[0, 3.9024072, 0], Rot=[0.95778674, -0.11346162, 0.2604469, -0.044029642], Vel=[0, -0.046595052, 0], AngVel=[-1.9735129, 0.4, 0.2861054]
[UPDATE] StaticBody[2]: Pos=[0, 0, 0], Rot=[1, 0, 0, 0]
[VIOLATION] Total energy increased by 0.0043189526
[UPDATE] END
[UPDATE] START step=0.2
[UPDATE] Body[1]: Pos=[0, 3.8730881, 0], Rot=[0.9076539, -0.30544132, 0.28106844, -0.062214177], Vel=[0, -0.14659506, 0], AngVel=[-1.9735129, 0.4, 0.2861054]
[UPDATE] StaticBody[2]: Pos=[0, 0, 0], Rot=[1, 0, 0, 0]
[VIOLATION] Total energy increased by 0.024319053
[UPDATE] END
[UPDATE] START step=0.2
[UPDATE] Body[1]: Pos=[0, 3.823769, 0], Rot=[0.8211012, -0.48516506, 0.29041198, -0.07790235], Vel=[0, -0.24659505, 0], AngVel=[-1.9735129, 0.4, 0.2861054]
[UPDATE] StaticBody[2]: Pos=[0, 0, 0], Rot=[1, 0, 0, 0]
[VIOLATION] Total energy increased by 0.044319034
[UPDATE] END
[UPDATE] START step=0.2
[UPDATE] Body[1]: Pos=[0, 3.75445, 0], Rot=[0.7016013, -0.6454214, 0.2881026, -0.090464644], Vel=[0, -0.34659505, 0], AngVel=[-1.9735129, 0.4, 0.2861054]
[UPDATE] StaticBody[2]: Pos=[0, 0, 0], Rot=[1, 0, 0, 0]
[VIOLATION] Total energy increased by 0.064319015
[UPDATE] END
[UPDATE] START step=0.2
[UPDATE] Body[1]: Pos=[0, 3.665131, 0], Rot=[0.5539494, -0.77977985, 0.27423298, -0.09939701], Vel=[0, -0.44659504, 0], AngVel=[-1.9735129, 0.4, 0.2861054]
[UPDATE] StaticBody[2]: Pos=[0, 0, 0], Rot=[1, 0, 0, 0]
[VIOLATION] Total energy increased by 0.084318995
[UPDATE] END
[UPDATE] START step=0.2
[UPDATE] Body[1]: Pos=[0, 3.5558121, 0], Rot=[0.38407007, -0.88284934, 0.24935967, -0.10434104], Vel=[0, -0.54659504, 0], AngVel=[-1.9735129, 0.4, 0.2861054]
[UPDATE] StaticBody[2]: Pos=[0, 0, 0], Rot=[1, 0, 0, 0]
[VIOLATION] Total energy increased by 0.10431898
[UPDATE] END
[UPDATE] START step=0.2
[UPDATE] Body[1]: Pos=[0, 3.4264932, 0], Rot=[0.19877976, -0.9504941, 0.21448067, -0.10509834], Vel=[0, -0.64659506, 0], AngVel=[-1.9735129, 0.4, 0.2861054]
[UPDATE] StaticBody[2]: Pos=[0, 0, 0], Rot=[1, 0, 0, 0]
[VIOLATION] Total energy increased by 0.12431896
[UPDATE] END
[UPDATE] START step=0.2
[UPDATE] Body[1]: Pos=[0, 3.2771742, 0], Rot=[0.0055133393, -0.9799999, 0.17099553, -0.10163851], Vel=[0, -0.7465951, 0], AngVel=[-1.9735129, 0.4, 0.2861054]
[UPDATE] StaticBody[2]: Pos=[0, 0, 0], Rot=[1, 0, 0, 0]
[VIOLATION] Total energy increased by 0.14431906
[UPDATE] END
[UPDATE] START step=0.2
[UPDATE] Body[1]: Pos=[0, 3.1078553, 0], Rot=[-0.1879743, -0.9701828, 0.120649144, -0.0941004], Vel=[0, -0.8465951, 0], AngVel=[-1.9735129, 0.4, 0.2861054]
[UPDATE] StaticBody[2]: Pos=[0, 0, 0], Rot=[1, 0, 0, 0]
[VIOLATION] Total energy increased by 0.16431892
[UPDATE] END
[UPDATE] START step=0.2
[UPDATE] Body[1]: Pos=[0, 2.9185362, 0], Rot=[-0.37391937, -0.92143667, 0.06546166, -0.08278647], Vel=[0, -0.94659513, 0], AngVel=[-1.9735129, 0.4, 0.2861054]
[UPDATE] StaticBody[2]: Pos=[0, 0, 0], Rot=[1, 0, 0, 0]
[VIOLATION] Total energy increased by 0.18431914
[UPDATE] END
[UPDATE] START step=0.2
[UPDATE] Body[1]: Pos=[0, 2.709217, 0], Rot=[-0.5448608, -0.8357175, 0.0076474953, -0.06815069], Vel=[0, -1.0465951, 0], AngVel=[-1.9735129, 0.4, 0.2861054]
[UPDATE] StaticBody[2]: Pos=[0, 0, 0], Rot=[1, 0, 0, 0]
[VIOLATION] Total energy increased by 0.20431906
[UPDATE] END
[UPDATE] START step=0.2
[UPDATE] Body[1]: Pos=[0, 2.479898, 0], Rot=[-0.69393945, -0.7164648, -0.050473522, -0.05078034], Vel=[0, -1.1465951, 0], AngVel=[-1.9735129, 0.4, 0.2861054]
[UPDATE] StaticBody[2]: Pos=[0, 0, 0], Rot=[1, 0, 0, 0]
[VIOLATION] Total energy increased by 0.22431904
[UPDATE] END
[UPDATE] START step=0.2
[UPDATE] Body[1]: Pos=[0, 2.230579, 0], Rot=[-0.8151735, -0.5684637, -0.106569275, -0.031372413], Vel=[0, -1.2465951, 0], AngVel=[-1.9735129, 0.4, 0.2861054]
[UPDATE] StaticBody[2]: Pos=[0, 0, 0], Rot=[1, 0, 0, 0]
[VIOLATION] Total energy increased by 0.24431908
[UPDATE] END
[UPDATE] START step=0.2
[UPDATE] Body[1]: Pos=[0, 1.9612598, 0], Rot=[-0.9036983, -0.3976527, -0.15838888, -0.010705651], Vel=[0, -1.3465952, 0], AngVel=[-1.9735129, 0.4, 0.2861054]
[UPDATE] StaticBody[2]: Pos=[0, 0, 0], Rot=[1, 0, 0, 0]
[VIOLATION] Total energy increased by 0.26431906
[UPDATE] END
[UPDATE] START step=0.2
[UPDATE] Body[1]: Pos=[0, 1.6719408, 0], Rot=[-0.95596194, -0.21088575, -0.20385309, 0.010390678], Vel=[0, -1.4465952, 0], AngVel=[-1.9735129, 0.4, 0.2861054]
[UPDATE] StaticBody[2]: Pos=[0, 0, 0], Rot=[1, 0, 0, 0]
[VIOLATION] Total energy increased by 0.28431904
[UPDATE] END
[UPDATE] START step=0.2
[UPDATE] Body[1]: Pos=[0, 1.3626218, 0], Rot=[-0.9698671, -0.015656905, -0.2411376, 0.03107008], Vel=[0, -1.5465952, 0], AngVel=[-1.9735129, 0.4, 0.2861054]
[UPDATE] StaticBody[2]: Pos=[0, 0, 0], Rot=[1, 0, 0, 0]
[VIOLATION] Total energy increased by 0.30431914
[UPDATE] END
[UPDATE] START step=0.2
[UPDATE] Body[1]: Pos=[0, 1.0333028, 0], Rot=[-0.9448559, 0.18020017, -0.26874635, 0.050502777], Vel=[0, -1.6465952, 0], AngVel=[-1.9735129, 0.4, 0.2861054]
[UPDATE] StaticBody[2]: Pos=[0, 0, 0], Rot=[1, 0, 0, 0]
[VIOLATION] Total energy increased by 0.324319
[UPDATE] END
[UPDATE] START step=0.2
[UPDATE] Body[1]: Pos=[0, 0.6839837, 0], Rot=[-0.88193214, 0.3688267, -0.28557155, 0.06790905], Vel=[0, -1.7465953, 0], AngVel=[-1.9735129, 0.4, 0.2861054]
[UPDATE] StaticBody[2]: Pos=[0, 0, 0], Rot=[1, 0, 0, 0]
[VIOLATION] Total energy increased by 0.34431922
[UPDATE] END
[UPDATE] START step=0.2
[UPDATE] Body[1]: Pos=[0, 1.5006473, 0], Rot=[-0.8348179, 0.17546444, -0.0766807, -0.5161505], Vel=[0, 1.1183615, 0], AngVel=[0.9538038, 0.4, 3.5304406]
[UPDATE] StaticBody[2]: Pos=[0, 0, 0], Rot=[1, 0, 0, 0]
[UPDATE] END
[UPDATE] START step=0.2
[UPDATE] Body[1]: Pos=[0, 1.7043196, 0], Rot=[-0.6252922, 0.095976256, 0.0010360111, -0.7744657], Vel=[0, 1.0183614, 0], AngVel=[0.9538038, 0.4, 3.5304406]
[UPDATE] StaticBody[2]: Pos=[0, 0, 0], Rot=[1, 0, 0, 0]
[UPDATE] END
[UPDATE] START step=0.2
[UPDATE] Body[1]: Pos=[0, 1.8879919, 0], Rot=[-0.33886424, 0.004684335, 0.0786253, -0.9375324], Vel=[0, 0.9183614, 0], AngVel=[0.9538038, 0.4, 3.5304406]
[UPDATE] StaticBody[2]: Pos=[0, 0, 0], Rot=[1, 0, 0, 0]
[UPDATE] END
[UPDATE] START step=0.2
[UPDATE] Body[1]: Pos=[0, 2.051664, 0], Rot=[-0.010760722, -0.08718369, 0.14654477, -0.9852958], Vel=[0, 0.8183614, 0], AngVel=[0.9538038, 0.4, 3.5304406]
[UPDATE] StaticBody[2]: Pos=[0, 0, 0], Rot=[1, 0, 0, 0]
[UPDATE] END
[UPDATE] START step=0.2
[UPDATE] Body[1]: Pos=[0, 2.1953363, 0], Rot=[0.31866625, -0.16832937, 0.19644131, -0.91188157], Vel=[0, 0.7183614, 0], AngVel=[0.9538038, 0.4, 3.5304406]
[UPDATE] StaticBody[2]: Pos=[0, 0, 0], Rot=[1, 0, 0, 0]
[UPDATE] END
[UPDATE] START step=0.2
[UPDATE] Body[1]: Pos=[0, 2.3190086, 0], Rot=[0.60890174, -0.22877286, 0.22217827, -0.72631854], Vel=[0, 0.61836135, 0], AngVel=[0.9538038, 0.4, 3.5304406]
[UPDATE] StaticBody[2]: Pos=[0, 0, 0], Rot=[1, 0, 0, 0]
[UPDATE] END
[UPDATE] START step=0.2
[UPDATE] Body[1]: Pos=[0, 2.4226809, 0], Rot=[0.8242507, -0.26108044, 0.22059038, -0.4514284], Vel=[0, 0.51836133, 0], AngVel=[0.9538038, 0.4, 3.5304406]
[UPDATE] StaticBody[2]: Pos=[0, 0, 0], Rot=[1, 0, 0, 0]
[UPDATE] END
[UPDATE] START step=0.2
[UPDATE] Body[1]: Pos=[0, 2.5063531, 0], Rot=[0.93822837, -0.2612788, 0.19187298, -0.12101896], Vel=[0, 0.41836134, 0], AngVel=[0.9538038, 0.4, 3.5304406]
[UPDATE] StaticBody[2]: Pos=[0, 0, 0], Rot=[1, 0, 0, 0]
[UPDATE] END
[UPDATE] START step=0.2
[UPDATE] Body[1]: Pos=[0, 2.5700254, 0], Rot=[0.93681717, -0.22934355, 0.1395579, 0.22427414], Vel=[0, 0.31836134, 0], AngVel=[0.9538038, 0.4, 3.5304406]
[UPDATE] StaticBody[2]: Pos=[0, 0, 0], Rot=[1, 0, 0, 0]
[UPDATE] END
[UPDATE] START step=0.2
[UPDATE] Body[1]: Pos=[0, 2.6136978, 0], Rot=[0.8201903, -0.16920216, 0.0700791, 0.5419846], Vel=[0, 0.21836135, 0], AngVel=[0.9538038, 0.4, 3.5304406]
[UPDATE] StaticBody[2]: Pos=[0, 0, 0], Rot=[1, 0, 0, 0]
[UPDATE] END
[UPDATE] START step=0.2
[UPDATE] Body[1]: Pos=[0, 2.63737, 0], Rot=[0.6026916, -0.08825131, -0.00801842, 0.7930386], Vel=[0, 0.11836135, 0], AngVel=[0.9538038, 0.4, 3.5304406]
[UPDATE] StaticBody[2]: Pos=[0, 0, 0], Rot=[1, 0, 0, 0]
[UPDATE] END
[UPDATE] START step=0.2
[UPDATE] Body[1]: Pos=[0, 2.6410425, 0], Rot=[0.3110702, 0.003553234, -0.08512978, 0.9465599], Vel=[0, 0.018361345, 0], AngVel=[0.9538038, 0.4, 3.5304406]
[UPDATE] StaticBody[2]: Pos=[0, 0, 0], Rot=[1, 0, 0, 0]
[UPDATE] END
[UPDATE] START step=0.2
[UPDATE] Body[1]: Pos=[0, 2.6247149, 0], Rot=[-0.018808495, 0.09492077, -0.15177138, 0.9836675], Vel=[0, -0.08163866, 0], AngVel=[0.9538038, 0.4, 3.5304406]
[UPDATE] StaticBody[2]: Pos=[0, 0, 0], Rot=[1, 0, 0, 0]
[VIOLATION] Total energy increased by 0.011327624
[UPDATE] END
[UPDATE] START step=0.2
[UPDATE] Body[1]: Pos=[0, 2.588387, 0], Rot=[-0.346374, 0.17461438, -0.19974722, 0.8997977], Vel=[0, -0.18163866, 0], AngVel=[0.9538038, 0.4, 3.5304406]
[UPDATE] StaticBody[2]: Pos=[0, 0, 0], Rot=[1, 0, 0, 0]
[VIOLATION] Total energy increased by 0.031327844
[UPDATE] END
[UPDATE] START step=0.2
[UPDATE] Body[1]: Pos=[0, 2.5320592, 0], Rot=[-0.6313403, 0.23283285, -0.22315691, 0.70526534], Vel=[0, -0.28163865, 0], AngVel=[0.9538038, 0.4, 3.5304406]
[UPDATE] StaticBody[2]: Pos=[0, 0, 0], Rot=[1, 0, 0, 0]
[VIOLATION] Total energy increased by 0.051327825
[UPDATE] END
[UPDATE] START step=0.2
[UPDATE] Body[1]: Pos=[0, 2.4557314, 0], Rot=[-0.8386606, 0.26241612, -0.21912144, 0.42399517], Vel=[0, -0.38163865, 0], AngVel=[0.9538038, 0.4, 3.5304406]
[UPDATE] StaticBody[2]: Pos=[0, 0, 0], Rot=[1, 0, 0, 0]
[VIOLATION] Total energy increased by 0.07132769
[UPDATE] END
[UPDATE] START step=0.2
[UPDATE] Body[1]: Pos=[0, 2.3594036, 0], Rot=[-0.94283736, 0.2597259, -0.18813708, 0.090579525], Vel=[0, -0.48163864, 0], AngVel=[0.9538038, 0.4, 3.5304406]
[UPDATE] StaticBody[2]: Pos=[0, 0, 0], Rot=[1, 0, 0, 0]
[VIOLATION] Total energy increased by 0.09132779
[UPDATE] END
[UPDATE] START step=0.2
[UPDATE] Body[1]: Pos=[0, 2.2430758, 0], Rot=[-0.93105817, 0.22509299, -0.13401449, -0.25397617], Vel=[0, -0.58163863, 0], AngVel=[0.9538038, 0.4, 3.5304406]
[UPDATE] StaticBody[2]: Pos=[0, 0, 0], Rot=[1, 0, 0, 0]
[VIOLATION] Total energy increased by 0.11132777
[UPDATE] END
[UPDATE] START step=0.2
[UPDATE] Body[1]: Pos=[0, 2.106748, 0], Rot=[-0.80477184, 0.16277678, -0.06340997, -0.5672963], Vel=[0, -0.68163866, 0], AngVel=[0.9538038, 0.4, 3.5304406]
[UPDATE] StaticBody[2]: Pos=[0, 0, 0], Rot=[1, 0, 0, 0]
[VIOLATION] Total energy increased by 0.13132775
[UPDATE] END
[UPDATE] START step=0.2
[UPDATE] Body[1]: Pos=[0, 1.9504204, 0], Rot=[-0.5795098, 0.08044131, 0.014993095, -0.8108469], Vel=[0, -0.7816387, 0], AngVel=[0.9538038, 0.4, 3.5304406]
[UPDATE] StaticBody[2]: Pos=[0, 0, 0], Rot=[1, 0, 0, 0]
[VIOLATION] Total energy increased by 0.15132773
[UPDATE] END
[UPDATE] START step=0.2
[UPDATE] Body[1]: Pos=[0, 1.7740927, 0], Rot=[-0.28297615, -0.011787321, 0.09155221, -0.95467466], Vel=[0, -0.8816387, 0], AngVel=[0.9538038, 0.4, 3.5304406]
[UPDATE] StaticBody[2]: Pos=[0, 0, 0], Rot=[1, 0, 0, 0]
[VIOLATION] Total energy increased by 0.17132774
[UPDATE] END
[UPDATE] START step=0.2
[UPDATE] Body[1]: Pos=[0, 1.577765, 0], Rot=[0.04835962, -0.102566294, 0.15685171, -0.9810908], Vel=[0, -0.9816387, 0], AngVel=[0.9538038, 0.4, 3.5304406]
[UPDATE] StaticBody[2]: Pos=[0, 0, 0], Rot=[1, 0, 0, 0]
[VIOLATION] Total energy increased by 0.19132772
[UPDATE] END
[UPDATE] START step=0.2
[UPDATE] Body[1]: Pos=[0, 1.3614372, 0], Rot=[0.3737479, -0.18073104, 0.20286062, -0.88684636], Vel=[0, -1.0816387, 0], AngVel=[0.9538038, 0.4, 3.5304406]
[UPDATE] StaticBody[2]: Pos=[0, 0, 0], Rot=[1, 0, 0, 0]
[VIOLATION] Total energy increased by 0.21132773
[UPDATE] END
[UPDATE] START step=0.2
[UPDATE] Body[1]: Pos=[0, 1.1251094, 0], Rot=[0.65317035, -0.2366684, 0.22392051, -0.6835322], Vel=[0, -1.1816387, 0], AngVel=[0.9538038, 0.4, 3.5304406]
[UPDATE] StaticBody[2]: Pos=[0, 0, 0], Rot=[1, 0, 0, 0]
[VIOLATION] Total energy increased by 0.23132777
[UPDATE] END
[UPDATE] START step=0.2
[UPDATE] Body[1]: Pos=[0, 0.8687817, 0], Rot=[0.8522619, -0.2634988, 0.21744126, -0.39615303], Vel=[0, -1.2816387, 0], AngVel=[0.9538038, 0.4, 3.5304406]
[UPDATE] StaticBody[2]: Pos=[0, 0, 0], Rot=[1, 0, 0, 0]
[VIOLATION] Total energy increased by 0.2513278
[UPDATE] END
[UPDATE] START step=0.2
[UPDATE] Body[1]: Pos=[0, 0.59245396, 0], Rot=[0.94653726, -0.2579226, 0.18421982, -0.06005266], Vel=[0, -1.3816388, 0], AngVel=[0.9538038, 0.4, 3.5304406]
[UPDATE] StaticBody[2]: Pos=[0, 0, 0], Rot=[1, 0, 0, 0]
[VIOLATION] Total energy increased by 0.27132773
[UPDATE] END
[UPDATE] START step=0.2
[UPDATE] Body[1]: Pos=[0, 0.3623879, 0], Rot=[0.91999143, -0.1720236, 0.1162962, 0.33241352], Vel=[0, -1.3159845, 0], AngVel=[1.2551868, 0.4, 3.7921107]
[UPDATE] StaticBody[2]: Pos=[0, 0, 0], Rot=[1, 0, 0, 0]
[VIOLATION] Total energy increased by 0.026477814
[UPDATE] END
[UPDATE] START step=0.2
[UPDATE] Body[1]: Pos=[0, 1.0327826, 0], Rot=[0.8389706, 0.33986518, -0.058649343, 0.42092776], Vel=[0, 0.9679946, 0], AngVel=[3.7312844, 0.4, 2.3622718]
[UPDATE] StaticBody[2]: Pos=[0, 0, 0], Rot=[1, 0, 0, 0]
[UPDATE] END
[UPDATE] START step=0.2
[UPDATE] Body[1]: Pos=[0, 1.2063814, 0], Rot=[0.5622688, 0.6249178, -0.09312073, 0.5335355], Vel=[0, 0.86799455, 0], AngVel=[3.7312844, 0.4, 2.3622718]
[UPDATE] StaticBody[2]: Pos=[0, 0, 0], Rot=[1, 0, 0, 0]
[UPDATE] END
[UPDATE] START step=0.2
[UPDATE] Body[1]: Pos=[0, 1.3599803, 0], Rot=[0.18903233, 0.8026797, -0.11160446, 0.5545417], Vel=[0, 0.7679945, 0], AngVel=[3.7312844, 0.4, 2.3622718]
[UPDATE] StaticBody[2]: Pos=[0, 0, 0], Rot=[1, 0, 0, 0]
[UPDATE] END
[UPDATE] START step=0.2
[UPDATE] Body[1]: Pos=[0, 1.4935793, 0], Rot=[-0.21665864, 0.84263146, -0.110927075, 0.48033997], Vel=[0, 0.6679945, 0], AngVel=[3.7312844, 0.4, 2.3622718]
[UPDATE] StaticBody[2]: Pos=[0, 0, 0], Rot=[1, 0, 0, 0]
[UPDATE] END
[UPDATE] START step=0.2
[UPDATE] Body[1]: Pos=[0, 1.6071782, 0], Rot=[-0.585152, 0.7379138, -0.0912049, 0.3236698], Vel=[0, 0.5679945, 0], AngVel=[3.7312844, 0.4, 2.3622718]
[UPDATE] StaticBody[2]: Pos=[0, 0, 0], Rot=[1, 0, 0, 0]
[UPDATE] END
[UPDATE] START step=0.2
[UPDATE] Body[1]: Pos=[0, 1.700777, 0], Rot=[-0.8531819, 0.50650537, -0.055823926, 0.11142949], Vel=[0, 0.46799448, 0], AngVel=[3.7312844, 0.4, 2.3622718]
[UPDATE] StaticBody[2]: Pos=[0, 0, 0], Rot=[1, 0, 0, 0]
[UPDATE] END
[UPDATE] START step=0.2
[UPDATE] Body[1]: Pos=[0, 1.7743759, 0], Rot=[-0.9747311, 0.18813631, -0.010858697, -0.11994185], Vel=[0, 0.3679945, 0], AngVel=[3.7312844, 0.4, 2.3622718]
[UPDATE] StaticBody[2]: Pos=[0, 0, 0], Rot=[1, 0, 0, 0]
[UPDATE] END
[UPDATE] START step=0.2
[UPDATE] Body[1]: Pos=[0, 1.8279748, 0], Rot=[-0.92893106, -0.16253343, 0.035970844, -0.33072066], Vel=[0, 0.2679945, 0], AngVel=[3.7312844, 0.4, 2.3622718]
[UPDATE] StaticBody[2]: Pos=[0, 0, 0], Rot=[1, 0, 0, 0]
[UPDATE] END
[UPDATE] START step=0.2
[UPDATE] Body[1]: Pos=[0, 1.8615737, 0], Rot=[-0.7236449, -0.48529828, 0.07662463, -0.48471886], Vel=[0, 0.1679945, 0], AngVel=[3.7312844, 0.4, 2.3622718]
[UPDATE] StaticBody[2]: Pos=[0, 0, 0], Rot=[1, 0, 0, 0]
[UPDATE] END
[UPDATE] START step=0.2
[UPDATE] Body[1]: Pos=[0, 1.8751726, 0], Rot=[-0.39411786, -0.7247433, 0.10412291, -0.55549675], Vel=[0, 0.0679945, 0], AngVel=[3.7312844, 0.4, 2.3622718]
[UPDATE] StaticBody[2]: Pos=[0, 0, 0], Rot=[1, 0, 0, 0]
[UPDATE] END
[UPDATE] START step=0.2
[UPDATE] Body[1]: Pos=[0, 1.8687716, 0], Rot=[0.0030743193, -0.8397589, 0.11374457, -0.53090274], Vel=[0, -0.032005504, 0], AngVel=[3.7312844, 0.4, 2.3622718]
[UPDATE] StaticBody[2]: Pos=[0, 0, 0], Rot=[1, 0, 0, 0]
[VIOLATION] Total energy increased by 0.0014010668
[UPDATE] END
[UPDATE] START step=0.2
[UPDATE] Body[1]: Pos=[0, 1.8423705, 0], Rot=[0.39973867, -0.81059825, 0.10383772, -0.41515929], Vel=[0, -0.13200551, 0], AngVel=[3.7312844, 0.4, 2.3622718]
[UPDATE] StaticBody[2]: Pos=[0, 0, 0], Rot=[1, 0, 0, 0]
[VIOLATION] Total energy increased by 0.021401048
[UPDATE] END
[UPDATE] START step=0.2
[UPDATE] Body[1]: Pos=[0, 1.7959694, 0], Rot=[0.72777283, -0.6422679, 0.07610318, -0.2281381], Vel=[0, -0.2320055, 0], AngVel=[3.7312844, 0.4, 2.3622718]
[UPDATE] StaticBody[2]: Pos=[0, 0, 0], Rot=[1, 0, 0, 0]
[VIOLATION] Total energy increased by 0.041401148
[UPDATE] END
[UPDATE] START step=0.2
[UPDATE] Body[1]: Pos=[0, 1.7295682, 0], Rot=[0.9308574, -0.36366808, 0.035302676, -0.0019484211], Vel=[0, -0.3320055, 0], AngVel=[3.7312844, 0.4, 2.3622718]
[UPDATE] StaticBody[2]: Pos=[0, 0, 0], Rot=[1, 0, 0, 0]
[VIOLATION] Total energy increased by 0.06140113
[UPDATE] END
[UPDATE] START step=0.2
[UPDATE] Body[1]: Pos=[0, 1.6431671, 0], Rot=[0.9741252, -0.022630943, -0.011558862, 0.22457576], Vel=[0, -0.4320055, 0], AngVel=[3.7312844, 0.4, 2.3622718]
[UPDATE] StaticBody[2]: Pos=[0, 0, 0], Rot=[1, 0, 0, 0]
[VIOLATION] Total energy increased by 0.08140105
[UPDATE] END
[UPDATE] START step=0.2
[UPDATE] Body[1]: Pos=[0, 1.536766, 0], Rot=[0.85014784, 0.32229164, -0.056435887, 0.41254306], Vel=[0, -0.5320055, 0], AngVel=[3.7312844, 0.4, 2.3622718]
[UPDATE] StaticBody[2]: Pos=[0, 0, 0], Rot=[1, 0, 0, 0]
[VIOLATION] Total energy increased by 0.10140109
[UPDATE] END
[UPDATE] START step=0.2
[UPDATE] Body[1]: Pos=[0, 1.410365, 0], Rot=[0.58021057, 0.6118808, -0.09162355, 0.5296818], Vel=[0, -0.6320055, 0], AngVel=[3.7312844, 0.4, 2.3622718]
[UPDATE] StaticBody[2]: Pos=[0, 0, 0], Rot=[1, 0, 0, 0]
[VIOLATION] Total energy increased by 0.12140113
[UPDATE] END
[UPDATE] START step=0.2
[UPDATE] Body[1]: Pos=[0, 1.2639639, 0], Rot=[0.21065825, 0.7964174, -0.11108057, 0.5558807], Vel=[0, -0.73200554, 0], AngVel=[3.7312844, 0.4, 2.3622718]
[UPDATE] StaticBody[2]: Pos=[0, 0, 0], Rot=[1, 0, 0, 0]
[VIOLATION] Total energy increased by 0.14140108
[UPDATE] END
[UPDATE] START step=0.2
[UPDATE] Body[1]: Pos=[0, 1.0975628, 0], Rot=[-0.19506143, 0.8442191, -0.11146646, 0.48664185], Vel=[0, -0.83200556, 0], AngVel=[3.7312844, 0.4, 2.3622718]
[UPDATE] StaticBody[2]: Pos=[0, 0, 0], Rot=[1, 0, 0, 0]
[VIOLATION] Total energy increased by 0.16140115
[UPDATE] END
[UPDATE] START step=0.2
[UPDATE] Body[1]: Pos=[0, 0.91116166, 0], Rot=[-0.5672915, 0.7470788, -0.09271494, 0.33385256], Vel=[0, -0.9320056, 0], AngVel=[3.7312844, 0.4, 2.3622718]
[UPDATE] StaticBody[2]: Pos=[0, 0, 0], Rot=[1, 0, 0, 0]
[VIOLATION] Total energy increased by 0.18140113
[UPDATE] END
[UPDATE] START step=0.2
[UPDATE] Body[1]: Pos=[0, 0.70476055, 0], Rot=[-0.84212464, 0.5216743, -0.058045413, 0.12374488], Vel=[0, -1.0320055, 0], AngVel=[3.7312844, 0.4, 2.3622718]
[UPDATE] StaticBody[2]: Pos=[0, 0, 0], Rot=[1, 0, 0, 0]
[VIOLATION] Total energy increased by 0.20140108
[UPDATE] END
[UPDATE] START step=0.2
[UPDATE] Body[1]: Pos=[0, 1.0057468, 0], Rot=[-0.75696415, 0.46625647, 0.22460926, -0.3989499], Vel=[0, 0.18646303, 0], AngVel=[1.8510119, 0.4, 4.6876874]
[UPDATE] StaticBody[2]: Pos=[0, 0, 0], Rot=[1, 0, 0, 0]
[UPDATE] END
[UPDATE] START step=0.2
[UPDATE] Body[1]: Pos=[0, 1.0230395, 0], Rot=[-0.5936769, 0.18285288, 0.4343833, -0.6522451], Vel=[0, 0.08646303, 0], AngVel=[1.8510119, 0.4, 4.6876874]
[UPDATE] StaticBody[2]: Pos=[0, 0, 0], Rot=[1, 0, 0, 0]
[UPDATE] END
[UPDATE] START step=0.2
[UPDATE] Body[1]: Pos=[0, 1.0203321, 0], Rot=[-0.30266374, -0.13989039, 0.5507024, -0.7652138], Vel=[0, -0.013536975, 0], AngVel=[1.8510119, 0.4, 4.6876874]
[UPDATE] StaticBody[2]: Pos=[0, 0, 0], Rot=[1, 0, 0, 0]
[UPDATE] END
ok
test unit_tests::collisions::narrowphase::gjk_epa_implementation_test::almost_colliding_edge_to_edge ... ok
test unit_tests::collisions::narrowphase::gjk_epa_implementation_test::almost_colliding_edge_to_face ... ok
test unit_tests::collisions::narrowphase::gjk_epa_implementation_test::almost_colliding_face_to_face ... ok
test unit_tests::collisions::narrowphase::gjk_epa_implementation_test::almost_colliding_vertex_to_face ... ok
test unit_tests::collisions::narrowphase::gjk_epa_implementation_test::almost_colliding_vertex_to_vertex ... ok
test unit_tests::collisions::narrowphase::gjk_epa_implementation_test::colliding_edge_to_edge ... CONTACT FACE
CONTACT EDGE
ok
test unit_tests::collisions::narrowphase::gjk_epa_implementation_test::colliding_edge_to_face ... CONTACT FACE
CONTACT EDGE
ok
test unit_tests::collisions::narrowphase::gjk_epa_implementation_test::colliding_face_to_face ... CONTACT FACE
CONTACT FACE
ok
test unit_tests::collisions::narrowphase::gjk_epa_implementation_test::colliding_vertex_to_face ... CONTACT FACE
ok
test unit_tests::collisions::narrowphase::gjk_epa_implementation_test::colliding_vertex_to_vertex ... CONTACT FACE
CONTACT FACE
ok
test unit_tests::collisions::simple_collisions_test::creating_a_rigid_body ... ok
test unit_tests::collisions::simple_collisions_test::finding_a_body_with_a_handle ... ok
test unit_tests::collisions::simple_collisions_test::iterating_over_bodies ... ok
test unit_tests::collisions::simple_collisions_test::mutably_finding_a_body_with_a_handle ... ok
test unit_tests::collisions::simple_collisions_test::mutably_iterating_over_bodies ... ok
test unit_tests::core::state_test::chaining_with_angular_velocity ... ok
test unit_tests::core::state_test::chaining_with_position ... ok
test unit_tests::core::state_test::chaining_with_rotation ... ok
test unit_tests::core::state_test::chaining_with_velocity ... ok
test unit_tests::core::state_test::instantiating_as_stationary ... ok
test unit_tests::core::state_test::instantiating_with_position ... ok
test unit_tests::core::state_test::instantiating_with_rotation ... ok
test unit_tests::core::state_test::setting_the_angular_velocity_with_scalar_components ... ok
test unit_tests::core::state_test::setting_the_position_with_a_vector ... ok
test unit_tests::core::state_test::setting_the_position_with_scalar_components ... ok
test unit_tests::core::state_test::setting_the_rotation_with_scalar_components ... ok
test unit_tests::core::state_test::setting_the_velocity_with_scalar_components ... ok
test unit_tests::core::state_test::setting_velocity_with_a_vector ... ok
test unit_tests::core::state_test::transforming_a_direction_with_only_rotation ... ok
test unit_tests::core::state_test::transforming_a_direction_with_only_translation ... ok
test unit_tests::core::state_test::transforming_a_direction_with_translation_and_rotation ... ok
test unit_tests::core::state_test::transforming_a_point_with_both_translation_and_rotation ... ok
test unit_tests::core::state_test::transforming_a_point_with_only_rotation ... ok
test unit_tests::core::state_test::transforming_a_point_with_only_translation ... ok
test unit_tests::dynamics::simple_dynamics_test::defining_gravity ... ok
test unit_tests::dynamics::simple_dynamics_test::moving_after_a_collision_without_rotation ... [CREATE] Body[1]: Pos=[0, 0, 0], Rot=[1, 0, 0, 0], Vel=[0, 0, 0], AngVel=[0, 0, 0], Shape=Cube{ w=1, h=1, d=1 }
[CREATE] Body[2]: Pos=[1.3560255, 0, 0], Rot=[0.88807386, 0, 0.32505757, -0.32505757], Vel=[-1, 0, 0], AngVel=[0, 0, 0], Shape=Cube{ w=1, h=1, d=1 }
[UPDATE] START step=0.2
CONTACT FACE
[UPDATE] Body[2]: Pos=[1.5560255, 0, 0], Rot=[0.8880739, 0, 0.3250575, -0.3250575], Vel=[0, 0, 0], AngVel=[0, -0.00000035762787, 0.00000035762787]
[UPDATE] Body[1]: Pos=[-0.4, 0, 0], Rot=[1, 0, 0.00000007152558, -0.00000007152558], Vel=[-1, 0, 0], AngVel=[0, 0.00000035762787, -0.00000035762787]
[UPDATE] END
ok
test unit_tests::dynamics::simple_dynamics_test::moving_at_constant_velocity ... [CREATE] Body[1]: Pos=[0, 0, 0], Rot=[1, 0, 0, 0], Vel=[1, -1, 0.5], AngVel=[0, 0, 0], Shape=Cube{ w=1, h=1, d=1 }
[UPDATE] START step=0.3
[UPDATE] Body[1]: Pos=[0.3, -0.3, 0.15], Rot=[1, 0, 0, 0], Vel=[1, -1, 0.5], AngVel=[0, 0, 0]
[UPDATE] END
ok
test unit_tests::dynamics::simple_dynamics_test::moving_at_constant_velocity_with_gravity ... [CREATE] Body[1]: Pos=[0, 0, 0], Rot=[1, 0, 0, 0], Vel=[1, -1, 0.5], AngVel=[0, 0, 0], Shape=Cube{ w=1, h=1, d=1 }
[UPDATE] START step=0.2
[UPDATE] Body[1]: Pos=[0.32000002, -0.28, 0.26], Rot=[1, 0, 0, 0], Vel=[1.6, -1.4, 1.3], AngVel=[0, 0, 0]
[UPDATE] END
ok
test unit_tests::materials::rigid_test::computing_the_density ... ok
test unit_tests::materials::rigid_test::computing_the_mass ... ok
test unit_tests::materials::rigid_test::determining_equality ... ok
test unit_tests::materials::rigid_test::instantiating_with_parameters ... ok
test unit_tests::math::matrix_test::adding_a_matrix ... ok
test unit_tests::math::matrix_test::computing_the_determinant ... ok
test unit_tests::math::matrix_test::computing_the_inverse ... ok
test unit_tests::math::matrix_test::dividing_by_a_scalar ... ok
test unit_tests::math::matrix_test::getting_elements_by_element_position ... ok
test unit_tests::math::matrix_test::instantiating_as_a_diagonal_matrix ... ok
test unit_tests::math::matrix_test::instantiating_as_a_skew_matrix ... ok
test unit_tests::math::matrix_test::instantiating_as_the_identity_matrix ... ok
test unit_tests::math::matrix_test::instantiating_from_a_slice ... ok
test unit_tests::math::matrix_test::instantiating_from_axis_angle ... ok
test unit_tests::math::matrix_test::instantiating_with_components ... ok
test unit_tests::math::matrix_test::multiplying_by_a_matrix ... ok
test unit_tests::math::matrix_test::multiplying_by_a_scalar ... ok
test unit_tests::math::matrix_test::multiplying_by_a_vector ... ok
test unit_tests::math::matrix_test::negating ... ok
test unit_tests::math::matrix_test::setting_by_index ... ok
test unit_tests::math::matrix_test::subtrating_by_a_matrix ... ok
test unit_tests::math::quaternion_test::adding_with_scalar_components ... ok
test unit_tests::math::quaternion_test::cloning ... ok
test unit_tests::math::quaternion_test::computing_the_inverse ... ok
test unit_tests::math::quaternion_test::computing_the_length ... ok
test unit_tests::math::quaternion_test::computing_the_normalized_quaternion ... ok
test unit_tests::math::quaternion_test::computing_the_squared_length ... ok
test unit_tests::math::quaternion_test::dividing_by_a_scalar ... ok
test unit_tests::math::quaternion_test::instantiating_as_the_identity_rotation ... ok
test unit_tests::math::quaternion_test::instantiating_from_a_vector ... ok
test unit_tests::math::quaternion_test::instantiating_from_axis_angle ... ok
test unit_tests::math::quaternion_test::instantiating_with_components ... ok
test unit_tests::math::quaternion_test::multiplication_with_scalar_components ... ok
test unit_tests::math::quaternion_test::multiplying_by_a_scalar ... ok
test unit_tests::math::quaternion_test::multiplying_with_a_quaternion ... ok
test unit_tests::math::quaternion_test::negating ... ok
test unit_tests::math::quaternion_test::setting_by_index ... ok
test unit_tests::math::quaternion_test::subtracting_by_a_quaternion ... ok
test unit_tests::math::quaternion_test::subtracting_by_scalar_components ... ok
test unit_tests::math::vector_test::adding_a_vector ... ok
test unit_tests::math::vector_test::adding_with_scalar_components ... ok
test unit_tests::math::vector_test::cloning ... ok
test unit_tests::math::vector_test::computing_distance_between_vectors ... ok
test unit_tests::math::vector_test::computing_the_cross_product ... ok
test unit_tests::math::vector_test::computing_the_inner_product ... ok
test unit_tests::math::vector_test::computing_the_normalized_vector ... ok
test unit_tests::math::vector_test::computing_the_outer_product ... ok
test unit_tests::math::vector_test::computing_the_squared_length ... ok
test unit_tests::math::vector_test::computing_the_vector_length ... ok
test unit_tests::math::vector_test::dereferencing_elements_by_index ... ok
test unit_tests::math::vector_test::instantiating_as_a_zero_vector ... ok
test unit_tests::math::vector_test::instantiating_with_components ... ok
test unit_tests::math::vector_test::multiplying_by_a_scalar ... ok
test unit_tests::math::vector_test::mutably_dereferencing_elements_by_index ... ok
test unit_tests::math::vector_test::negating ... ok
test unit_tests::math::vector_test::rotating_by_a_quaternion ... ok
test unit_tests::math::vector_test::subtracting_by_a_vector ... ok
test unit_tests::math::vector_test::subtracting_by_scalar_components ... ok
test unit_tests::shapes::primitives::cube_test::computing_the_number_of_vertices ... ok
test unit_tests::shapes::primitives::cube_test::computing_the_support_indices ... ok
test unit_tests::shapes::primitives::cube_test::computing_the_volume ... ok
test unit_tests::shapes::primitives::cube_test::determining_equality ... ok
test unit_tests::shapes::primitives::cube_test::instantiating_with_dimensions ... ok

test result: ok. 103 passed; 0 failed; 0 ignored; 0 measured

     Running target/debug/mach-a2823947d10c2f0f

running 0 tests

test result: ok. 0 passed; 0 failed; 0 ignored; 0 measured

   Doc-tests mach

running 3 tests
test maths::matrix::fmt_0 ... ignored
test maths::quaternion::fmt_0 ... ignored
test maths::vector::fmt_0 ... ignored

test result: ok. 0 passed; 0 failed; 3 ignored; 0 measured

