   Compiling mach v0.0.1 (file:///Users/bryan/Code/Rust/mach)
     Running target/debug/lib-07b127a55e377dc1

running 103 tests
test integration_tests::cube_systems_test::colliding_two_cubes ... [NEW_SIMULATION]
[Collisions create_body] Body[1]: Pos=[0, 3, 0], Rot=[1, 0, 0, 0], Vel=[0, -1, 0], AngVel=[0, 0, 0], Shape=Cube{ w=1, h=1, d=1 }
[Collisions create_body] Body[2]: Pos=[0, -3, 0], Rot=[0.87758255, 0.33900505, 0.33900505, 0], Vel=[0, 1, 0], AngVel=[0, 0, 0], Shape=Cube{ w=1, h=1, d=1 }
[Dynamics update] START step=0.2
[Dynamics update] Body[2]: Pos=[0, -2.8, 0], Rot=[0.87758255, 0.33900505, 0.33900505, 0], Vel=[0, 1, 0], AngVel=[0, 0, 0]
[Dynamics update] Body[1]: Pos=[0, 2.8, 0], Rot=[1, 0, 0, 0], Vel=[0, -1, 0], AngVel=[0, 0, 0]
[Dynamics update] END
[Dynamics update] START step=0.2
[Dynamics update] Body[2]: Pos=[0, -2.6, 0], Rot=[0.87758255, 0.33900505, 0.33900505, 0], Vel=[0, 1, 0], AngVel=[0, 0, 0]
[Dynamics update] Body[1]: Pos=[0, 2.6, 0], Rot=[1, 0, 0, 0], Vel=[0, -1, 0], AngVel=[0, 0, 0]
[Dynamics update] END
[Dynamics update] START step=0.2
[Dynamics update] Body[2]: Pos=[0, -2.3999999, 0], Rot=[0.87758255, 0.33900505, 0.33900505, 0], Vel=[0, 1, 0], AngVel=[0, 0, 0]
[Dynamics update] Body[1]: Pos=[0, 2.3999999, 0], Rot=[1, 0, 0, 0], Vel=[0, -1, 0], AngVel=[0, 0, 0]
[Dynamics update] END
[Dynamics update] START step=0.2
[Dynamics update] Body[2]: Pos=[0, -2.1999998, 0], Rot=[0.87758255, 0.33900505, 0.33900505, 0], Vel=[0, 1, 0], AngVel=[0, 0, 0]
[Dynamics update] Body[1]: Pos=[0, 2.1999998, 0], Rot=[1, 0, 0, 0], Vel=[0, -1, 0], AngVel=[0, 0, 0]
[Dynamics update] END
[Dynamics update] START step=0.2
[Dynamics update] Body[2]: Pos=[0, -1.9999998, 0], Rot=[0.87758255, 0.33900505, 0.33900505, 0], Vel=[0, 1, 0], AngVel=[0, 0, 0]
[Dynamics update] Body[1]: Pos=[0, 1.9999998, 0], Rot=[1, 0, 0, 0], Vel=[0, -1, 0], AngVel=[0, 0, 0]
[Dynamics update] END
[Dynamics update] START step=0.2
[Dynamics update] Body[2]: Pos=[0, -1.7999997, 0], Rot=[0.87758255, 0.33900505, 0.33900505, 0], Vel=[0, 1, 0], AngVel=[0, 0, 0]
[Dynamics update] Body[1]: Pos=[0, 1.7999997, 0], Rot=[1, 0, 0, 0], Vel=[0, -1, 0], AngVel=[0, 0, 0]
[Dynamics update] END
[Dynamics update] START step=0.2
[Dynamics update] Body[2]: Pos=[0, -1.5999997, 0], Rot=[0.87758255, 0.33900505, 0.33900505, 0], Vel=[0, 1, 0], AngVel=[0, 0, 0]
[Dynamics update] Body[1]: Pos=[0, 1.5999997, 0], Rot=[1, 0, 0, 0], Vel=[0, -1, 0], AngVel=[0, 0, 0]
[Dynamics update] END
[Dynamics update] START step=0.2
[Dynamics update] Body[2]: Pos=[0, -1.3999996, 0], Rot=[0.87758255, 0.33900505, 0.33900505, 0], Vel=[0, 1, 0], AngVel=[0, 0, 0]
[Dynamics update] Body[1]: Pos=[0, 1.3999996, 0], Rot=[1, 0, 0, 0], Vel=[0, -1, 0], AngVel=[0, 0, 0]
[Dynamics update] END
[Dynamics update] START step=0.2
[Dynamics update] Body[2]: Pos=[0, -1.1999996, 0], Rot=[0.87758255, 0.33900505, 0.33900505, 0], Vel=[0, 1, 0], AngVel=[0, 0, 0]
[Dynamics update] Body[1]: Pos=[0, 1.1999996, 0], Rot=[1, 0, 0, 0], Vel=[0, -1, 0], AngVel=[0, 0, 0]
[Dynamics update] END
[Dynamics update] START step=0.2
[Dynamics update] Body[2]: Pos=[0, -0.9999996, 0], Rot=[0.87758255, 0.33900505, 0.33900505, 0], Vel=[0, 1, 0], AngVel=[0, 0, 0]
[Dynamics update] Body[1]: Pos=[0, 0.9999996, 0], Rot=[1, 0, 0, 0], Vel=[0, -1, 0], AngVel=[0, 0, 0]
[Dynamics update] END
[Dynamics update] START step=0.2
[Dynamics update] Body[2]: Pos=[0, -0.7999996, 0], Rot=[0.87758255, 0.33900505, 0.33900505, 0], Vel=[0, 1, 0], AngVel=[0, 0, 0]
[Dynamics update] Body[1]: Pos=[0, 0.7999996, 0], Rot=[1, 0, 0, 0], Vel=[0, -1, 0], AngVel=[0, 0, 0]
[Dynamics update] END
[Dynamics update] START step=0.2
[Dynamics update] Body[2]: Pos=[0, -0.5999996, 0], Rot=[0.87758255, 0.33900505, 0.33900505, 0], Vel=[0, 1, 0], AngVel=[0, 0, 0]
[Dynamics update] Body[1]: Pos=[0, 0.5999996, 0], Rot=[1, 0, 0, 0], Vel=[0, -1, 0], AngVel=[0, 0, 0]
[Dynamics update] END
[Dynamics update] START step=0.2
CONTACT FACE
[Dynamics update] Body[2]: Pos=[0, -0.87508285, 0], Rot=[0.9084129, 0.08916051, 0.21731585, -0.34584716], Vel=[0, -0.18770814, 0], AngVel=[-1.9251642, 0, -1.4430301]
[Dynamics update] Body[1]: Pos=[0, 0.87508285, 0], Rot=[0.90110433, 0.34695476, 0, 0.26006413], Vel=[0, 0.18770814, 0], AngVel=[1.9251642, 0, 1.4430301]
[Dynamics update] END
[Dynamics update] START step=0.2
[Dynamics update] Body[2]: Pos=[0, -0.9126245, 0], Rot=[0.85137624, -0.05285627, 0.13404343, -0.5043779], Vel=[0, -0.18770814, 0], AngVel=[-1.9251642, 0, -1.4430301]
[Dynamics update] Body[1]: Pos=[0, 0.9126245, 0], Rot=[0.7746757, 0.50599325, 0, 0.3792733], Vel=[0, 0.18770814, 0], AngVel=[1.9251642, 0, 1.4430301]
[Dynamics update] END
[Dynamics update] START step=0.2
[Dynamics update] Body[2]: Pos=[0, -0.9501661, 0], Rot=[0.7470982, -0.19194014, 0.04333316, -0.6349216], Vel=[0, -0.18770814, 0], AngVel=[-1.9251642, 0, -1.4430301]
[Dynamics update] Body[1]: Pos=[0, 0.9501661, 0], Rot=[0.60526186, 0.6369551, 0.0000000072438713, 0.47743732], Vel=[0, 0.18770814, 0], AngVel=[1.9251642, 0, 1.4430301]
[Dynamics update] END
[Dynamics update] START step=0.2
[Dynamics update] Body[2]: Pos=[0, -0.98770773, 0], Rot=[0.60136503, -0.32037356, -0.04978158, -0.7302346], Vel=[0, -0.18770814, 0], AngVel=[-1.9251642, 0, -1.4430301]
[Dynamics update] Body[1]: Pos=[0, 0.98770773, 0], Rot=[0.402263, 0.73257333, 0.000000014286767, 0.54910916], Vel=[0, 0.18770814, 0], AngVel=[1.9251642, 0, 1.4430301]
[Dynamics update] END
[Dynamics update] START step=0.2
[Dynamics update] Body[2]: Pos=[0, -1.0252494, 0], Rot=[0.42226323, -0.4310301, -0.14013404, -0.7850283], Vel=[0, -0.18770814, 0], AngVel=[-1.9251642, 0, -1.4430301]
[Dynamics update] Body[1]: Pos=[0, 1.0252494, 0], Rot=[0.17694326, 0.7875424, 0.000000013890393, 0.5903119], Vel=[0, 0.18770814, 0], AngVel=[1.9251642, 0, 1.4430301]
[Dynamics update] END
[Dynamics update] START step=0.2
[Dynamics update] Body[2]: Pos=[0, -1.062791, 0], Rot=[0.21973069, -0.51776946, -0.22271067, -0.7962619], Vel=[0, -0.18770814, 0], AngVel=[-1.9251642, 0, -1.4430301]
[Dynamics update] Body[1]: Pos=[0, 1.062791, 0], Rot=[-0.05819475, 0.7988121, 0.000000020748887, 0.59875923], Vel=[0, 0.18770814, 0], AngVel=[1.9251642, 0, 1.4430301]
[Dynamics update] END
[Dynamics update] START step=0.2
[Dynamics update] Body[2]: Pos=[0, -1.1003326, 0], Rot=[0.0050057326, -0.5757788, -0.29292953, -0.7633126], Vel=[0, -0.18770814, 0], AngVel=[-1.9251642, 0, -1.4430301]
[Dynamics update] Body[1]: Pos=[0, 1.1003326, 0], Rot=[-0.2901036, 0.7657571, 0.000000020173227, 0.5739825], Vel=[0, 0.18770814, 0], AngVel=[1.9251642, 0, 1.4430301]
[Dynamics update] END
[Dynamics update] START step=0.2
[Dynamics update] Body[2]: Pos=[0, -1.1378742, 0], Rot=[-0.20999701, -0.60183907, -0.3468942, -0.6880083], Vel=[0, -0.18770814, 0], AngVel=[-1.9251642, 0, -1.4430301]
[Dynamics update] Body[1]: Pos=[0, 1.1378742, 0], Rot=[-0.50591516, 0.69021165, 0.000000012369669, 0.5173565], Vel=[0, 0.18770814, 0], AngVel=[1.9251642, 0, 1.4430301]
[Dynamics update] END
[Dynamics update] START step=0.2
[Dynamics update] Body[2]: Pos=[0, -1.1754159, 0], Rot=[-0.41334736, -0.5945044, -0.38161036, -0.5745277], Vel=[0, -0.18770814, 0], AngVel=[-1.9251642, 0, -1.4430301]
[Dynamics update] Body[1]: Pos=[0, 1.1754159, 0], Rot=[-0.69365436, 0.57636756, -0.0000000024612583, 0.4320233], Vel=[0, 0.18770814, 0], AngVel=[1.9251642, 0, 1.4430301]
[Dynamics update] END
[Dynamics update] START step=0.2
[Dynamics update] Body[2]: Pos=[0, -1.2129575, 0], Rot=[-0.59376174, -0.55418164, -0.3951516, -0.42916745], Vel=[0, -0.18770814, 0], AngVel=[-1.9251642, 0, -1.4430301]
[Dynamics update] Body[1]: Pos=[0, 1.2129575, 0], Rot=[-0.84290385, 0.4305418, -0.000000009636843, 0.32271785], Vel=[0, 0.18770814, 0], AngVel=[1.9251642, 0, 1.4430301]
[Dynamics update] END
[Dynamics update] START step=0.2
[Dynamics update] Body[2]: Pos=[0, -1.2504991, 0], Rot=[-0.7412294, -0.48310846, -0.38676664, -0.25999355], Vel=[0, -0.18770814, 0], AngVel=[-1.9251642, 0, -1.4430301]
[Dynamics update] Body[1]: Pos=[0, 1.2504991, 0], Rot=[-0.9453821, 0.26082608, -0.000000016613347, 0.19550538], Vel=[0, 0.18770814, 0], AngVel=[1.9251642, 0, 1.4430301]
[Dynamics update] END
[Dynamics update] START step=0.2
[Dynamics update] Body[2]: Pos=[0, -1.2880408, 0], Rot=[-0.8475676, -0.38522846, -0.35692066, -0.07639306], Vel=[0, -0.18770814, 0], AngVel=[-1.9251642, 0, -1.4430301]
[Dynamics update] Body[1]: Pos=[0, 1.2880408, 0], Rot=[-0.99540275, 0.07663757, -0.000000023396295, 0.05744466], Vel=[0, 0.18770814, 0], AngVel=[1.9251642, 0, 1.4430301]
[Dynamics update] END
[Dynamics update] START step=0.2
[Dynamics update] Body[2]: Pos=[0, -1.3255824, 0], Rot=[-0.90687567, -0.26597273, -0.30726975, 0.11144638], Vel=[0, -0.18770814, 0], AngVel=[-1.9251642, 0, -1.4430301]
[Dynamics update] Body[1]: Pos=[0, 1.3255824, 0], Rot=[-0.9901904, -0.11180343, -0.000000030896544, -0.08380355], Vel=[0, 0.18770814, 0], AngVel=[1.9251642, 0, 1.4430301]
[Dynamics update] END
[Dynamics update] START step=0.2
[Dynamics update] Body[2]: Pos=[0, -1.363124, 0], Rot=[-0.91586286, -0.13195866, -0.24056898, 0.29310185], Vel=[0, -0.18770814, 0], AngVel=[-1.9251642, 0, -1.4430301]
[Dynamics update] Body[1]: Pos=[0, 1.363124, 0], Rot=[-0.9300339, -0.29404062, -0.000000040905146, -0.22040163], Vel=[0, 0.18770814, 0], AngVel=[1.9251642, 0, 1.4430301]
[Dynamics update] END
[Dynamics update] START step=0.2
[Dynamics update] Body[2]: Pos=[0, -1.4006656, 0], Rot=[-0.8740304, 0.009377553, -0.16051948, 0.45849362], Vel=[0, -0.18770814, 0], AngVel=[-1.9251642, 0, -1.4430301]
[Dynamics update] Body[1]: Pos=[0, 1.4006656, 0], Rot=[-0.81827164, -0.45996207, -0.00000005063608, -0.3447701], Vel=[0, 0.18770814, 0], AngVel=[1.9251642, 0, 1.4430301]
[Dynamics update] END
[Dynamics update] START step=0.2
[Dynamics update] Body[2]: Pos=[0, -1.4382073, 0], Rot=[-0.7836995, 0.15019342, -0.07156302, 0.5984444], Vel=[0, -0.18770814, 0], AngVel=[-1.9251642, 0, -1.4430301]
[Dynamics update] Body[1]: Pos=[0, 1.4382073, 0], Rot=[-0.66110486, -0.600361, -0.000000049231225, -0.45000783], Vel=[0, 0.18770814, 0], AngVel=[1.9251642, 0, 1.4430301]
[Dynamics update] END
[Dynamics update] START step=0.2
[Dynamics update] Body[2]: Pos=[0, -1.4757489, 0], Rot=[-0.6498825, 0.2826753, 0.021364348, 0.7051885], Vel=[0, -0.18770814, 0], AngVel=[-1.9251642, 0, -1.4430301]
[Dynamics update] Body[1]: Pos=[0, 1.4757489, 0], Rot=[-0.46725452, -0.70744693, -0.00000004786535, -0.5302754], Vel=[0, 0.18770814, 0], AngVel=[1.9251642, 0, 1.4430301]
[Dynamics update] END
[Dynamics update] START step=0.2
[Dynamics update] Body[2]: Pos=[0, -1.5132905, 0], Rot=[-0.4800047, 0.39947203, 0.11310624, 0.77280295], Vel=[0, -0.18770814, 0], AngVel=[-1.9251642, 0, -1.4430301]
[Dynamics update] Body[1]: Pos=[0, 1.5132905, 0], Rot=[-0.24747704, -0.77527785, -0.000000039293496, -0.58111894], Vel=[0, 0.18770814, 0], AngVel=[1.9251642, 0, 1.4430301]
[Dynamics update] END
[Dynamics update] START step=0.2
[Dynamics update] Body[2]: Pos=[0, -1.5508322, 0], Rot=[-0.28349233, 0.4941028, 0.19857208, 0.797536], Vel=[0, -0.18770814, 0], AngVel=[-1.9251642, 0, -1.4430301]
[Dynamics update] Body[1]: Pos=[0, 1.5508322, 0], Rot=[-0.013967532, -0.8000901, -0.000000023715593, -0.59971726], Vel=[0, 0.18770814, 0], AngVel=[1.9251642, 0, 1.4430301]
[Dynamics update] END
[Dynamics update] START step=0.2
[Dynamics update] Body[2]: Pos=[0, -1.5883738, 0], Rot=[-0.07124941, 0.56131667, 0.27301952, 0.77801514], Vel=[0, -0.18770814, 0], AngVel=[-1.9251642, 0, -1.4430301]
[Dynamics update] Body[1]: Pos=[0, 1.5883738, 0], Rot=[0.22031704, -0.7805067, -0.0000000013260124, -0.5850383], Vel=[0, 0.18770814, 0], AngVel=[1.9251642, 0, 1.4430301]
[Dynamics update] END
[Dynamics update] START step=0.2
[Dynamics update] Body[2]: Pos=[0, -1.6259154, 0], Rot=[0.14494699, 0.597384, 0.3323175, 0.71532345], Vel=[0, -0.18770814, 0], AngVel=[-1.9251642, 0, -1.4430301]
[Dynamics update] Body[1]: Pos=[0, 1.6259154, 0], Rot=[0.4423766, -0.7176143, 0.000000027686259, -0.5378966], Vel=[0, 0.18770814, 0], AngVel=[1.9251642, 0, 1.4430301]
[Dynamics update] END
[Dynamics update] START step=0.2
[Dynamics update] Body[2]: Pos=[0, -1.663457, 0], Rot=[0.35310057, 0.60030365, 0.37317586, 0.6129399], Vel=[0, -0.18770814, 0], AngVel=[-1.9251642, 0, -1.4430301]
[Dynamics update] Body[1]: Pos=[0, 1.663457, 0], Rot=[0.6398895, -0.61490273, 0.000000055893608, -0.4609079], Vel=[0, 0.18770814, 0], AngVel=[1.9251642, 0, 1.4430301]
[Dynamics update] END
[Dynamics update] START step=0.2
[Dynamics update] Body[2]: Pos=[0, -1.7009987, 0], Rot=[0.5416612, 0.56991345, 0.39332733, 0.47654533], Vel=[0, -0.18770814, 0], AngVel=[-1.9251642, 0, -1.4430301]
[Dynamics update] Body[1]: Pos=[0, 1.7009987, 0], Rot=[0.801896, -0.47807133, 0.00000008331837, -0.35834426], Vel=[0, 0.18770814, 0], AngVel=[1.9251642, 0, 1.4430301]
[Dynamics update] END
[Dynamics update] START step=0.2
[Dynamics update] Body[2]: Pos=[0, -1.7385403, 0], Rot=[0.700166, 0.50789976, 0.39165375, 0.3137081], Vel=[0, -0.18770814, 0], AngVel=[-1.9251642, 0, -1.4430301]
[Dynamics update] Body[1]: Pos=[0, 1.7385403, 0], Rot=[0.91940665, -0.3147126, 0.00000010998225, -0.23589674], Vel=[0, 0.18770814, 0], AngVel=[1.9251642, 0, 1.4430301]
[Dynamics update] END
[Dynamics update] START step=0.2
[Dynamics update] Body[2]: Pos=[0, -1.7760819, 0], Rot=[0.8198198, 0.4177036, 0.368248, 0.13346377], Vel=[0, -0.18770814, 0], AngVel=[-1.9251642, 0, -1.4430301]
[Dynamics update] Body[1]: Pos=[0, 1.7760819, 0], Rot=[0.9859011, -0.13389106, 0.00000012504057, -0.10035973], Vel=[0, 0.18770814, 0], AngVel=[1.9251642, 0, 1.4430301]
[Dynamics update] END
[Dynamics update] START step=0.2
[Dynamics update] Body[2]: Pos=[0, -1.8136235, 0], Rot=[0.8939833, 0.3043298, 0.32440877, -0.05418624], Vel=[0, -0.18770814, 0], AngVel=[-1.9251642, 0, -1.4430301]
[Dynamics update] Body[1]: Pos=[0, 1.8136235, 0], Rot=[0.9976897, 0.054359894, 0.00000013605919, 0.040746074], Vel=[0, 0.18770814, 0], AngVel=[1.9251642, 0, 1.4430301]
[Dynamics update] END
[Dynamics update] START step=0.2
[Dynamics update] Body[2]: Pos=[0, -1.8511652, 0], Rot=[0.91854125, 0.17406929, 0.26256868, -0.23882954], Vel=[0, -0.18770814, 0], AngVel=[-1.9251642, 0, -1.4430301]
[Dynamics update] Body[1]: Pos=[0, 1.8511652, 0], Rot=[0.9541182, 0.23959452, 0.00000013952821, 0.17959096], Vel=[0, 0.18770814, 0], AngVel=[1.9251642, 0, 1.4430301]
[Dynamics update] END
[Dynamics update] START step=0.2
[Dynamics update] Body[2]: Pos=[0, -1.8887068, 0], Rot=[0.892131, 0.034149952, 0.18615915, -0.41022062], Vel=[0, -0.18770814, 0], AngVel=[-1.9251642, 0, -1.4430301]
[Dynamics update] Body[1]: Pos=[0, 1.8887068, 0], Rot=[0.8576043, 0.41153443, 0.00000013565712, 0.30847064], Vel=[0, 0.18770814, 0], AngVel=[1.9251642, 0, 1.4430301]
[Dynamics update] END
[Dynamics update] START step=0.2
[Dynamics update] Body[2]: Pos=[0, -1.9262484, 0], Rot=[0.81621784, -0.10766431, 0.09941997, -0.5588493], Vel=[0, -0.18770814, 0], AngVel=[-1.9251642, 0, -1.4430301]
[Dynamics update] Body[1]: Pos=[0, 1.9262484, 0], Rot=[0.71350354, 0.560639, 0.00000012464956, 0.42023382], Vel=[0, 0.18770814, 0], AngVel=[1.9251642, 0, 1.4430301]
[Dynamics update] END
[Dynamics update] START step=0.2
[Dynamics update] Body[2]: Pos=[0, -1.96379, 0], Rot=[0.6950143, -0.24350445, 0.007164152, -0.6764683], Vel=[0, -0.18770814, 0], AngVel=[-1.9251642, 0, -1.4430301]
[Dynamics update] Body[1]: Pos=[0, 1.96379, 0], Rot=[0.52981174, 0.67863476, 0.000000106703524, 0.508679], Vel=[0, 0.18770814, 0], AngVel=[1.9251642, 0, 1.4430301]
[Dynamics update] END
[Dynamics update] START step=0.2
[Dynamics update] Body[2]: Pos=[0, -2.0013318, 0], Rot=[0.5352456, -0.36583295, -0.085489176, -0.7565514], Vel=[0, -0.18770814, 0], AngVel=[-1.9251642, 0, -1.4430301]
[Dynamics update] Body[1]: Pos=[0, 2.0013318, 0], Rot=[0.3167216, 0.7589743, 0.000000082011525, 0.5688985], Vel=[0, 0.18770814, 0], AngVel=[1.9251642, 0, 1.4430301]
[Dynamics update] END
[Dynamics update] START step=0.2
[Dynamics update] Body[2]: Pos=[0, -2.0388734, 0], Rot=[0.34577706, -0.467862, -0.17339888, -0.79465467], Vel=[0, -0.18770814, 0], AngVel=[-1.9251642, 0, -1.4430301]
[Dynamics update] Body[1]: Pos=[0, 2.0388734, 0], Rot=[0.0860571, 0.79719967, 0.000000050760704, 0.59755075], Vel=[0, 0.18770814, 0], AngVel=[1.9251642, 0, 1.4430301]
[Dynamics update] END
[Dynamics update] START step=0.2
[Dynamics update] Body[2]: Pos=[0, -2.076415, 0], Rot=[0.13712199, -0.5439303, -0.251687, -0.7886641], Vel=[0, -0.18770814, 0], AngVel=[-1.9251642, 0, -1.4430301]
[Dynamics update] Body[1]: Pos=[0, 2.076415, 0], Rot=[-0.14938255, 0.7911898, 0.00000002762078, 0.593046], Vel=[0, 0.18770814, 0], AngVel=[1.9251642, 0, 1.4430301]
[Dynamics update] END
[Dynamics update] START step=0.2
[Dynamics update] Body[2]: Pos=[0, -2.1139567, 0], Rot=[-0.079141766, -0.5898168, -0.3160094, -0.7389118], Vel=[0, -0.18770814, 0], AngVel=[-1.9251642, 0, -1.4430301]
[Dynamics update] Body[1]: Pos=[0, 2.1139567, 0], Rot=[-0.3765332, 0.74127823, -0.0000000093648875, 0.5556342], Vel=[0, 0.18770814, 0], AngVel=[1.9251642, 0, 1.4430301]
[Dynamics update] END
[Dynamics update] START step=0.2
[Dynamics update] Body[2]: Pos=[0, -2.1514983, 0], Rot=[-0.29101408, -0.6029754, -0.36279705, -0.6481587], Vel=[0, -0.18770814, 0], AngVel=[-1.9251642, 0, -1.4430301]
[Dynamics update] Body[1]: Pos=[0, 2.1514983, 0], Rot=[-0.58279073, 0.6502344, -0.000000045324423, 0.4873912], Vel=[0, 0.18770814, 0], AngVel=[1.9251642, 0, 1.4430301]
[Dynamics update] END
[Dynamics update] START step=0.2
[Dynamics update] Body[2]: Pos=[0, -2.18904, 0], Rot=[-0.4867385, -0.582676, -0.3894537, -0.5214404], Vel=[0, -0.18770814, 0], AngVel=[-1.9251642, 0, -1.4430301]
[Dynamics update] Body[1]: Pos=[0, 2.18904, 0], Rot=[-0.7567102, 0.5231102, -0.00000008028629, 0.39210373], Vel=[0, 0.18770814, 0], AngVel=[1.9251642, 0, 1.4430301]
[Dynamics update] END
[Dynamics update] START step=0.2
[Dynamics update] Body[2]: Pos=[0, -2.2265816, 0], Rot=[-0.6554547, -0.5300449, -0.39450026, -0.36578822], Vel=[0, -0.18770814, 0], AngVel=[-1.9251642, 0, -1.4430301]
[Dynamics update] Body[1]: Pos=[0, 2.2265816, 0], Rot=[-0.8886412, 0.36695963, -0.00000011427819, 0.27505916], Vel=[0, 0.18770814, 0], AngVel=[1.9251642, 0, 1.4430301]
[Dynamics update] END
[Dynamics update] START step=0.2
[Dynamics update] Body[2]: Pos=[0, -2.2641232, 0], Rot=[-0.78780085, -0.44800258, -0.37765667, -0.18983914], Vel=[0, -0.18770814, 0], AngVel=[-1.9251642, 0, -1.4430301]
[Dynamics update] Body[1]: Pos=[0, 2.2641232, 0], Rot=[-0.971263, 0.19044705, -0.00000014008312, 0.142752], Vel=[0, 0.18770814, 0], AngVel=[1.9251642, 0, 1.4430301]
[Dynamics update] END
[Dynamics update] START step=0.2
[Dynamics update] Body[2]: Pos=[0, -2.3016648, 0], Rot=[-0.8764333, -0.34110135, -0.33985758, -0.0033562155], Vel=[0, -0.18770814, 0], AngVel=[-1.9251642, 0, -1.4430301]
[Dynamics update] Body[1]: Pos=[0, 2.3016648, 0], Rot=[-0.99999106, 0.0033668932, -0.00000016155018, 0.0025237936], Vel=[0, 0.18770814, 0], AngVel=[1.9251642, 0, 1.4430301]
[Dynamics update] END
[Dynamics update] START step=0.2
[Dynamics update] Body[2]: Pos=[0, -2.3392065, 0], Rot=[-0.9164341, -0.21527302, -0.28320044, 0.18331295], Vel=[0, -0.18770814, 0], AngVel=[-1.9251642, 0, -1.4430301]
[Dynamics update] Body[1]: Pos=[0, 2.3392065, 0], Rot=[-0.9732316, -0.18390009, -0.00000017546078, -0.13784447], Vel=[0, 0.18770814, 0], AngVel=[1.9251642, 0, 1.4430301]
[Dynamics update] END
[Dynamics update] START step=0.2
[Dynamics update] Body[2]: Pos=[0, -2.376748, 0], Rot=[-0.9055835, -0.077499546, -0.21082896, 0.3598104], Vel=[0, -0.18770814, 0], AngVel=[-1.9251642, 0, -1.4430301]
[Dynamics update] Body[1]: Pos=[0, 2.376748, 0], Rot=[-0.892469, -0.36096272, -0.00000018145856, -0.27056396], Vel=[0, 0.18770814, 0], AngVel=[1.9251642, 0, 1.4430301]
[Dynamics update] END
[Dynamics update] START step=0.2
[Dynamics update] Body[2]: Pos=[0, -2.4142897, 0], Rot=[-0.8444837, 0.06457422, -0.12675896, 0.51634264], Vel=[0, -0.18770814, 0], AngVel=[-1.9251642, 0, -1.4430301]
[Dynamics update] Body[1]: Pos=[0, 2.4142897, 0], Rot=[-0.76218504, -0.51799625, -0.00000017642417, -0.38827038], Vel=[0, 0.18770814, 0], AngVel=[1.9251642, 0, 1.4430301]
[Dynamics update] END
[Dynamics update] START step=0.2
[Dynamics update] Body[2]: Pos=[0, -2.4518313, 0], Rot=[-0.7365249, 0.20306487, -0.035655323, 0.6442239], Vel=[0, -0.18770814, 0], AngVel=[-1.9251642, 0, -1.4430301]
[Dynamics update] Body[1]: Pos=[0, 2.4518313, 0], Rot=[-0.58960867, -0.646287, -0.00000016428555, -0.48443234], Vel=[0, 0.18770814, 0], AngVel=[1.9251642, 0, 1.4430301]
[Dynamics update] END
[Dynamics update] START step=0.2
[Dynamics update] Body[2]: Pos=[0, -2.489373, 0], Rot=[-0.5876977, 0.3302878, 0.057426773, 0.73635834], Vel=[0, -0.18770814, 0], AngVel=[-1.9251642, 0, -1.4430301]
[Dynamics update] Body[1]: Pos=[0, 2.489373, 0], Rot=[-0.38431597, -0.7387165, -0.00000013799598, -0.553714], Vel=[0, 0.18770814, 0], AngVel=[1.9251642, 0, 1.4430301]
[Dynamics update] END
[Dynamics update] START step=0.2
[Dynamics update] Body[2]: Pos=[0, -2.5269146, 0], Rot=[-0.40626013, 0.43918365, 0.14732236, 0.78763354], Vel=[0, -0.18770814, 0], AngVel=[-1.9251642, 0, -1.4430301]
[Dynamics update] Body[1]: Pos=[0, 2.5269146, 0], Rot=[-0.15769827, -0.7901558, -0.00000010519192, -0.592271], Vel=[0, 0.18770814, 0], AngVel=[1.9251642, 0, 1.4430301]
[Dynamics update] END
[Dynamics update] START step=0.2
[Dynamics update] Body[2]: Pos=[0, -2.5644562, 0], Rot=[-0.20227994, 0.52370995, 0.22904328, 0.7952043], Vel=[0, -0.18770814, 0], AngVel=[-1.9251642, 0, -1.4430301]
[Dynamics update] Body[1]: Pos=[0, 2.5644562, 0], Rot=[0.07766982, -0.79775083, -0.00000007329798, -0.5979639], Vel=[0, 0.18770814, 0], AngVel=[1.9251642, 0, 1.4430301]
[Dynamics update] END
[Dynamics update] START step=0.2
[Dynamics update] Body[2]: Pos=[0, -2.6019979, 0], Rot=[0.012924383, 0.5791765, 0.298055, 0.7586506], Vel=[0, -0.18770814, 0], AngVel=[-1.9251642, 0, -1.4430301]
[Dynamics update] Body[1]: Pos=[0, 2.6019979, 0], Rot=[0.3087282, -0.76108015, -0.000000035045044, -0.57047695], Vel=[0, 0.18770814, 0], AngVel=[1.9251642, 0, 1.4430301]
[Dynamics update] END
[Dynamics update] START step=0.2
[Dynamics update] Body[2]: Pos=[0, -2.6395395, 0], Rot=[0.22741157, 0.60250556, 0.35052818, 0.68000066], Vel=[0, -0.18770814, 0], AngVel=[-1.9251642, 0, -1.4430301]
[Dynamics update] Body[1]: Pos=[0, 2.6395395, 0], Rot=[0.5226558, -0.6821784, -0.000000005097267, -0.51133513], Vel=[0, 0.18770814, 0], AngVel=[1.9251642, 0, 1.4430301]
[Dynamics update] END
[Dynamics update] START step=0.2
[Dynamics update] Body[2]: Pos=[0, -2.677081, 0], Rot=[0.4292801, 0.5924027, 0.3835512, 0.5636188], Vel=[0, -0.18770814, 0], AngVel=[-1.9251642, 0, -1.4430301]
[Dynamics update] Body[1]: Pos=[0, 2.677081, 0], Rot=[0.7075821, -0.56542367, 0.000000016775765, -0.42382026], Vel=[0, 0.18770814, 0], AngVel=[1.9251642, 0, 1.4430301]
[Dynamics update] END
[Dynamics update] START step=0.2
[Dynamics update] Body[2]: Pos=[0, -2.7146227, 0], Rot=[0.6073286, 0.5494284, 0.39529163, 0.4159626], Vel=[0, -0.18770814, 0], AngVel=[-1.9251642, 0, -1.4430301]
[Dynamics update] Body[1]: Pos=[0, 2.7146227, 0], Rot=[0.8532459, -0.41729465, 0.00000004528582, -0.31278837], Vel=[0, 0.18770814, 0], AngVel=[1.9251642, 0, 1.4430301]
[Dynamics update] END
[Dynamics update] START step=0.2
[Dynamics update] Body[2]: Pos=[0, -2.7521644, 0], Rot=[0.7516775, 0.47596732, 0.385098, 0.24522541], Vel=[0, -0.18770814, 0], AngVel=[-1.9251642, 0, -1.4430301]
[Dynamics update] Body[1]: Pos=[0, 2.7521644, 0], Rot=[0.9515646, -0.24601066, 0.00000006938295, -0.18440038], Vel=[0, 0.18770814, 0], AngVel=[1.9251642, 0, 1.4430301]
[Dynamics update] END
[Dynamics update] START step=0.2
[Dynamics update] Body[2]: Pos=[0, -2.789706, 0], Rot=[0.8543172, 0.37609562, 0.35353598, 0.060881097], Vel=[0, -0.18770814, 0], AngVel=[-1.9251642, 0, -1.4430301]
[Dynamics update] Body[1]: Pos=[0, 2.789706, 0], Rot=[0.99708265, -0.061076, 0.00000008918959, -0.04578035], Vel=[0, 0.18770814, 0], AngVel=[1.9251642, 0, 1.4430301]
[Dynamics update] END
[Dynamics update] START step=0.2
[Dynamics update] Body[2]: Pos=[0, -2.8272476, 0], Rot=[0.9095523, 0.25535506, 0.30235684, -0.12684141], Vel=[0, -0.18770814, 0], AngVel=[-1.9251642, 0, -1.4430301]
[Dynamics update] Body[1]: Pos=[0, 2.8272476, 0], Rot=[0.9872743, 0.12724766, 0.00000010482478, 0.09537994], Vel=[0, 0.18770814, 0], AngVel=[1.9251642, 0, 1.4430301]
[Dynamics update] END
[Dynamics update] START step=0.2
[Dynamics update] Body[2]: Pos=[0, -2.8647892, 0], Rot=[0.91431785, 0.1204453, 0.23440047, -0.3075257], Vel=[0, -0.18770814, 0], AngVel=[-1.9251642, 0, -1.4430301]
[Dynamics update] Body[1]: Pos=[0, 2.8647892, 0], Rot=[0.92268395, 0.30851057, 0.00000011640426, 0.23124778], Vel=[0, 0.18770814, 0], AngVel=[1.9251642, 0, 1.4430301]
[Dynamics update] END
[Dynamics update] START step=0.2
[Dynamics update] Body[2]: Pos=[0, -2.9023309, 0], Rot=[0.8683497, -0.021147737, 0.15343764, -0.471146], Vel=[0, -0.18770814, 0], AngVel=[-1.9251642, 0, -1.4430301]
[Dynamics update] Body[1]: Pos=[0, 2.9023309, 0], Rot=[0.8068954, 0.4726548, 0.0000001204186, 0.3542841], Vel=[0, 0.18770814, 0], AngVel=[1.9251642, 0, 1.4430301]
[Dynamics update] END
[Dynamics update] START step=0.2
[Dynamics update] Body[2]: Pos=[0, -2.9398725, 0], Rot=[0.7741982, -0.16156735, 0.063960806, -0.60862315], Vel=[0, -0.18770814, 0], AngVel=[-1.9251642, 0, -1.4430301]
[Dynamics update] Body[1]: Pos=[0, 2.9398725, 0], Rot=[0.6463336, 0.61057216, 0.00000010983382, 0.45766178], Vel=[0, 0.18770814, 0], AngVel=[1.9251642, 0, 1.4430301]
[Dynamics update] END
[Dynamics update] START step=0.2
[Dynamics update] Body[2]: Pos=[0, -2.9774141, 0], Rot=[0.6370878, -0.29302186, -0.029065097, -0.71232885], Vel=[0, -0.18770814, 0], AngVel=[-1.9251642, 0, -1.4430301]
[Dynamics update] Body[1]: Pos=[0, 2.9774141, 0], Rot=[0.449908, 0.71461004, 0.00000009229885, 0.53564465], Vel=[0, 0.18770814, 0], AngVel=[1.9251642, 0, 1.4430301]
[Dynamics update] END
[Dynamics update] START step=0.2
[Dynamics update] Body[2]: Pos=[0, -3.0149558, 0], Rot=[0.46462664, -0.40821713, -0.120478235, -0.77650875], Vel=[0, -0.18770814, 0], AngVel=[-1.9251642, 0, -1.4430301]
[Dynamics update] Body[1]: Pos=[0, 3.0149558, 0], Rot=[0.22851773, 0.7789954, 0.000000075250355, 0.5839055], Vel=[0, 0.18770814, 0], AngVel=[1.9251642, 0, 1.4430301]
[Dynamics update] END
[Dynamics update] START step=0.2
[Dynamics update] Body[2]: Pos=[0, -3.0524974, 0], Rot=[0.26638407, -0.50076115, -0.20520625, -0.7976015], Vel=[0, -0.18770814, 0], AngVel=[-1.9251642, 0, -1.4430301]
[Dynamics update] Body[1]: Pos=[0, 3.0524974, 0], Rot=[-0.0055525578, 0.80015576, 0.00000004418712, 0.59976655], Vel=[0, 0.18770814, 0], AngVel=[1.9251642, 0, 1.4430301]
[Dynamics update] END
[Dynamics update] START step=0.2
[Dynamics update] Body[2]: Pos=[0, -3.090039, 0], Rot=[0.053360336, -0.5655188, -0.2785477, -0.7744368], Vel=[0, -0.18770814, 0], AngVel=[-1.9251642, 0, -1.4430301]
[Dynamics update] Body[1]: Pos=[0, 3.090039, 0], Rot=[-0.23931476, 0.77691686, 0.0000000067418346, 0.5823475], Vel=[0, 0.18770814, 0], AngVel=[1.9251642, 0, 1.4430301]
[Dynamics update] END
[Dynamics update] START step=0.2
[Dynamics update] Body[2]: Pos=[0, -3.1275806, 0], Rot=[-0.16262425, -0.5988968, -0.33643305, -0.7082999], Vel=[0, -0.18770814, 0], AngVel=[-1.9251642, 0, -1.4430301]
[Dynamics update] Body[1]: Pos=[0, 3.1275806, 0], Rot=[-0.4597978, 0.7105682, -0.000000015176823, 0.532615], Vel=[0, 0.18770814, 0], AngVel=[1.9251642, 0, 1.4430301]
[Dynamics update] END
[Dynamics update] START step=0.2
[Dynamics update] Body[2]: Pos=[0, -3.1651223, 0], Rot=[-0.36958513, -0.5990431, -0.37565032, -0.6028607], Vel=[0, -0.18770814, 0], AngVel=[-1.9251642, 0, -1.4430301]
[Dynamics update] Body[1]: Pos=[0, 3.1651223, 0], Rot=[-0.6547675, 0.6047914, -0.0000000292435, 0.45332873], Vel=[0, 0.18770814, 0], AngVel=[1.9251642, 0, 1.4430301]
[Dynamics update] END
[Dynamics update] START step=0.2
[Dynamics update] Body[2]: Pos=[0, -3.202664, 0], Rot=[-0.5560384, -0.5659495, -0.3940234, -0.4639698], Vel=[0, -0.18770814, 0], AngVel=[-1.9251642, 0, -1.4430301]
[Dynamics update] Body[1]: Pos=[0, 3.202664, 0], Rot=[-0.8134052, 0.46545565, -0.000000042919904, 0.34888795], Vel=[0, 0.18770814, 0], AngVel=[1.9251642, 0, 1.4430301]
[Dynamics update] END
[Dynamics update] START step=0.2
[Dynamics update] Body[2]: Pos=[0, -3.2402055, 0], Rot=[-0.71163803, -0.50145245, -0.39053285, -0.2993341], Vel=[0, -0.18770814, 0], AngVel=[-1.9251642, 0, -1.4430301]
[Dynamics update] Body[1]: Pos=[0, 3.2402055, 0], Rot=[-0.9269086, 0.30029273, -0.000000056216876, 0.22508806], Vel=[0, 0.18770814, 0], AngVel=[1.9251642, 0, 1.4430301]
[Dynamics update] END
[Dynamics update] START step=0.2
[Dynamics update] Body[2]: Pos=[0, -3.2777472, 0], Rot=[-0.82775015, -0.4091306, -0.3653723, -0.11808886], Vel=[0, -0.18770814, 0], AngVel=[-1.9251642, 0, -1.4430301]
[Dynamics update] Body[1]: Pos=[0, 3.2777472, 0], Rot=[-0.98897946, 0.11846704, -0.000000061901055, 0.08879841], Vel=[0, 0.18770814, 0], AngVel=[1.9251642, 0, 1.4430301]
[Dynamics update] END
[Dynamics update] START step=0.2
[Dynamics update] Body[2]: Pos=[0, -3.3152888, 0], Rot=[-0.8979318, -0.29410684, -0.31993786, 0.06970894], Vel=[0, -0.18770814, 0], AngVel=[-1.9251642, 0, -1.4430301]
[Dynamics update] Body[1]: Pos=[0, 3.3152888, 0], Rot=[-0.9961735, -0.06993216, -0.00000006199463, -0.05241851], Vel=[0, 0.18770814, 0], AngVel=[1.9251642, 0, 1.4430301]
[Dynamics update] END
[Dynamics update] START step=0.2
[Dynamics update] Body[2]: Pos=[0, -3.3528304, 0], Rot=[-0.9182888, -0.16276361, -0.25675064, 0.2536387], Vel=[0, -0.18770814, 0], AngVel=[-1.9251642, 0, -1.4430301]
[Dynamics update] Body[1]: Pos=[0, 3.3528304, 0], Rot=[-0.94809175, -0.25445095, -0.000000056652716, -0.19072683], Vel=[0, 0.18770814, 0], AngVel=[1.9251642, 0, 1.4430301]
[Dynamics update] END
[Dynamics update] START step=0.2
[Dynamics update] Body[2]: Pos=[0, -3.390372, 0], Rot=[-0.88769174, -0.022388924, -0.1793168, 0.42349455], Vel=[0, -0.18770814, 0], AngVel=[-1.9251642, 0, -1.4430301]
[Dynamics update] Body[1]: Pos=[0, 3.390372, 0], Rot=[-0.847402, -0.4248507, -0.00000004421513, -0.31845203], Vel=[0, 0.18770814, 0], AngVel=[1.9251642, 0, 1.4430301]
[Dynamics update] END
[Dynamics update] START step=0.2
[Dynamics update] Body[2]: Pos=[0, -3.4279137, 0], Rot=[-0.8078381, 0.119228095, -0.09193297, 0.5698514], Vel=[0, -0.18770814, 0], AngVel=[-1.9251642, 0, -1.4430301]
[Dynamics update] Body[1]: Pos=[0, 3.4279137, 0], Rot=[-0.69969136, -0.57167625, -0.00000002850068, -0.42850688], Vel=[0, 0.18770814, 0], AngVel=[1.9251642, 0, 1.4430301]
[Dynamics update] END
[Dynamics update] START step=0.2
[Dynamics update] Body[2]: Pos=[0, -3.4654553, 0], Rot=[-0.68315893, 0.25422934, 0.00055206986, 0.6845882], Vel=[0, -0.18770814, 0], AngVel=[-1.9251642, 0, -1.4430301]
[Dynamics update] Body[1]: Pos=[0, 3.4654553, 0], Rot=[-0.5131561, -0.68678045, -0.000000013222211, -0.51478463], Vel=[0, 0.18770814, 0], AngVel=[1.9251642, 0, 1.4430301]
[Dynamics update] END
[Dynamics update] START step=0.2
[Dynamics update] Body[2]: Pos=[0, -3.502997, 0], Rot=[-0.5205725, 0.37512383, 0.09300648, 0.76133835], Vel=[0, -0.18770814, 0], AngVel=[-1.9251642, 0, -1.4430301]
[Dynamics update] Body[1]: Pos=[0, 3.502997, 0], Rot=[-0.29814678, -0.76377654, 0.0000000016323695, -0.57249796], Vel=[0, 0.18770814, 0], AngVel=[1.9251642, 0, 1.4430301]
[Dynamics update] END
[Dynamics update] START step=0.2
[Dynamics update] Body[2]: Pos=[0, -3.5405385, 0], Rot=[-0.3291004, 0.47520337, 0.18030012, 0.7958432], Vel=[0, -0.18770814, 0], AngVel=[-1.9251642, 0, -1.4430301]
[Dynamics update] Body[1]: Pos=[0, 3.5405385, 0], Rot=[-0.06659377, -0.7983919, 0.000000008830952, -0.59844434], Vel=[0, 0.18770814, 0], AngVel=[1.9251642, 0, 1.4430301]
[Dynamics update] END
[Dynamics update] START step=0.2
[Dynamics update] Body[2]: Pos=[0, -3.5780802, 0], Rot=[-0.11936715, 0.54891473, 0.25758922, 0.7861881], Vel=[0, -0.18770814, 0], AngVel=[-1.9251642, 0, -1.4430301]
[Dynamics update] Body[1]: Pos=[0, 3.5780802, 0], Rot=[0.1686544, -0.7887059, 0.00000003031756, -0.5911841], Vel=[0, 0.18770814, 0], AngVel=[1.9251642, 0, 1.4430301]
[Dynamics update] END
[Dynamics update] START step=0.2
[Dynamics update] Body[2]: Pos=[0, -3.6156218, 0], Rot=[0.09698959, 0.59216785, 0.3205852, 0.7329089], Vel=[0, -0.18770814, 0], AngVel=[-1.9251642, 0, -1.4430301]
[Dynamics update] Body[1]: Pos=[0, 3.6156218, 0], Rot=[0.39454427, -0.7352561, 0.00000004396417, -0.5511201], Vel=[0, 0.18770814, 0], AngVel=[1.9251642, 0, 1.4430301]
[Dynamics update] END
[Dynamics update] START step=0.2
[Dynamics update] Body[2]: Pos=[0, -3.6531634, 0], Rot=[0.3079646, 0.60256255, 0.3657924, 0.6389618], Vel=[0, -0.18770814, 0], AngVel=[-1.9251642, 0, -1.4430301]
[Dynamics update] Body[1]: Pos=[0, 3.6531634, 0], Rot=[0.59854156, -0.64100814, 0.000000049988294, -0.4804754], Vel=[0, 0.18770814, 0], AngVel=[1.9251642, 0, 1.4430301]
[Dynamics update] END
[Dynamics update] START step=0.2
[Dynamics update] Body[2]: Pos=[0, -3.690705, 0], Rot=[0.50185114, 0.5795221, 0.39070237, 0.50955975], Vel=[0, -0.18770814, 0], AngVel=[-1.9251642, 0, -1.4430301]
[Dynamics update] Body[1]: Pos=[0, 3.690705, 0], Rot=[0.7693268, -0.5111918, 0.00000004860141, -0.38316995], Vel=[0, 0.18770814, 0], AngVel=[1.9251642, 0, 1.4430301]
[Dynamics update] END
[Dynamics update] START step=0.2
[Dynamics update] Body[2]: Pos=[0, -3.7282467, 0], Rot=[0.66789085, 0.52432495, 0.39393303, 0.3518832], Vel=[0, -0.18770814, 0], AngVel=[-1.9251642, 0, -1.4430301]
[Dynamics update] Body[1]: Pos=[0, 3.7282467, 0], Rot=[0.89742345, -0.35301027, 0.000000047253007, -0.26460308], Vel=[0, 0.18770814, 0], AngVel=[1.9251642, 0, 1.4430301]
[Dynamics update] END
[Dynamics update] START step=0.2
[Dynamics update] Body[2]: Pos=[0, -3.7657883, 0], Rot=[0.7968705, 0.440034, 0.37530506, 0.17468129], Vel=[0, -0.18770814, 0], AngVel=[-1.9251642, 0, -1.4430301]
[Dynamics update] Body[1]: Pos=[0, 3.7657883, 0], Rot=[0.9757236, -0.17524086, 0.000000042320078, -0.13135386], Vel=[0, 0.18770814, 0], AngVel=[1.9251642, 0, 1.4430301]
[Dynamics update] END
[Dynamics update] START step=0.2
[Dynamics update] Body[2]: Pos=[0, -3.80333, 0], Rot=[0.88163316, 0.3313263, 0.33585203, -0.012213398], Vel=[0, -0.18770814, 0], AngVel=[-1.9251642, 0, -1.4430301]
[Dynamics update] Body[1]: Pos=[0, 3.80333, 0], Rot=[0.9998828, 0.012252344, 0.00000003390208, 0.0091839405], Vel=[0, 0.18770814, 0], AngVel=[1.9251642, 0, 1.4430301]
[Dynamics update] END
[Dynamics update] START step=0.2
[Dynamics update] Body[2]: Pos=[0, -3.8408716, 0], Rot=[0.9174756, 0.2042339, 0.27776316, -0.19843036], Vel=[0, -0.18770814, 0], AngVel=[-1.9251642, 0, -1.4430301]
[Dynamics update] Body[1]: Pos=[0, 3.8408716, 0], Rot=[0.9685601, 0.19906572, 0.000000023906656, 0.14921215], Vel=[0, 0.18770814, 0], AngVel=[1.9251642, 0, 1.4430301]
[Dynamics update] END
[Dynamics update] START step=0.2
[Dynamics update] Body[2]: Pos=[0, -3.8784132, 0], Rot=[0.9024089, 0.06580893, 0.2042617, -0.37363678], Vel=[0, -0.18770814, 0], AngVel=[-1.9251642, 0, -1.4430301]
[Dynamics update] Body[1]: Pos=[0, 3.8784132, 0], Rot=[0.8834936, 0.37483323, 0.000000014188546, 0.2809608], Vel=[0, 0.18770814, 0], AngVel=[1.9251642, 0, 1.4430301]
[Dynamics update] END
[Dynamics update] START step=0.2
[Dynamics update] Body[2]: Pos=[0, -3.9159548, 0], Rot=[0.8372691, -0.07626767, 0.11942613, -0.52811074], Vel=[0, -0.18770814, 0], AngVel=[-1.9251642, 0, -1.4430301]
[Dynamics update] Body[1]: Pos=[0, 3.9159548, 0], Rot=[0.7494038, 0.52980196, 0.0000000065510273, 0.3971195], Vel=[0, 0.18770814, 0], AngVel=[1.9251642, 0, 1.4430301]
[Dynamics update] END
[Dynamics update] START step=0.2
[Dynamics update] Body[2]: Pos=[0, -3.9534965, 0], Rot=[0.72567075, -0.2141123, 0.027963819, -0.6532808], Vel=[0, -0.18770814, 0], AngVel=[-1.9251642, 0, -1.4430301]
[Dynamics update] Body[1]: Pos=[0, 3.9534965, 0], Rot=[0.57373077, 0.6553729, -0.000000000874596, 0.49124268], Vel=[0, 0.18770814, 0], AngVel=[1.9251642, 0, 1.4430301]
[Dynamics update] END
[Dynamics update] START step=0.2
[Dynamics update] Body[2]: Pos=[0, -3.991038, 0], Rot=[0.5738062, -0.34007624, -0.06505017, -0.7422015], Vel=[0, -0.18770814, 0], AngVel=[-1.9251642, 0, -1.4430301]
[Dynamics update] Body[1]: Pos=[0, 3.991038, 0], Rot=[0.36622247, 0.74457836, -0.0000000008503311, 0.5581077], Vel=[0, 0.18770814, 0], AngVel=[1.9251642, 0, 1.4430301]
[Dynamics update] END
[Dynamics update] START step=0.2
[Dynamics update] Body[2]: Pos=[0, -4.0285797, 0], Rot=[0.39010218, -0.44716993, -0.15445463, -0.7899387], Vel=[0, -0.18770814, 0], AngVel=[-1.9251642, 0, -1.4430301]
[Dynamics update] Body[1]: Pos=[0, 4.0285797, 0], Rot=[0.13839312, 0.7924684, -0.0000000008267394, 0.5940043], Vel=[0, 0.18770814, 0], AngVel=[1.9251642, 0, 1.4430301]
[Dynamics update] END
[Dynamics update] START step=0.2
[Dynamics update] Body[2]: Pos=[0, -4.066121, 0], Rot=[0.18475202, -0.52945095, -0.23528868, -0.79384357], Vel=[0, -0.18770814, 0], AngVel=[-1.9251642, 0, -1.4430301]
[Dynamics update] Body[1]: Pos=[0, 4.066121, 0], Rot=[-0.09711541, 0.7963859, -0.000000008047673, 0.5969406], Vel=[0, 0.18770814, 0], AngVel=[1.9251642, 0, 1.4430301]
[Dynamics update] END
[Dynamics update] START step=0.2
[Dynamics update] Body[2]: Pos=[0, -4.1036625, 0], Rot=[-0.03084969, -0.58235365, -0.30306697, -0.7536995], Vel=[0, -0.18770814, 0], AngVel=[-1.9251642, 0, -1.4430301]
[Dynamics update] Body[1]: Pos=[0, 4.1036625, 0], Rot=[-0.3272352, 0.75611335, -0.0000000005805264, 0.5667538], Vel=[0, 0.18770814, 0], AngVel=[1.9251642, 0, 1.4430301]
[Dynamics update] END
[Dynamics update] START step=0.2
[Dynamics update] Body[2]: Pos=[0, -4.141204, 0], Rot=[-0.24473959, -0.6029426, -0.3540286, -0.6717339], Vel=[0, -0.18770814, 0], AngVel=[-1.9251642, 0, -1.4430301]
[Dynamics update] Body[1]: Pos=[0, 4.141204, 0], Rot=[-0.5391972, 0.6738852, 0.000000013923319, 0.5051187], Vel=[0, 0.18770814, 0], AngVel=[1.9251642, 0, 1.4430301]
[Dynamics update] END
ok
test integration_tests::cube_systems_test::dropping_a_cube_on_a_platform ... [NEW_SIMULATION]
[Collisions create_body] Body[1]: Pos=[0, 3, 0], Rot=[1, 0, 0, 0], Vel=[0, -1, 0], AngVel=[0.3, 0.4, 0.5], Shape=Cube{ w=1, h=1, d=1 }
[Collisions create_static_body] Body[2]: Pos=[0, 0, 0], Rot=[1, 0, 0, 0], Vel=[0, 0, 0], AngVel=[0, 0, 0], Shape=Cube{ w=10, h=0.1, d=10 }
[Dynamics update] START step=0.2
[Dynamics update] Body[1]: Pos=[0, 2.78, 0], Rot=[0.99750924, 0.02992528, 0.039900374, 0.049875464], Vel=[0, -1.1, 0], AngVel=[0.3, 0.4, 0.5]
[Dynamics update] END
[Dynamics update] START step=0.2
[Dynamics update] Body[1]: Pos=[0, 2.54, 0], Rot=[0.99004984, 0.059701502, 0.079602, 0.0995025], Vel=[0, -1.2, 0], AngVel=[0.3, 0.4, 0.5]
[Violation] Total energy increased by 0.23500001
[Dynamics update] END
[Dynamics update] START step=0.2
[Dynamics update] Body[1]: Pos=[0, 2.28, 0], Rot=[0.9776584, 0.08918031, 0.118907094, 0.14863387], Vel=[0, -1.3000001, 0], AngVel=[0.3, 0.4, 0.5]
[Violation] Total energy increased by 0.25500005
[Dynamics update] END
[Dynamics update] START step=0.2
[Dynamics update] Body[1]: Pos=[0, 2, 0], Rot=[0.96039706, 0.118214905, 0.15761988, 0.19702485], Vel=[0, -1.4000001, 0], AngVel=[0.3, 0.4, 0.5]
[Violation] Total energy increased by 0.27500004
[Dynamics update] END
[Dynamics update] START step=0.2
[Dynamics update] Body[1]: Pos=[0, 1.6999999, 0], Rot=[0.9383516, 0.14666061, 0.19554749, 0.24443437], Vel=[0, -1.5000001, 0], AngVel=[0.3, 0.4, 0.5]
[Violation] Total energy increased by 0.29500014
[Dynamics update] END
[Dynamics update] START step=0.2
[Dynamics update] Body[1]: Pos=[0, 1.3799999, 0], Rot=[0.91163194, 0.17437577, 0.23250103, 0.2906263], Vel=[0, -1.6000001, 0], AngVel=[0.3, 0.4, 0.5]
[Violation] Total energy increased by 0.315
[Dynamics update] END
[Dynamics update] START step=0.2
[Dynamics update] Body[1]: Pos=[0, 1.0399998, 0], Rot=[0.88037103, 0.2012223, 0.2682964, 0.33537048], Vel=[0, -1.7000002, 0], AngVel=[0.3, 0.4, 0.5]
[Violation] Total energy increased by 0.3350001
[Dynamics update] END
[Dynamics update] START step=0.2
[Dynamics update] Body[1]: Pos=[0, 0.6799998, 0], Rot=[0.84472483, 0.22706649, 0.3027553, 0.37844414], Vel=[0, -1.8000002, 0], AngVel=[0.3, 0.4, 0.5]
[Violation] Total energy increased by 0.35500008
[Dynamics update] END
[Dynamics update] START step=0.2
[Dynamics update] Body[1]: Pos=[0, 1.0039958, 0], Rot=[0.49318084, -0.2651542, 0.50748575, 0.65492296], Vel=[0, -0.14001021, 0], AngVel=[-2.0253866, 0.4, 3.9583087]
[Dynamics update] END
[Dynamics update] START step=0.2
[Dynamics update] Body[1]: Pos=[0, 0.9559937, 0], Rot=[0.14604577, -0.4928413, 0.5067027, 0.69212025], Vel=[0, -0.2400102, 0], AngVel=[-2.0253866, 0.4, 3.9583087]
[Violation] Total energy increased by 0.04300207
[Dynamics update] END
[Dynamics update] START step=0.2
[Dynamics update] Body[1]: Pos=[0, 0.88799167, 0], Rot=[-0.2264616, -0.63490784, 0.41789097, 0.60907656], Vel=[0, -0.3400102, 0], AngVel=[-2.0253866, 0.4, 3.9583087]
[Violation] Total energy increased by 0.06300202
[Dynamics update] END
[Dynamics update] START step=0.2
[Dynamics update] Body[1]: Pos=[0, 0.79998964, 0], Rot=[-0.55962616, -0.6666729, 0.25647968, 0.420219], Vel=[0, -0.4400102, 0], AngVel=[-2.0253866, 0.4, 3.9583087]
[Violation] Total energy increased by 0.08300203
[Dynamics update] END
[Dynamics update] START step=0.2
[Dynamics update] Body[1]: Pos=[0, 0.76901555, 0], Rot=[-0.8269493, -0.53342175, 0.09371359, 0.15110894], Vel=[0, -0.34744024, 0], AngVel=[-2.4113138, 0.4, 3.8406065]
[Dynamics update] END
[Dynamics update] START step=0.2
[Dynamics update] Body[1]: Pos=[0, 0.7031833, 0], Rot=[-0.9177224, -0.34543568, -0.10845389, -0.1633937], Vel=[0, -0.38830084, 0], AngVel=[-2.3220003, 0.4, 3.9241037]
[Violation] Total energy increased by 0.047947526
[Dynamics update] END
[Dynamics update] START step=0.2
[Dynamics update] Body[1]: Pos=[0, 1.2194552, 0], Rot=[-0.96963257, -0.0040093674, -0.20488477, -0.13348718], Vel=[0, 1.0465294, 0], AngVel=[-3.0335388, 0.4, 2.1460202]
[Violation] Total energy increased by 0.21408716
[Dynamics update] END
[Dynamics update] START step=0.2
[Dynamics update] Body[1]: Pos=[0, 1.4087611, 0], Rot=[-0.87490124, 0.30795702, -0.2669875, -0.26158732], Vel=[0, 0.9465294, 0], AngVel=[-3.0335388, 0.4, 2.1460202]
[Dynamics update] END
[Dynamics update] START step=0.2
[Dynamics update] Body[1]: Pos=[0, 1.5780671, 0], Rot=[-0.66943944, 0.58094734, -0.2952994, -0.35658008], Vel=[0, 0.84652936, 0], AngVel=[-3.0335388, 0.4, 2.1460202]
[Dynamics update] END
[Dynamics update] START step=0.2
[Dynamics update] Body[1]: Pos=[0, 1.7273729, 0], Rot=[-0.37925103, 0.78041095, -0.28623718, -0.40644282], Vel=[0, 0.74652934, 0], AngVel=[-3.0335388, 0.4, 2.1460202]
[Dynamics update] END
[Dynamics update] START step=0.2
[Dynamics update] Body[1]: Pos=[0, 1.8566787, 0], Rot=[-0.04106329, 0.88110304, -0.24094778, -0.40486476], Vel=[0, 0.6465293, 0], AngVel=[-3.0335388, 0.4, 2.1460202]
[Dynamics update] END
[Dynamics update] START step=0.2
[Dynamics update] Body[1]: Pos=[0, 1.9659846, 0], Rot=[0.30232158, 0.87027967, -0.1651632, -0.35204563], Vel=[0, 0.5465293, 0], AngVel=[-3.0335388, 0.4, 2.1460202]
[Dynamics update] END
[Dynamics update] START step=0.2
[Dynamics update] Body[1]: Pos=[0, 2.0552905, 0], Rot=[0.6074436, 0.7493107, -0.06847501, -0.25467035], Vel=[0, 0.4465293, 0], AngVel=[-3.0335388, 0.4, 2.1460202]
[Dynamics update] END
[Dynamics update] START step=0.2
[Dynamics update] Body[1]: Pos=[0, 2.1245964, 0], Rot=[0.8356854, 0.53350633, 0.03687961, -0.12506312], Vel=[0, 0.3465293, 0], AngVel=[-3.0335388, 0.4, 2.1460202]
[Dynamics update] END
[Dynamics update] START step=0.2
[Dynamics update] Body[1]: Pos=[0, 2.1739023, 0], Rot=[0.9581599, 0.25017962, 0.13756661, 0.020372508], Vel=[0, 0.24652931, 0], AngVel=[-3.0335388, 0.4, 2.1460202]
[Dynamics update] END
[Dynamics update] START step=0.2
[Dynamics update] Body[1]: Pos=[0, 2.2032082, 0], Rot=[0.9593665, -0.06481064, 0.2208427, 0.16322972], Vel=[0, 0.14652932, 0], AngVel=[-3.0335388, 0.4, 2.1460202]
[Dynamics update] END
[Dynamics update] START step=0.2
[Dynamics update] Body[1]: Pos=[0, 2.2125142, 0], Rot=[0.8391523, -0.37159827, 0.2761682, 0.28542805], Vel=[0, 0.046529315, 0], AngVel=[-3.0335388, 0.4, 2.1460202]
[Dynamics update] END
[Dynamics update] START step=0.2
[Dynamics update] Body[1]: Pos=[0, 2.2018201, 0], Rot=[0.6127321, -0.63135517, 0.29654092, 0.37150156], Vel=[0, -0.053470686, 0], AngVel=[-3.0335388, 0.4, 2.1460202]
[Violation] Total energy increased by 0.0056940317
[Dynamics update] END
[Dynamics update] START step=0.2
[Dynamics update] Body[1]: Pos=[0, 2.171126, 0], Rot=[0.3087624, -0.81120557, 0.27938235, 0.41055658], Vel=[0, -0.1534707, 0], AngVel=[-3.0335388, 0.4, 2.1460202]
[Violation] Total energy increased by 0.025694251
[Dynamics update] END
[Dynamics update] START step=0.2
[Dynamics update] Body[1]: Pos=[0, 2.1204317, 0], Rot=[-0.034285307, -0.88838696, 0.22686417, 0.39765012], Vel=[0, -0.2534707, 0], AngVel=[-3.0335388, 0.4, 2.1460202]
[Violation] Total energy increased by 0.045694113
[Dynamics update] END
[Dynamics update] START step=0.2
[Dynamics update] Body[1]: Pos=[0, 2.0497375, 0], Rot=[-0.3729938, -0.8531311, 0.14563332, 0.33441573], Vel=[0, -0.35347068, 0], AngVel=[-3.0335388, 0.4, 2.1460202]
[Violation] Total energy increased by 0.06569415
[Dynamics update] END
[Dynamics update] START step=0.2
[Dynamics update] Body[1]: Pos=[0, 1.9590433, 0], Rot=[-0.6644949, -0.70989996, 0.045970585, 0.2288565], Vel=[0, -0.45347068, 0], AngVel=[-3.0335388, 0.4, 2.1460202]
[Violation] Total energy increased by 0.085694194
[Dynamics update] END
[Dynamics update] START step=0.2
[Dynamics update] Body[1]: Pos=[0, 1.8483491, 0], Rot=[-0.8718952, -0.47682142, -0.05951034, 0.094332404], Vel=[0, -0.5534707, 0], AngVel=[-3.0335388, 0.4, 2.1460202]
[Violation] Total energy increased by 0.105694115
[Dynamics update] END
[Dynamics update] START step=0.2
[Dynamics update] Body[1]: Pos=[0, 1.717655, 0], Rot=[-0.9689455, -0.18339474, -0.15745944, -0.05213074], Vel=[0, -0.6534707, 0], AngVel=[-3.0335388, 0.4, 2.1460202]
[Violation] Total energy increased by 0.12569416
[Dynamics update] END
[Dynamics update] START step=0.2
[Dynamics update] Body[1]: Pos=[0, 1.5669608, 0], Rot=[-0.9433626, 0.13324301, -0.23547988, -0.19199602], Vel=[0, -0.7534707, 0], AngVel=[-3.0335388, 0.4, 2.1460202]
[Violation] Total energy increased by 0.1456942
[Dynamics update] END
[Dynamics update] START step=0.2
[Dynamics update] Body[1]: Pos=[0, 1.3962667, 0], Rot=[-0.79838455, 0.43301705, -0.28369722, -0.3075616], Vel=[0, -0.85347074, 0], AngVel=[-3.0335388, 0.4, 2.1460202]
[Violation] Total energy increased by 0.16569415
[Dynamics update] END
[Dynamics update] START step=0.2
[Dynamics update] Body[1]: Pos=[0, 1.2055726, 0], Rot=[-0.55236024, 0.67798704, -0.29600888, -0.3842012], Vel=[0, -0.95347077, 0], AngVel=[-3.0335388, 0.4, 2.1460202]
[Violation] Total energy increased by 0.18569413
[Dynamics update] END
[Dynamics update] START step=0.2
[Dynamics update] Body[1]: Pos=[0, 0.9948785, 0], Rot=[-0.23642725, 0.83714855, -0.27085662, -0.41221493], Vel=[0, -1.0534707, 0], AngVel=[-3.0335388, 0.4, 2.1460202]
[Violation] Total energy increased by 0.20569411
[Dynamics update] END
[Dynamics update] START step=0.2
[Dynamics update] Body[1]: Pos=[0, 0.7641843, 0], Rot=[0.1094288, 0.8903577, -0.2114238, -0.3880573], Vel=[0, -1.1534708, 0], AngVel=[-3.0335388, 0.4, 2.1460202]
[Violation] Total energy increased by 0.22569418
[Dynamics update] END
[Dynamics update] START step=0.2
[Dynamics update] Body[1]: Pos=[0, 0.51349014, 0], Rot=[0.4414351, 0.83088005, -0.12523246, -0.31478578], Vel=[0, -1.2534708, 0], AngVel=[-3.0335388, 0.4, 2.1460202]
[Violation] Total energy increased by 0.24569425
[Dynamics update] END
[Dynamics update] START step=0.2
[Dynamics update] Body[1]: Pos=[0, 1.0323296, 0], Rot=[0.73, 0.6573035, 0.1608332, -0.095837235], Vel=[0, 0.6203631, 0], AngVel=[-2.9611652, 0.4, 3.3694003]
[Dynamics update] END
[Dynamics update] START step=0.2
[Dynamics update] Body[1]: Pos=[0, 1.1364021, 0], Rot=[0.8666652, 0.34932417, 0.34933534, 0.06948982], Vel=[0, 0.5203631, 0], AngVel=[-2.9611652, 0.4, 3.3694003]
[Dynamics update] END
[Dynamics update] START step=0.2
[Dynamics update] Body[1]: Pos=[0, 1.2204747, 0], Rot=[0.8504552, -0.020274073, 0.47621658, 0.22255923], Vel=[0, 0.4203631, 0], AngVel=[-2.9611652, 0.4, 3.3694003]
[Dynamics update] END
[Dynamics update] START step=0.2
[Dynamics update] Body[1]: Pos=[0, 1.2845473, 0], Rot=[0.68422943, -0.38629612, 0.5190957, 0.33637035], Vel=[0, 0.3203631, 0], AngVel=[-2.9611652, 0.4, 3.3694003]
[Dynamics update] END
[Dynamics update] START step=0.2
[Dynamics update] Body[1]: Pos=[0, 1.32862, 0], Rot=[0.39730918, -0.6841775, 0.4704091, 0.39084753], Vel=[0, 0.22036311, 0], AngVel=[-2.9611652, 0.4, 3.3694003]
[Dynamics update] END
[Dynamics update] START step=0.2
[Dynamics update] Body[1]: Pos=[0, 1.3526926, 0], Rot=[0.040305648, -0.86137366, 0.3387448, 0.37638128], Vel=[0, 0.12036311, 0], AngVel=[-2.9611652, 0.4, 3.3694003]
[Dynamics update] END
[Dynamics update] START step=0.2
[Dynamics update] Body[1]: Pos=[0, 1.3567653, 0], Rot=[-0.32380763, -0.886628, 0.14732768, 0.29552332], Vel=[0, 0.020363107, 0], AngVel=[-2.9611652, 0.4, 3.3694003]
[Dynamics update] END
[Dynamics update] START step=0.2
[Dynamics update] Body[1]: Pos=[0, 1.3408378, 0], Rot=[-0.63080287, -0.7554858, -0.07007726, 0.1625366], Vel=[0, -0.079636894, 0], AngVel=[-2.9611652, 0.4, 3.3694003]
[Violation] Total energy increased by 0.010927439
[Dynamics update] END
[Dynamics update] START step=0.2
[Dynamics update] Body[1]: Pos=[0, 1.3049104, 0], Rot=[-0.8265279, -0.49107987, -0.27512094, 0.0008793046], Vel=[0, -0.1796369, 0], AngVel=[-2.9611652, 0.4, 3.3694003]
[Violation] Total energy increased by 0.03092736
[Dynamics update] END
[Dynamics update] START step=0.2
[Dynamics update] Body[1]: Pos=[0, 1.248983, 0], Rot=[-0.87645763, -0.14005002, -0.4316347, -0.16093312], Vel=[0, -0.2796369, 0], AngVel=[-2.9611652, 0.4, 3.3694003]
[Violation] Total energy increased by 0.0509274
[Dynamics update] END
[Dynamics update] START step=0.2
[Dynamics update] Body[1]: Pos=[0, 1.1730556, 0], Rot=[-0.77178496, 0.23568387, -0.5120104, -0.2943578], Vel=[0, -0.37963688, 0], AngVel=[-2.9611652, 0.4, 3.3694003]
[Violation] Total energy increased by 0.07092738
[Dynamics update] END
[Dynamics update] START step=0.2
[Dynamics update] Body[1]: Pos=[0, 1.0771283, 0], Rot=[-0.5309734, 0.56984437, -0.5020701, -0.3758593], Vel=[0, -0.47963688, 0], AngVel=[-2.9611652, 0.4, 3.3694003]
[Violation] Total energy increased by 0.09092736
[Dynamics update] END
[Dynamics update] START step=0.2
[Dynamics update] Body[1]: Pos=[0, 0.9612009, 0], Rot=[-0.19650099, 0.80348736, -0.40356737, -0.39106122], Vel=[0, -0.5796369, 0], AngVel=[-2.9611652, 0.4, 3.3694003]
[Violation] Total energy increased by 0.1109274
[Dynamics update] END
[Dynamics update] START step=0.2
[Dynamics update] Body[1]: Pos=[0, 0.8252735, 0], Rot=[0.17263319, 0.89539933, -0.2338774, -0.33728194], Vel=[0, -0.6796369, 0], AngVel=[-2.9611652, 0.4, 3.3694003]
[Violation] Total energy increased by 0.13092738
[Dynamics update] END
[Dynamics update] START step=0.2
[Dynamics update] Body[1]: Pos=[0, 0.6693461, 0], Rot=[0.51131576, 0.82936764, -0.022932706, -0.22400795], Vel=[0, -0.7796369, 0], AngVel=[-2.9611652, 0.4, 3.3694003]
[Violation] Total energy increased by 0.15092742
[Dynamics update] END
[Dynamics update] START step=0.2
[Dynamics update] Body[1]: Pos=[0, 0.22456083, 0], Rot=[0.70387346, 0.6766781, -0.009336372, -0.21582769], Vel=[0, -1.5517817, 0], AngVel=[-2.69189, 0.4, 1.9687735]
[Violation] Total energy increased by 1.122489
[Dynamics update] END
[Dynamics update] START step=0.2
[Dynamics update] Body[1]: Pos=[0, -0.1976906, 0], Rot=[0.81750256, 0.54399014, 0.03279142, -0.18624996], Vel=[0, -1.8815194, 0], AngVel=[-2.1669078, 0.4, 1.3535662]
[Violation] Total energy increased by 0.7771702
[Dynamics update] END
[Dynamics update] START step=0.2
[Dynamics update] Body[1]: Pos=[0, -0.059965014, 0], Rot=[0.93201786, -0.08459145, -0.15486391, -0.31655028], Vel=[0, -0.64644575, 0], AngVel=[-5.0805593, 0.4, -0.40574014]
[Dynamics update] END
[Dynamics update] START step=0.2
[Dynamics update] Body[1]: Pos=[0, -0.59539366, 0], Rot=[0.94366723, -0.24597052, -0.18831259, -0.1163142], Vel=[0, -1.7117944, 0], AngVel=[-3.5286865, 0.4, 0.6671921]
[Violation] Total energy increased by 1.5238882
[Dynamics update] END
[Dynamics update] START step=0.2
[Dynamics update] Body[1]: Pos=[0, -0.20602, 0], Rot=[0.5418905, -0.52087265, 0.029531127, -0.6589191], Vel=[0, 0.06753697, 0], AngVel=[-3.3878682, 0.4, -4.3396025]
[Dynamics update] END
[Dynamics update] START step=0.2
[Dynamics update] Body[1]: Pos=[0, -0.82168335, 0], Rot=[0.3094846, -0.49084198, 0.23826107, -0.77879727], Vel=[0, -1.5553899, 0], AngVel=[-1.5391213, 0.4, -3.9063175]
[Violation] Total energy increased by 1.5151699
[Dynamics update] END
[Dynamics update] START step=0.2
[Dynamics update] Body[1]: Pos=[0, -1.1527613, 0], Rot=[-0.07354199, -0.4390986, 0.2971637, -0.84467614], Vel=[0, -1.6553899, 0], AngVel=[-1.5391213, 0.4, -3.9063175]
[Violation] Total energy increased by 0.32607794
[Dynamics update] END
[Dynamics update] START step=0.2
[Dynamics update] Body[1]: Pos=[0, -1.5038394, 0], Rot=[-0.44500804, -0.31833056, 0.3093533, -0.77777505], Vel=[0, -1.7553899, 0], AngVel=[-1.5391213, 0.4, -3.9063175]
[Violation] Total energy increased by 0.34607816
[Dynamics update] END
[Dynamics update] START step=0.2
[Dynamics update] Body[1]: Pos=[0, -1.8749174, 0], Rot=[-0.7465205, -0.14752215, 0.2729137, -0.5886107], Vel=[0, -1.85539, 0], AngVel=[-1.5391213, 0.4, -3.9063175]
[Violation] Total energy increased by 0.36607814
[Dynamics update] END
[Dynamics update] START step=0.2
[Dynamics update] Body[1]: Pos=[0, -2.2659955, 0], Rot=[-0.9306827, 0.046476178, 0.19357304, -0.3069189], Vel=[0, -1.95539, 0], AngVel=[-1.5391213, 0.4, -3.9063175]
[Violation] Total energy increased by 0.38607788
[Dynamics update] END
[Dynamics update] START step=0.2
[Dynamics update] Body[1]: Pos=[0, -2.6770735, 0], Rot=[-0.968545, 0.23316862, 0.08380345, 0.023019454], Vel=[0, -2.05539, 0], AngVel=[-1.5391213, 0.4, -3.9063175]
[Violation] Total energy increased by 0.40607786
[Dynamics update] END
[Dynamics update] START step=0.2
[Dynamics update] Body[1]: Pos=[0, -3.1081514, 0], Rot=[-0.85415566, 0.3832078, -0.039139707, 0.3493392], Vel=[0, -2.1553898, 0], AngVel=[-1.5391213, 0.4, -3.9063175]
[Violation] Total energy increased by 0.42607784
[Dynamics update] END
[Dynamics update] START step=0.2
[Dynamics update] Body[1]: Pos=[0, -3.5592294, 0], Rot=[-0.6054963, 0.47300816, -0.15593025, 0.62074417], Vel=[0, -2.2553897, 0], AngVel=[-1.5391213, 0.4, -3.9063175]
[Violation] Total energy increased by 0.44607735
[Dynamics update] END
[Dynamics update] START step=0.2
[Dynamics update] Body[1]: Pos=[0, -4.0303073, 0], Rot=[-0.2616551, 0.4884534, -0.24820912, 0.7945704], Vel=[0, -2.3553896, 0], AngVel=[-1.5391213, 0.4, -3.9063175]
[Violation] Total energy increased by 0.4660778
[Dynamics update] END
[Dynamics update] START step=0.2
[Dynamics update] Body[1]: Pos=[0, -4.521385, 0], Rot=[0.123317294, 0.42711562, -0.30147046, 0.84349316], Vel=[0, -2.4553895, 0], AngVel=[-1.5391213, 0.4, -3.9063175]
[Violation] Total energy increased by 0.48607826
[Dynamics update] END
[Dynamics update] START step=0.2
[Dynamics update] Body[1]: Pos=[0, -5.032463, 0], Rot=[0.48890465, 0.29863682, -0.30734172, 0.7598219], Vel=[0, -2.5553894, 0], AngVel=[-1.5391213, 0.4, -3.9063175]
[Violation] Total energy increased by 0.5060773
[Dynamics update] END
[Dynamics update] START step=0.2
[Dynamics update] Body[1]: Pos=[0, -5.563541, 0], Rot=[0.7776381, 0.12321347, -0.26490006, 0.5567095], Vel=[0, -2.6553893, 0], AngVel=[-1.5391213, 0.4, -3.9063175]
[Violation] Total energy increased by 0.52607775
[Dynamics update] END
[Dynamics update] START step=0.2
[Dynamics update] Body[1]: Pos=[0, -6.114619, 0], Rot=[0.94412965, -0.07157861, -0.18081708, 0.26608443], Vel=[0, -2.7553892, 0], AngVel=[-1.5391213, 0.4, -3.9063175]
[Violation] Total energy increased by 0.5460777
[Dynamics update] END
[Dynamics update] START step=0.2
[Dynamics update] Body[1]: Pos=[0, -6.6856966, 0], Rot=[0.96220756, -0.2551188, -0.068310335, -0.06636812], Vel=[0, -2.855389, 0], AngVel=[-1.5391213, 0.4, -3.9063175]
[Violation] Total energy increased by 0.56607723
[Dynamics update] END
[Dynamics update] START step=0.2
[Dynamics update] Body[1]: Pos=[0, -7.2767744, 0], Rot=[0.82903004, -0.39855522, 0.054934546, -0.3883878], Vel=[0, -2.955389, 0], AngVel=[-1.5391213, 0.4, -3.9063175]
[Violation] Total energy increased by 0.5860777
[Dynamics update] END
[Dynamics update] START step=0.2
[Dynamics update] Body[1]: Pos=[0, -7.887852, 0], Rot=[0.56553215, -0.4793403, 0.16954394, -0.64935446], Vel=[0, -3.055389, 0], AngVel=[-1.5391213, 0.4, -3.9063175]
[Violation] Total energy increased by 0.6060772
[Dynamics update] END
[Dynamics update] START step=0.2
[Dynamics update] Body[1]: Pos=[0, -8.51893, 0], Rot=[0.21313463, -0.48477486, 0.25750163, -0.80824494], Vel=[0, -3.1553888, 0], AngVel=[-1.5391213, 0.4, -3.9063175]
[Violation] Total energy increased by 0.6260786
[Dynamics update] END
[Dynamics update] START step=0.2
[Dynamics update] Body[1]: Pos=[0, -9.170008, 0], Rot=[-0.17276683, -0.41400462, 0.30498108, -0.8400824], Vel=[0, -3.2553887, 0], AngVel=[-1.5391213, 0.4, -3.9063175]
[Violation] Total energy increased by 0.6460762
[Dynamics update] END
[Dynamics update] START step=0.2
[Dynamics update] Body[1]: Pos=[0, -9.841085, 0], Rot=[-0.53151, -0.27815437, 0.3045186, -0.73986197], Vel=[0, -3.3553886, 0], AngVel=[-1.5391213, 0.4, -3.9063175]
[Violation] Total energy increased by 0.6660776
[Dynamics update] END
[Dynamics update] START step=0.2
[Dynamics update] Body[1]: Pos=[0, -10.532164, 0], Rot=[-0.8067018, -0.09857928, 0.25618693, -0.52333796], Vel=[0, -3.4553885, 0], AngVel=[-1.5391213, 0.4, -3.9063175]
[Violation] Total energy increased by 0.6860781
[Dynamics update] END
[Dynamics update] START step=0.2
[Dynamics update] Body[1]: Pos=[0, -11.243241, 0], Rot=[-0.9550831, 0.0964921, 0.16758367, -0.22454724], Vel=[0, -3.5553885, 0], AngVel=[-1.5391213, 0.4, -3.9063175]
[Violation] Total energy increased by 0.7060776
[Dynamics update] END
[Dynamics update] START step=0.2
[Dynamics update] Body[1]: Pos=[0, -11.974319, 0], Rot=[-0.95332867, 0.27639526, 0.052636847, 0.10954151], Vel=[0, -3.6553884, 0], AngVel=[-1.5391213, 0.4, -3.9063175]
[Violation] Total energy increased by 0.7260771
[Dynamics update] END
[Dynamics update] START step=0.2
[Dynamics update] Body[1]: Pos=[0, -12.725397, 0], Rot=[-0.8017147, 0.41285014, -0.070584275, 0.4264107], Vel=[0, -3.7553883, 0], AngVel=[-1.5391213, 0.4, -3.9063175]
[Violation] Total energy increased by 0.74607754
[Dynamics update] END
[Dynamics update] START step=0.2
[Dynamics update] Body[1]: Pos=[0, -13.496475, 0], Rot=[-0.52407414, 0.48440656, -0.18270983, 0.6762498], Vel=[0, -3.8553882, 0], AngVel=[-1.5391213, 0.4, -3.9063175]
[Violation] Total energy increased by 0.76607704
[Dynamics update] END
[Dynamics update] START step=0.2
[Dynamics update] Body[1]: Pos=[0, -14.287553, 0], Rot=[-0.16405101, 0.47981596, -0.26611406, 0.8197849], Vel=[0, -3.955388, 0], AngVel=[-1.5391213, 0.4, -3.9063175]
[Violation] Total energy increased by 0.7860775
[Dynamics update] END
[Dynamics update] START step=0.2
[Dynamics update] Body[1]: Pos=[0, -15.098631, 0], Rot=[0.22176029, 0.39980015, -0.30768615, 0.8344528], Vel=[0, -4.055388, 0], AngVel=[-1.5391213, 0.4, -3.9063175]
[Violation] Total energy increased by 0.806077
[Dynamics update] END
[Dynamics update] START step=0.2
[Dynamics update] Body[1]: Pos=[0, -15.9297085, 0], Rot=[0.57271165, 0.2569372, -0.30089113, 0.71794784], Vel=[0, -4.155388, 0], AngVel=[-1.5391213, 0.4, -3.9063175]
[Violation] Total energy increased by 0.82607746
[Dynamics update] END
[Dynamics update] START step=0.2
[Dynamics update] Body[1]: Pos=[0, -16.780787, 0], Rot=[0.833635, 0.07368472, -0.24679716, 0.4885842], Vel=[0, -4.255388, 0], AngVel=[-1.5391213, 0.4, -3.9063175]
[Violation] Total energy increased by 0.8460789
[Dynamics update] END
[Dynamics update] START step=0.2
[Dynamics update] Body[1]: Pos=[0, -17.651863, 0], Rot=[0.9635139, -0.121150754, -0.15390757, 0.1824169], Vel=[0, -4.3553877, 0], AngVel=[-1.5391213, 0.4, -3.9063175]
[Violation] Total energy increased by 0.8660755
[Dynamics update] END
[Dynamics update] START step=0.2
[Dynamics update] Body[1]: Pos=[0, -18.54294, 0], Rot=[0.9419321, -0.29694176, -0.03682428, -0.15242563], Vel=[0, -4.4553876, 0], AngVel=[-1.5391213, 0.4, -3.9063175]
[Violation] Total energy increased by 0.886076
[Dynamics update] END
[Dynamics update] START step=0.2
[Dynamics update] Body[1]: Pos=[0, -19.454018, 0], Rot=[0.77228194, -0.42605463, 0.08604763, -0.4633074], Vel=[0, -4.5553875, 0], AngVel=[-1.5391213, 0.4, -3.9063175]
[Violation] Total energy increased by 0.90607834
[Dynamics update] END
[Dynamics update] START step=0.2
[Dynamics update] Body[1]: Pos=[0, -20.385096, 0], Rot=[0.48123208, -0.48819333, 0.19539317, -0.70135903], Vel=[0, -4.6553874, 0], AngVel=[-1.5391213, 0.4, -3.9063175]
[Violation] Total energy increased by 0.9260769
[Dynamics update] END
[Dynamics update] START step=0.2
[Dynamics update] Body[1]: Pos=[0, -21.336174, 0], Rot=[0.11453429, -0.47358984, 0.27402362, -0.82915956], Vel=[0, -4.7553873, 0], AngVel=[-1.5391213, 0.4, -3.9063175]
[Violation] Total energy increased by 0.94607735
[Dynamics update] END
[Dynamics update] START step=0.2
[Dynamics update] Body[1]: Pos=[0, -22.307251, 0], Rot=[-0.2701679, -0.3845398, 0.3095786, -0.8266194], Vel=[0, -4.855387, 0], AngVel=[-1.5391213, 0.4, -3.9063175]
[Violation] Total energy increased by 0.9660759
[Dynamics update] END
[Dynamics update] START step=0.2
[Dynamics update] Body[1]: Pos=[0, -23.298328, 0], Rot=[-0.61240065, -0.23504154, 0.29646894, -0.69413763], Vel=[0, -4.955387, 0], AngVel=[-1.5391213, 0.4, -3.9063175]
[Violation] Total energy increased by 0.98607635
[Dynamics update] END
[Dynamics update] START step=0.2
[Dynamics update] Body[1]: Pos=[0, -24.309406, 0], Rot=[-0.8583664, -0.048595637, 0.2367555, -0.4525401], Vel=[0, -5.055387, 0], AngVel=[-1.5391213, 0.4, -3.9063175]
[Violation] Total energy increased by 1.0060787
[Dynamics update] END
[Dynamics update] START step=0.2
[Dynamics update] Body[1]: Pos=[0, -25.340485, 0], Rot=[-0.9694, 0.14548932, 0.13982497, -0.13980487], Vel=[0, -5.155387, 0], AngVel=[-1.5391213, 0.4, -3.9063175]
[Violation] Total energy increased by 1.0260773
[Dynamics update] END
[Dynamics update] START step=0.2
[Dynamics update] Body[1]: Pos=[0, -26.391562, 0], Rot=[-0.92804766, 0.3167039, 0.02091449, 0.19490714], Vel=[0, -5.255387, 0], AngVel=[-1.5391213, 0.4, -3.9063175]
[Violation] Total energy increased by 1.0460758
[Dynamics update] END
[Dynamics update] START step=0.2
[Dynamics update] Body[1]: Pos=[0, -27.462639, 0], Rot=[-0.7408096, 0.43813378, -0.10128366, 0.49898046], Vel=[0, -5.3553867, 0], AngVel=[-1.5391213, 0.4, -3.9063175]
[Violation] Total energy increased by 1.0660782
[Dynamics update] END
[Dynamics update] START step=0.2
[Dynamics update] Body[1]: Pos=[0, -28.553717, 0], Rot=[-0.4371191, 0.4906907, -0.2075604, 0.724616], Vel=[0, -5.4553866, 0], AngVel=[-1.5391213, 0.4, -3.9063175]
[Violation] Total energy increased by 1.0860767
[Dynamics update] END
[Dynamics update] START step=0.2
[Dynamics update] Body[1]: Pos=[0, -29.664795, 0], Rot=[-0.06471503, 0.46611288, -0.2812094, 0.8363445], Vel=[0, -5.5553865, 0], AngVel=[-1.5391213, 0.4, -3.9063175]
[Violation] Total energy increased by 1.1060772
[Dynamics update] END
[Dynamics update] START step=0.2
[Dynamics update] Body[1]: Pos=[0, -30.795872, 0], Rot=[0.31786197, 0.3682638, -0.31065336, 0.8166027], Vel=[0, -5.6553864, 0], AngVel=[-1.5391213, 0.4, -3.9063175]
[Violation] Total energy increased by 1.1260757
[Dynamics update] END
ok
test unit_tests::collisions::narrowphase::gjk_epa_implementation_test::almost_colliding_edge_to_edge ... ok
test unit_tests::collisions::narrowphase::gjk_epa_implementation_test::almost_colliding_edge_to_face ... ok
test unit_tests::collisions::narrowphase::gjk_epa_implementation_test::almost_colliding_face_to_face ... ok
test unit_tests::collisions::narrowphase::gjk_epa_implementation_test::almost_colliding_vertex_to_face ... ok
test unit_tests::collisions::narrowphase::gjk_epa_implementation_test::almost_colliding_vertex_to_vertex ... ok
test unit_tests::collisions::narrowphase::gjk_epa_implementation_test::colliding_edge_to_edge ... CONTACT FACE
CONTACT FACE
ok
test unit_tests::collisions::narrowphase::gjk_epa_implementation_test::colliding_edge_to_face ... CONTACT FACE
CONTACT EDGE
ok
test unit_tests::collisions::narrowphase::gjk_epa_implementation_test::colliding_face_to_face ... CONTACT FACE
CONTACT EDGE
ok
test unit_tests::collisions::narrowphase::gjk_epa_implementation_test::colliding_vertex_to_face ... CONTACT FACE
ok
test unit_tests::collisions::narrowphase::gjk_epa_implementation_test::colliding_vertex_to_vertex ... CONTACT FACE
CONTACT FACE
ok
test unit_tests::collisions::simple_collisions_test::creating_a_rigid_body ... ok
test unit_tests::collisions::simple_collisions_test::finding_a_body_with_a_handle ... ok
test unit_tests::collisions::simple_collisions_test::iterating_over_bodies ... ok
test unit_tests::collisions::simple_collisions_test::mutably_finding_a_body_with_a_handle ... ok
test unit_tests::collisions::simple_collisions_test::mutably_iterating_over_bodies ... ok
test unit_tests::core::state_test::chaining_with_angular_velocity ... ok
test unit_tests::core::state_test::chaining_with_position ... ok
test unit_tests::core::state_test::chaining_with_rotation ... ok
test unit_tests::core::state_test::chaining_with_velocity ... ok
test unit_tests::core::state_test::instantiating_as_stationary ... ok
test unit_tests::core::state_test::instantiating_with_position ... ok
test unit_tests::core::state_test::instantiating_with_rotation ... ok
test unit_tests::core::state_test::setting_the_angular_velocity_with_scalar_components ... ok
test unit_tests::core::state_test::setting_the_position_with_a_vector ... ok
test unit_tests::core::state_test::setting_the_position_with_scalar_components ... ok
test unit_tests::core::state_test::setting_the_rotation_with_scalar_components ... ok
test unit_tests::core::state_test::setting_the_velocity_with_scalar_components ... ok
test unit_tests::core::state_test::setting_velocity_with_a_vector ... ok
test unit_tests::core::state_test::transforming_a_direction_with_only_rotation ... ok
test unit_tests::core::state_test::transforming_a_direction_with_only_translation ... ok
test unit_tests::core::state_test::transforming_a_direction_with_translation_and_rotation ... ok
test unit_tests::core::state_test::transforming_a_point_with_both_translation_and_rotation ... ok
test unit_tests::core::state_test::transforming_a_point_with_only_rotation ... ok
test unit_tests::core::state_test::transforming_a_point_with_only_translation ... ok
test unit_tests::dynamics::simple_dynamics_test::defining_gravity ... ok
test unit_tests::dynamics::simple_dynamics_test::moving_after_a_collision_without_rotation ... [Collisions create_body] Body[1]: Pos=[0, 0, 0], Rot=[1, 0, 0, 0], Vel=[0, 0, 0], AngVel=[0, 0, 0], Shape=Cube{ w=1, h=1, d=1 }
[Collisions create_body] Body[2]: Pos=[1.3560255, 0, 0], Rot=[0.88807386, 0, 0.32505757, -0.32505757], Vel=[-1, 0, 0], AngVel=[0, 0, 0], Shape=Cube{ w=1, h=1, d=1 }
[Dynamics update] START step=0.2
CONTACT FACE
[Dynamics update] Body[1]: Pos=[-0.4, 0, 0], Rot=[1, 0, 0.00000007152558, -0.00000007152558], Vel=[-1, 0, 0], AngVel=[0, 0.00000035762787, -0.00000035762787]
[Dynamics update] Body[2]: Pos=[1.5560255, 0, 0], Rot=[0.8880739, 0, 0.3250575, -0.3250575], Vel=[0, 0, 0], AngVel=[0, -0.00000035762787, 0.00000035762787]
[Dynamics update] END
ok
test unit_tests::dynamics::simple_dynamics_test::moving_at_constant_velocity ... [Collisions create_body] Body[1]: Pos=[0, 0, 0], Rot=[1, 0, 0, 0], Vel=[1, -1, 0.5], AngVel=[0, 0, 0], Shape=Cube{ w=1, h=1, d=1 }
[Dynamics update] START step=0.3
[Dynamics update] Body[1]: Pos=[0.3, -0.3, 0.15], Rot=[1, 0, 0, 0], Vel=[1, -1, 0.5], AngVel=[0, 0, 0]
[Dynamics update] END
ok
test unit_tests::dynamics::simple_dynamics_test::moving_at_constant_velocity_with_gravity ... [Collisions create_body] Body[1]: Pos=[0, 0, 0], Rot=[1, 0, 0, 0], Vel=[1, -1, 0.5], AngVel=[0, 0, 0], Shape=Cube{ w=1, h=1, d=1 }
[Dynamics update] START step=0.2
[Dynamics update] Body[1]: Pos=[0.32000002, -0.28, 0.26], Rot=[1, 0, 0, 0], Vel=[1.6, -1.4, 1.3], AngVel=[0, 0, 0]
[Dynamics update] END
ok
test unit_tests::materials::rigid_test::computing_the_density ... ok
test unit_tests::materials::rigid_test::computing_the_mass ... ok
test unit_tests::materials::rigid_test::determining_equality ... ok
test unit_tests::materials::rigid_test::instantiating_with_parameters ... ok
test unit_tests::math::matrix_test::adding_a_matrix ... ok
test unit_tests::math::matrix_test::computing_the_determinant ... ok
test unit_tests::math::matrix_test::computing_the_inverse ... ok
test unit_tests::math::matrix_test::dividing_by_a_scalar ... ok
test unit_tests::math::matrix_test::getting_elements_by_element_position ... ok
test unit_tests::math::matrix_test::instantiating_as_a_diagonal_matrix ... ok
test unit_tests::math::matrix_test::instantiating_as_a_skew_matrix ... ok
test unit_tests::math::matrix_test::instantiating_as_the_identity_matrix ... ok
test unit_tests::math::matrix_test::instantiating_from_a_slice ... ok
test unit_tests::math::matrix_test::instantiating_from_axis_angle ... ok
test unit_tests::math::matrix_test::instantiating_with_components ... ok
test unit_tests::math::matrix_test::multiplying_by_a_matrix ... ok
test unit_tests::math::matrix_test::multiplying_by_a_scalar ... ok
test unit_tests::math::matrix_test::multiplying_by_a_vector ... ok
test unit_tests::math::matrix_test::negating ... ok
test unit_tests::math::matrix_test::setting_by_index ... ok
test unit_tests::math::matrix_test::subtrating_by_a_matrix ... ok
test unit_tests::math::quaternion_test::adding_with_scalar_components ... ok
test unit_tests::math::quaternion_test::cloning ... ok
test unit_tests::math::quaternion_test::computing_the_inverse ... ok
test unit_tests::math::quaternion_test::computing_the_length ... ok
test unit_tests::math::quaternion_test::computing_the_normalized_quaternion ... ok
test unit_tests::math::quaternion_test::computing_the_squared_length ... ok
test unit_tests::math::quaternion_test::dividing_by_a_scalar ... ok
test unit_tests::math::quaternion_test::instantiating_as_the_identity_rotation ... ok
test unit_tests::math::quaternion_test::instantiating_from_a_vector ... ok
test unit_tests::math::quaternion_test::instantiating_from_axis_angle ... ok
test unit_tests::math::quaternion_test::instantiating_with_components ... ok
test unit_tests::math::quaternion_test::multiplication_with_scalar_components ... ok
test unit_tests::math::quaternion_test::multiplying_by_a_scalar ... ok
test unit_tests::math::quaternion_test::multiplying_with_a_quaternion ... ok
test unit_tests::math::quaternion_test::negating ... ok
test unit_tests::math::quaternion_test::setting_by_index ... ok
test unit_tests::math::quaternion_test::subtracting_by_a_quaternion ... ok
test unit_tests::math::quaternion_test::subtracting_by_scalar_components ... ok
test unit_tests::math::vector_test::adding_a_vector ... ok
test unit_tests::math::vector_test::adding_with_scalar_components ... ok
test unit_tests::math::vector_test::cloning ... ok
test unit_tests::math::vector_test::computing_distance_between_vectors ... ok
test unit_tests::math::vector_test::computing_the_cross_product ... ok
test unit_tests::math::vector_test::computing_the_inner_product ... ok
test unit_tests::math::vector_test::computing_the_normalized_vector ... ok
test unit_tests::math::vector_test::computing_the_outer_product ... ok
test unit_tests::math::vector_test::computing_the_squared_length ... ok
test unit_tests::math::vector_test::computing_the_vector_length ... ok
test unit_tests::math::vector_test::dereferencing_elements_by_index ... ok
test unit_tests::math::vector_test::instantiating_as_a_zero_vector ... ok
test unit_tests::math::vector_test::instantiating_with_components ... ok
test unit_tests::math::vector_test::multiplying_by_a_scalar ... ok
test unit_tests::math::vector_test::mutably_dereferencing_elements_by_index ... ok
test unit_tests::math::vector_test::negating ... ok
test unit_tests::math::vector_test::rotating_by_a_quaternion ... ok
test unit_tests::math::vector_test::subtracting_by_a_vector ... ok
test unit_tests::math::vector_test::subtracting_by_scalar_components ... ok
test unit_tests::shapes::primitives::cube_test::computing_the_number_of_vertices ... ok
test unit_tests::shapes::primitives::cube_test::computing_the_support_indices ... ok
test unit_tests::shapes::primitives::cube_test::computing_the_volume ... ok
test unit_tests::shapes::primitives::cube_test::determining_equality ... ok
test unit_tests::shapes::primitives::cube_test::instantiating_with_dimensions ... ok

test result: ok. 103 passed; 0 failed; 0 ignored; 0 measured

     Running target/debug/mach-ac1e1063e1f331be

running 0 tests

test result: ok. 0 passed; 0 failed; 0 ignored; 0 measured

   Doc-tests mach

running 3 tests
test maths::matrix::fmt_0 ... ignored
test maths::quaternion::fmt_0 ... ignored
test maths::vector::fmt_0 ... ignored

test result: ok. 0 passed; 0 failed; 3 ignored; 0 measured

